<!DOCTYPE html>
<html>
  <head>
    <meta charset="utf-8"/>
    <title id="head-title">report.html</title>
      <style type="text/css">body {
  font-family: Helvetica, Arial, sans-serif;
  font-size: 12px;
  /* do not increase min-width as some may use split screens */
  min-width: 800px;
  color: #999;
}

h1 {
  font-size: 24px;
  color: black;
}

h2 {
  font-size: 16px;
  color: black;
}

p {
  color: black;
}

a {
  color: #999;
}

table {
  border-collapse: collapse;
}

/******************************
 * SUMMARY INFORMATION
 ******************************/
#environment td {
  padding: 5px;
  border: 1px solid #e6e6e6;
  vertical-align: top;
}
#environment tr:nth-child(odd) {
  background-color: #f6f6f6;
}
#environment ul {
  margin: 0;
  padding: 0 20px;
}

/******************************
 * TEST RESULT COLORS
 ******************************/
span.passed,
.passed .col-result {
  color: green;
}

span.skipped,
span.xfailed,
span.rerun,
.skipped .col-result,
.xfailed .col-result,
.rerun .col-result {
  color: orange;
}

span.error,
span.failed,
span.xpassed,
.error .col-result,
.failed .col-result,
.xpassed .col-result {
  color: red;
}

.col-links__extra {
  margin-right: 3px;
}

/******************************
 * RESULTS TABLE
 *
 * 1. Table Layout
 * 2. Extra
 * 3. Sorting items
 *
 ******************************/
/*------------------
 * 1. Table Layout
 *------------------*/
#results-table {
  border: 1px solid #e6e6e6;
  color: #999;
  font-size: 12px;
  width: 100%;
}
#results-table th,
#results-table td {
  padding: 5px;
  border: 1px solid #e6e6e6;
  text-align: left;
}
#results-table th {
  font-weight: bold;
}

/*------------------
 * 2. Extra
 *------------------*/
.logwrapper {
  max-height: 230px;
  overflow-y: scroll;
  background-color: #e6e6e6;
}
.logwrapper.expanded {
  max-height: none;
}
.logwrapper.expanded .logexpander:after {
  content: "collapse [-]";
}
.logwrapper .logexpander {
  z-index: 1;
  position: sticky;
  top: 10px;
  width: max-content;
  border: 1px solid;
  border-radius: 3px;
  padding: 5px 7px;
  margin: 10px 0 10px calc(100% - 80px);
  cursor: pointer;
  background-color: #e6e6e6;
}
.logwrapper .logexpander:after {
  content: "expand [+]";
}
.logwrapper .logexpander:hover {
  color: #000;
  border-color: #000;
}
.logwrapper .log {
  min-height: 40px;
  position: relative;
  top: -50px;
  height: calc(100% + 50px);
  border: 1px solid #e6e6e6;
  color: black;
  display: block;
  font-family: "Courier New", Courier, monospace;
  padding: 5px;
  padding-right: 80px;
  white-space: pre-wrap;
}

div.media {
  border: 1px solid #e6e6e6;
  float: right;
  height: 240px;
  margin: 0 5px;
  overflow: hidden;
  width: 320px;
}

.media-container {
  display: grid;
  grid-template-columns: 25px auto 25px;
  align-items: center;
  flex: 1 1;
  overflow: hidden;
  height: 200px;
}

.media-container--fullscreen {
  grid-template-columns: 0px auto 0px;
}

.media-container__nav--right,
.media-container__nav--left {
  text-align: center;
  cursor: pointer;
}

.media-container__viewport {
  cursor: pointer;
  text-align: center;
  height: inherit;
}
.media-container__viewport img,
.media-container__viewport video {
  object-fit: cover;
  width: 100%;
  max-height: 100%;
}

.media__name,
.media__counter {
  display: flex;
  flex-direction: row;
  justify-content: space-around;
  flex: 0 0 25px;
  align-items: center;
}

.collapsible td:not(.col-links) {
  cursor: pointer;
}
.collapsible td:not(.col-links):hover::after {
  color: #bbb;
  font-style: italic;
  cursor: pointer;
}

.col-result {
  width: 130px;
}
.col-result:hover::after {
  content: " (hide details)";
}

.col-result.collapsed:hover::after {
  content: " (show details)";
}

#environment-header h2:hover::after {
  content: " (hide details)";
  color: #bbb;
  font-style: italic;
  cursor: pointer;
  font-size: 12px;
}

#environment-header.collapsed h2:hover::after {
  content: " (show details)";
  color: #bbb;
  font-style: italic;
  cursor: pointer;
  font-size: 12px;
}

/*------------------
 * 3. Sorting items
 *------------------*/
.sortable {
  cursor: pointer;
}
.sortable.desc:after {
  content: " ";
  position: relative;
  left: 5px;
  bottom: -12.5px;
  border: 10px solid #4caf50;
  border-bottom: 0;
  border-left-color: transparent;
  border-right-color: transparent;
}
.sortable.asc:after {
  content: " ";
  position: relative;
  left: 5px;
  bottom: 12.5px;
  border: 10px solid #4caf50;
  border-top: 0;
  border-left-color: transparent;
  border-right-color: transparent;
}

.hidden, .summary__reload__button.hidden {
  display: none;
}

.summary__data {
  flex: 0 0 550px;
}
.summary__reload {
  flex: 1 1;
  display: flex;
  justify-content: center;
}
.summary__reload__button {
  flex: 0 0 300px;
  display: flex;
  color: white;
  font-weight: bold;
  background-color: #4caf50;
  text-align: center;
  justify-content: center;
  align-items: center;
  border-radius: 3px;
  cursor: pointer;
}
.summary__reload__button:hover {
  background-color: #46a049;
}
.summary__spacer {
  flex: 0 0 550px;
}

.controls {
  display: flex;
  justify-content: space-between;
}

.filters,
.collapse {
  display: flex;
  align-items: center;
}
.filters button,
.collapse button {
  color: #999;
  border: none;
  background: none;
  cursor: pointer;
  text-decoration: underline;
}
.filters button:hover,
.collapse button:hover {
  color: #ccc;
}

.filter__label {
  margin-right: 10px;
}

      </style>
    
  </head>
  <body>
    <h1 id="title">report.html</h1>
    <p>Report generated on 25-Sep-2025 at 19:55:19 by <a href="https://pypi.python.org/pypi/pytest-html">pytest-html</a>
        v4.1.1</p>
    <div id="environment-header">
      <h2>Environment</h2>
    </div>
    <table id="environment"></table>
    <!-- TEMPLATES -->
      <template id="template_environment_row">
      <tr>
        <td></td>
        <td></td>
      </tr>
    </template>
    <template id="template_results-table__body--empty">
      <tbody class="results-table-row">
        <tr id="not-found-message">
          <td colspan="4">No results found. Check the filters.</th>
        </tr>
    </template>
    <template id="template_results-table__tbody">
      <tbody class="results-table-row">
        <tr class="collapsible">
        </tr>
        <tr class="extras-row">
          <td class="extra" colspan="4">
            <div class="extraHTML"></div>
            <div class="media">
              <div class="media-container">
                  <div class="media-container__nav--left"><</div>
                  <div class="media-container__viewport">
                    <img src="" />
                    <video controls>
                      <source src="" type="video/mp4">
                    </video>
                  </div>
                  <div class="media-container__nav--right">></div>
                </div>
                <div class="media__name"></div>
                <div class="media__counter"></div>
            </div>
            <div class="logwrapper">
              <div class="logexpander"></div>
              <div class="log"></div>
            </div>
          </td>
        </tr>
      </tbody>
    </template>
    <!-- END TEMPLATES -->
    <div class="summary">
      <div class="summary__data">
        <h2>Summary</h2>
        <div class="additional-summary prefix">
        </div>
        <p class="run-count">38 tests took 00:01:35.</p>
        <p class="filter">(Un)check the boxes to filter the results.</p>
        <div class="summary__reload">
          <div class="summary__reload__button hidden" onclick="location.reload()">
            <div>There are still tests running. <br />Reload this page to get the latest results!</div>
          </div>
        </div>
        <div class="summary__spacer"></div>
        <div class="controls">
          <div class="filters">
            <input checked="true" class="filter" name="filter_checkbox" type="checkbox" data-test-result="failed" />
            <span class="failed">26 Failed,</span>
            <input checked="true" class="filter" name="filter_checkbox" type="checkbox" data-test-result="passed" />
            <span class="passed">12 Passed,</span>
            <input checked="true" class="filter" name="filter_checkbox" type="checkbox" data-test-result="skipped" disabled/>
            <span class="skipped">0 Skipped,</span>
            <input checked="true" class="filter" name="filter_checkbox" type="checkbox" data-test-result="xfailed" disabled/>
            <span class="xfailed">0 Expected failures,</span>
            <input checked="true" class="filter" name="filter_checkbox" type="checkbox" data-test-result="xpassed" disabled/>
            <span class="xpassed">0 Unexpected passes,</span>
            <input checked="true" class="filter" name="filter_checkbox" type="checkbox" data-test-result="error" disabled/>
            <span class="error">0 Errors,</span>
            <input checked="true" class="filter" name="filter_checkbox" type="checkbox" data-test-result="rerun" disabled/>
            <span class="rerun">0 Reruns</span>
          </div>
          <div class="collapse">
            <button id="show_all_details">Show all details</button>&nbsp;/&nbsp;<button id="hide_all_details">Hide all details</button>
          </div>
        </div>
      </div>
      <div class="additional-summary summary">
      </div>
      <div class="additional-summary postfix">
      </div>
    </div>
    <table id="results-table">
      <thead id="results-table-head">
        <tr>
          <th class="sortable" data-column-type="result">Result</th>
          <th class="sortable" data-column-type="testId">Test</th>
          <th class="sortable" data-column-type="duration">Duration</th>
          <th>Links</th>
        </tr>
      </thead>
    </table>
  </body>
  <footer>
    <div id="data-container" data-jsonblob="{&#34;environment&#34;: {&#34;Python&#34;: &#34;3.13.3&#34;, &#34;Platform&#34;: &#34;Windows-10-10.0.19045-SP0&#34;, &#34;Packages&#34;: {&#34;pytest&#34;: &#34;8.4.2&#34;, &#34;pluggy&#34;: &#34;1.6.0&#34;}, &#34;Plugins&#34;: {&#34;html&#34;: &#34;4.1.1&#34;, &#34;metadata&#34;: &#34;3.1.1&#34;}}, &#34;tests&#34;: {&#34;api/test_api.py::test_get_all_products&#34;: [{&#34;extras&#34;: [], &#34;result&#34;: &#34;Passed&#34;, &#34;testId&#34;: &#34;api/test_api.py::test_get_all_products&#34;, &#34;duration&#34;: &#34;00:00:01&#34;, &#34;resultsTableRow&#34;: [&#34;&lt;td class=\&#34;col-result\&#34;&gt;Passed&lt;/td&gt;&#34;, &#34;&lt;td class=\&#34;col-testId\&#34;&gt;api/test_api.py::test_get_all_products&lt;/td&gt;&#34;, &#34;&lt;td class=\&#34;col-duration\&#34;&gt;00:00:01&lt;/td&gt;&#34;, &#34;&lt;td class=\&#34;col-links\&#34;&gt;&lt;/td&gt;&#34;], &#34;log&#34;: &#34;No log output captured.&#34;}], &#34;api/test_api.py::test_get_product_detail&#34;: [{&#34;extras&#34;: [], &#34;result&#34;: &#34;Failed&#34;, &#34;testId&#34;: &#34;api/test_api.py::test_get_product_detail&#34;, &#34;duration&#34;: &#34;667 ms&#34;, &#34;resultsTableRow&#34;: [&#34;&lt;td class=\&#34;col-result\&#34;&gt;Failed&lt;/td&gt;&#34;, &#34;&lt;td class=\&#34;col-testId\&#34;&gt;api/test_api.py::test_get_product_detail&lt;/td&gt;&#34;, &#34;&lt;td class=\&#34;col-duration\&#34;&gt;667 ms&lt;/td&gt;&#34;, &#34;&lt;td class=\&#34;col-links\&#34;&gt;&lt;/td&gt;&#34;], &#34;log&#34;: &#34;def test_get_product_detail():\n        response = get_product_detail(1)\n&amp;gt;       assert response.status_code == 200\nE       assert 404 == 200\nE        +  where 404 = &amp;lt;Response [404]&amp;gt;.status_code\n\napi\\test_api.py:11: AssertionError\n&#34;}], &#34;api/test_api.py::test_search_products&#34;: [{&#34;extras&#34;: [], &#34;result&#34;: &#34;Failed&#34;, &#34;testId&#34;: &#34;api/test_api.py::test_search_products&#34;, &#34;duration&#34;: &#34;653 ms&#34;, &#34;resultsTableRow&#34;: [&#34;&lt;td class=\&#34;col-result\&#34;&gt;Failed&lt;/td&gt;&#34;, &#34;&lt;td class=\&#34;col-testId\&#34;&gt;api/test_api.py::test_search_products&lt;/td&gt;&#34;, &#34;&lt;td class=\&#34;col-duration\&#34;&gt;653 ms&lt;/td&gt;&#34;, &#34;&lt;td class=\&#34;col-links\&#34;&gt;&lt;/td&gt;&#34;], &#34;log&#34;: &#34;def test_search_products():\n        response = search_products(&amp;quot;Tshirt&amp;quot;)\n        assert response.status_code == 200\n&amp;gt;       assert &amp;quot;products&amp;quot; in response.text\nE       assert &amp;#x27;products&amp;#x27; in &amp;#x27;{&amp;quot;responseCode&amp;quot;: 405, &amp;quot;message&amp;quot;: &amp;quot;This request method is not supported.&amp;quot;}&amp;#x27;\nE        +  where &amp;#x27;{&amp;quot;responseCode&amp;quot;: 405, &amp;quot;message&amp;quot;: &amp;quot;This request method is not supported.&amp;quot;}&amp;#x27; = &amp;lt;Response [200]&amp;gt;.text\n\napi\\test_api.py:17: AssertionError\n&#34;}], &#34;api/test_api.py::test_get_all_brands&#34;: [{&#34;extras&#34;: [], &#34;result&#34;: &#34;Passed&#34;, &#34;testId&#34;: &#34;api/test_api.py::test_get_all_brands&#34;, &#34;duration&#34;: &#34;00:00:01&#34;, &#34;resultsTableRow&#34;: [&#34;&lt;td class=\&#34;col-result\&#34;&gt;Passed&lt;/td&gt;&#34;, &#34;&lt;td class=\&#34;col-testId\&#34;&gt;api/test_api.py::test_get_all_brands&lt;/td&gt;&#34;, &#34;&lt;td class=\&#34;col-duration\&#34;&gt;00:00:01&lt;/td&gt;&#34;, &#34;&lt;td class=\&#34;col-links\&#34;&gt;&lt;/td&gt;&#34;], &#34;log&#34;: &#34;No log output captured.&#34;}], &#34;api/test_api.py::test_get_all_categories&#34;: [{&#34;extras&#34;: [], &#34;result&#34;: &#34;Failed&#34;, &#34;testId&#34;: &#34;api/test_api.py::test_get_all_categories&#34;, &#34;duration&#34;: &#34;00:00:01&#34;, &#34;resultsTableRow&#34;: [&#34;&lt;td class=\&#34;col-result\&#34;&gt;Failed&lt;/td&gt;&#34;, &#34;&lt;td class=\&#34;col-testId\&#34;&gt;api/test_api.py::test_get_all_categories&lt;/td&gt;&#34;, &#34;&lt;td class=\&#34;col-duration\&#34;&gt;00:00:01&lt;/td&gt;&#34;, &#34;&lt;td class=\&#34;col-links\&#34;&gt;&lt;/td&gt;&#34;], &#34;log&#34;: &#34;def test_get_all_categories():\n        response = get_all_categories()\n&amp;gt;       assert response.status_code == 200\nE       assert 404 == 200\nE        +  where 404 = &amp;lt;Response [404]&amp;gt;.status_code\n\napi\\test_api.py:26: AssertionError\n&#34;}], &#34;tests/test_auth.py::test_register_user&#34;: [{&#34;extras&#34;: [], &#34;result&#34;: &#34;Failed&#34;, &#34;testId&#34;: &#34;tests/test_auth.py::test_register_user&#34;, &#34;duration&#34;: &#34;00:00:07&#34;, &#34;resultsTableRow&#34;: [&#34;&lt;td class=\&#34;col-result\&#34;&gt;Failed&lt;/td&gt;&#34;, &#34;&lt;td class=\&#34;col-testId\&#34;&gt;tests/test_auth.py::test_register_user&lt;/td&gt;&#34;, &#34;&lt;td class=\&#34;col-duration\&#34;&gt;00:00:07&lt;/td&gt;&#34;, &#34;&lt;td class=\&#34;col-links\&#34;&gt;&lt;/td&gt;&#34;], &#34;log&#34;: &#34;driver = &amp;lt;selenium.webdriver.chrome.webdriver.WebDriver (session=&amp;quot;4da612c8890fe83859423ce44830f494&amp;quot;)&amp;gt;, random_email = &amp;#x27;autouser_c45d159d@example.com&amp;#x27;\n\n    def test_register_user(driver, random_email):\n        open_homepage(driver)\n        signup(driver, &amp;quot;Test User&amp;quot;, random_email, &amp;quot;TestPassword123!&amp;quot;)\n&amp;gt;       assert &amp;quot;ACCOUNT CREATED!&amp;quot; in driver.page_source\nE       assert &amp;#x27;ACCOUNT CREATED!&amp;#x27; in &amp;#x27;&amp;lt;html lang=&amp;quot;en&amp;quot;&amp;gt;&amp;lt;head&amp;gt;\\n   &amp;lt;meta charset=&amp;quot;utf-8&amp;quot;&amp;gt;\\n    &amp;lt;meta name=&amp;quot;viewport&amp;quot; content=&amp;quot;width=device-width, initial-sca...top&amp;quot; style=&amp;quot;position: fixed; z-index: 2147483647; opacity: 0.100158;&amp;quot;&amp;gt;&amp;lt;i class=&amp;quot;fa fa-angle-up&amp;quot;&amp;gt;&amp;lt;/i&amp;gt;&amp;lt;/a&amp;gt;&amp;lt;/body&amp;gt;&amp;lt;/html&amp;gt;&amp;#x27;\nE        +  where &amp;#x27;&amp;lt;html lang=&amp;quot;en&amp;quot;&amp;gt;&amp;lt;head&amp;gt;\\n   &amp;lt;meta charset=&amp;quot;utf-8&amp;quot;&amp;gt;\\n    &amp;lt;meta name=&amp;quot;viewport&amp;quot; content=&amp;quot;width=device-width, initial-sca...top&amp;quot; style=&amp;quot;position: fixed; z-index: 2147483647; opacity: 0.100158;&amp;quot;&amp;gt;&amp;lt;i class=&amp;quot;fa fa-angle-up&amp;quot;&amp;gt;&amp;lt;/i&amp;gt;&amp;lt;/a&amp;gt;&amp;lt;/body&amp;gt;&amp;lt;/html&amp;gt;&amp;#x27; = &amp;lt;selenium.webdriver.chrome.webdriver.WebDriver (session=&amp;quot;4da612c8890fe83859423ce44830f494&amp;quot;)&amp;gt;.page_source\n\ntests\\test_auth.py:7: AssertionError\n\n---------------------------- Captured stdout setup -----------------------------\nOpen browser session\n&#34;}], &#34;tests/test_auth.py::test_login_user_correct&#34;: [{&#34;extras&#34;: [], &#34;result&#34;: &#34;Failed&#34;, &#34;testId&#34;: &#34;tests/test_auth.py::test_login_user_correct&#34;, &#34;duration&#34;: &#34;00:00:03&#34;, &#34;resultsTableRow&#34;: [&#34;&lt;td class=\&#34;col-result\&#34;&gt;Failed&lt;/td&gt;&#34;, &#34;&lt;td class=\&#34;col-testId\&#34;&gt;tests/test_auth.py::test_login_user_correct&lt;/td&gt;&#34;, &#34;&lt;td class=\&#34;col-duration\&#34;&gt;00:00:03&lt;/td&gt;&#34;, &#34;&lt;td class=\&#34;col-links\&#34;&gt;&lt;/td&gt;&#34;], &#34;log&#34;: &#34;driver = &amp;lt;selenium.webdriver.chrome.webdriver.WebDriver (session=&amp;quot;4da612c8890fe83859423ce44830f494&amp;quot;)&amp;gt;\ntest_user = {&amp;#x27;email&amp;#x27;: &amp;#x27;validuser@example.com&amp;#x27;, &amp;#x27;name&amp;#x27;: &amp;#x27;Test User&amp;#x27;, &amp;#x27;password&amp;#x27;: &amp;#x27;TestPassword123!&amp;#x27;}\n\n    def test_login_user_correct(driver, test_user):\n        open_homepage(driver)\n        login(driver, test_user[&amp;quot;email&amp;quot;], test_user[&amp;quot;password&amp;quot;])\n&amp;gt;       assert &amp;quot;Logged in as&amp;quot; in driver.page_source\nE       assert &amp;#x27;Logged in as&amp;#x27; in &amp;#x27;&amp;lt;html lang=&amp;quot;en&amp;quot;&amp;gt;&amp;lt;head&amp;gt;\\n   &amp;lt;meta charset=&amp;quot;utf-8&amp;quot;&amp;gt;\\n    &amp;lt;meta name=&amp;quot;viewport&amp;quot; content=&amp;quot;width=device-width, initial-sca...omposed&amp;quot; href=&amp;quot;/static/images/ico/apple-touch-icon-57-precomposed.png&amp;quot;&amp;gt;\\n\\n\\t\\n\\n&amp;lt;/head&amp;gt;\\n\\n&amp;lt;body&amp;gt;\\n\\n\\t&amp;lt;/body&amp;gt;&amp;lt;/html&amp;gt;&amp;#x27;\nE        +  where &amp;#x27;&amp;lt;html lang=&amp;quot;en&amp;quot;&amp;gt;&amp;lt;head&amp;gt;\\n   &amp;lt;meta charset=&amp;quot;utf-8&amp;quot;&amp;gt;\\n    &amp;lt;meta name=&amp;quot;viewport&amp;quot; content=&amp;quot;width=device-width, initial-sca...omposed&amp;quot; href=&amp;quot;/static/images/ico/apple-touch-icon-57-precomposed.png&amp;quot;&amp;gt;\\n\\n\\t\\n\\n&amp;lt;/head&amp;gt;\\n\\n&amp;lt;body&amp;gt;\\n\\n\\t&amp;lt;/body&amp;gt;&amp;lt;/html&amp;gt;&amp;#x27; = &amp;lt;selenium.webdriver.chrome.webdriver.WebDriver (session=&amp;quot;4da612c8890fe83859423ce44830f494&amp;quot;)&amp;gt;.page_source\n\ntests\\test_auth.py:12: AssertionError\n&#34;}], &#34;tests/test_auth.py::test_login_user_incorrect&#34;: [{&#34;extras&#34;: [], &#34;result&#34;: &#34;Failed&#34;, &#34;testId&#34;: &#34;tests/test_auth.py::test_login_user_incorrect&#34;, &#34;duration&#34;: &#34;00:00:03&#34;, &#34;resultsTableRow&#34;: [&#34;&lt;td class=\&#34;col-result\&#34;&gt;Failed&lt;/td&gt;&#34;, &#34;&lt;td class=\&#34;col-testId\&#34;&gt;tests/test_auth.py::test_login_user_incorrect&lt;/td&gt;&#34;, &#34;&lt;td class=\&#34;col-duration\&#34;&gt;00:00:03&lt;/td&gt;&#34;, &#34;&lt;td class=\&#34;col-links\&#34;&gt;&lt;/td&gt;&#34;], &#34;log&#34;: &#34;driver = &amp;lt;selenium.webdriver.chrome.webdriver.WebDriver (session=&amp;quot;4da612c8890fe83859423ce44830f494&amp;quot;)&amp;gt;\n\n    def test_login_user_incorrect(driver):\n        open_homepage(driver)\n        login(driver, &amp;quot;wronguser@example.com&amp;quot;, &amp;quot;wrongpass&amp;quot;)\n&amp;gt;       assert &amp;quot;Your email or password is incorrect!&amp;quot; in driver.page_source\nE       assert &amp;#x27;Your email or password is incorrect!&amp;#x27; in &amp;#x27;&amp;lt;html lang=&amp;quot;en&amp;quot;&amp;gt;&amp;lt;head&amp;gt;\\n   &amp;lt;meta charset=&amp;quot;utf-8&amp;quot;&amp;gt;\\n    &amp;lt;meta name=&amp;quot;viewport&amp;quot; content=&amp;quot;width=device-width, initial-sca...omposed&amp;quot; href=&amp;quot;/static/images/ico/apple-touch-icon-57-precomposed.png&amp;quot;&amp;gt;\\n\\n\\t\\n\\n&amp;lt;/head&amp;gt;\\n\\n&amp;lt;body&amp;gt;\\n\\n\\t&amp;lt;/body&amp;gt;&amp;lt;/html&amp;gt;&amp;#x27;\nE        +  where &amp;#x27;&amp;lt;html lang=&amp;quot;en&amp;quot;&amp;gt;&amp;lt;head&amp;gt;\\n   &amp;lt;meta charset=&amp;quot;utf-8&amp;quot;&amp;gt;\\n    &amp;lt;meta name=&amp;quot;viewport&amp;quot; content=&amp;quot;width=device-width, initial-sca...omposed&amp;quot; href=&amp;quot;/static/images/ico/apple-touch-icon-57-precomposed.png&amp;quot;&amp;gt;\\n\\n\\t\\n\\n&amp;lt;/head&amp;gt;\\n\\n&amp;lt;body&amp;gt;\\n\\n\\t&amp;lt;/body&amp;gt;&amp;lt;/html&amp;gt;&amp;#x27; = &amp;lt;selenium.webdriver.chrome.webdriver.WebDriver (session=&amp;quot;4da612c8890fe83859423ce44830f494&amp;quot;)&amp;gt;.page_source\n\ntests\\test_auth.py:17: AssertionError\n&#34;}], &#34;tests/test_auth.py::test_logout_user&#34;: [{&#34;extras&#34;: [], &#34;result&#34;: &#34;Failed&#34;, &#34;testId&#34;: &#34;tests/test_auth.py::test_logout_user&#34;, &#34;duration&#34;: &#34;00:00:02&#34;, &#34;resultsTableRow&#34;: [&#34;&lt;td class=\&#34;col-result\&#34;&gt;Failed&lt;/td&gt;&#34;, &#34;&lt;td class=\&#34;col-testId\&#34;&gt;tests/test_auth.py::test_logout_user&lt;/td&gt;&#34;, &#34;&lt;td class=\&#34;col-duration\&#34;&gt;00:00:02&lt;/td&gt;&#34;, &#34;&lt;td class=\&#34;col-links\&#34;&gt;&lt;/td&gt;&#34;], &#34;log&#34;: &#34;driver = &amp;lt;selenium.webdriver.chrome.webdriver.WebDriver (session=&amp;quot;4da612c8890fe83859423ce44830f494&amp;quot;)&amp;gt;\ntest_user = {&amp;#x27;email&amp;#x27;: &amp;#x27;validuser@example.com&amp;#x27;, &amp;#x27;name&amp;#x27;: &amp;#x27;Test User&amp;#x27;, &amp;#x27;password&amp;#x27;: &amp;#x27;TestPassword123!&amp;#x27;}\n\n    def test_logout_user(driver, test_user):\n        open_homepage(driver)\n        login(driver, test_user[&amp;quot;email&amp;quot;], test_user[&amp;quot;password&amp;quot;])\n&amp;gt;       logout(driver)\n\ntests\\test_auth.py:22: \n_ _ _ _ _ _ _ _ _ _ _ _ _ _ _ _ _ _ _ _ _ _ _ _ _ _ _ _ _ _ _ _ _ _ _ _ _ _ _ _ _ _ _ _ _ _ _ _ _ _ _ _ _ _ _ _ _ _ _ _ _ _ _ _ _ _ _ _ _ _ _ _ _ _ _ _ _ _ _ _ \nutils\\selenium_helpers.py:51: in logout\n    driver.find_element(By.LINK_TEXT, &amp;quot;Logout&amp;quot;).click()\n    ^^^^^^^^^^^^^^^^^^^^^^^^^^^^^^^^^^^^^^^^^^^\nvenv\\Lib\\site-packages\\selenium\\webdriver\\remote\\webdriver.py:926: in find_element\n    return self.execute(Command.FIND_ELEMENT, {&amp;quot;using&amp;quot;: by, &amp;quot;value&amp;quot;: value})[&amp;quot;value&amp;quot;]\n           ^^^^^^^^^^^^^^^^^^^^^^^^^^^^^^^^^^^^^^^^^^^^^^^^^^^^^^^^^^^^^^^^^\nvenv\\Lib\\site-packages\\selenium\\webdriver\\remote\\webdriver.py:458: in execute\n    self.error_handler.check_response(response)\n_ _ _ _ _ _ _ _ _ _ _ _ _ _ _ _ _ _ _ _ _ _ _ _ _ _ _ _ _ _ _ _ _ _ _ _ _ _ _ _ _ _ _ _ _ _ _ _ _ _ _ _ _ _ _ _ _ _ _ _ _ _ _ _ _ _ _ _ _ _ _ _ _ _ _ _ _ _ _ _ \n\nself = &amp;lt;selenium.webdriver.remote.errorhandler.ErrorHandler object at 0x00000200BFCC81A0&amp;gt;\nresponse = {&amp;#x27;status&amp;#x27;: 404, &amp;#x27;value&amp;#x27;: &amp;#x27;{&amp;quot;value&amp;quot;:{&amp;quot;error&amp;quot;:&amp;quot;no such element&amp;quot;,&amp;quot;message&amp;quot;:&amp;quot;no such element: Unable to locate element: {\\...ff7caf110a8+11064]\\\\n\\\\tBaseThreadInitThunk [0x0x7ffe49ed7374+20]\\\\n\\\\tRtlUserThreadStart [0x0x7ffe4a1bcc91+33]\\\\n&amp;quot;}}&amp;#x27;}\n\n    def check_response(self, response: dict[str, Any]) -&amp;gt; None:\n        &amp;quot;&amp;quot;&amp;quot;Checks that a JSON response from the WebDriver does not have an\n        error.\n    \n        :Args:\n         - response - The JSON response from the WebDriver server as a dictionary\n           object.\n    \n        :Raises: If the response contains an error message.\n        &amp;quot;&amp;quot;&amp;quot;\n        status = response.get(&amp;quot;status&amp;quot;, None)\n        if not status or status == ErrorCode.SUCCESS:\n            return\n        value = None\n        message = response.get(&amp;quot;message&amp;quot;, &amp;quot;&amp;quot;)\n        screen: str = response.get(&amp;quot;screen&amp;quot;, &amp;quot;&amp;quot;)\n        stacktrace = None\n        if isinstance(status, int):\n            value_json = response.get(&amp;quot;value&amp;quot;, None)\n            if value_json and isinstance(value_json, str):\n                try:\n                    value = json.loads(value_json)\n                    if isinstance(value, dict):\n                        if len(value) == 1:\n                            value = value[&amp;quot;value&amp;quot;]\n                        status = value.get(&amp;quot;error&amp;quot;, None)\n                        if not status:\n                            status = value.get(&amp;quot;status&amp;quot;, ErrorCode.UNKNOWN_ERROR)\n                            message = value.get(&amp;quot;value&amp;quot;) or value.get(&amp;quot;message&amp;quot;)\n                            if not isinstance(message, str):\n                                value = message\n                                message = message.get(&amp;quot;message&amp;quot;)\n                        else:\n                            message = value.get(&amp;quot;message&amp;quot;, None)\n                except ValueError:\n                    pass\n    \n        exception_class: type[WebDriverException]\n        e = ErrorCode()\n        error_codes = [item for item in dir(e) if not item.startswith(&amp;quot;__&amp;quot;)]\n        for error_code in error_codes:\n            error_info = getattr(ErrorCode, error_code)\n            if isinstance(error_info, list) and status in error_info:\n                exception_class = getattr(ExceptionMapping, error_code, WebDriverException)\n                break\n        else:\n            exception_class = WebDriverException\n    \n        if not value:\n            value = response[&amp;quot;value&amp;quot;]\n        if isinstance(value, str):\n            raise exception_class(value)\n        if message == &amp;quot;&amp;quot; and &amp;quot;message&amp;quot; in value:\n            message = value[&amp;quot;message&amp;quot;]\n    \n        screen = None  # type: ignore[assignment]\n        if &amp;quot;screen&amp;quot; in value:\n            screen = value[&amp;quot;screen&amp;quot;]\n    \n        stacktrace = None\n        st_value = value.get(&amp;quot;stackTrace&amp;quot;) or value.get(&amp;quot;stacktrace&amp;quot;)\n        if st_value:\n            if isinstance(st_value, str):\n                stacktrace = st_value.split(&amp;quot;\\n&amp;quot;)\n            else:\n                stacktrace = []\n                try:\n                    for frame in st_value:\n                        line = frame.get(&amp;quot;lineNumber&amp;quot;, &amp;quot;&amp;quot;)\n                        file = frame.get(&amp;quot;fileName&amp;quot;, &amp;quot;&amp;lt;anonymous&amp;gt;&amp;quot;)\n                        if line:\n                            file = f&amp;quot;{file}:{line}&amp;quot;\n                        meth = frame.get(&amp;quot;methodName&amp;quot;, &amp;quot;&amp;lt;anonymous&amp;gt;&amp;quot;)\n                        if &amp;quot;className&amp;quot; in frame:\n                            meth = f&amp;quot;{frame[&amp;#x27;className&amp;#x27;]}.{meth}&amp;quot;\n                        msg = &amp;quot;    at %s (%s)&amp;quot;\n                        msg = msg % (meth, file)\n                        stacktrace.append(msg)\n                except TypeError:\n                    pass\n        if exception_class == UnexpectedAlertPresentException:\n            alert_text = None\n            if &amp;quot;data&amp;quot; in value:\n                alert_text = value[&amp;quot;data&amp;quot;].get(&amp;quot;text&amp;quot;)\n            elif &amp;quot;alert&amp;quot; in value:\n                alert_text = value[&amp;quot;alert&amp;quot;].get(&amp;quot;text&amp;quot;)\n            raise exception_class(message, screen, stacktrace, alert_text)  # type: ignore[call-arg]  # mypy is not smart enough here\n&amp;gt;       raise exception_class(message, screen, stacktrace)\nE       selenium.common.exceptions.NoSuchElementException: Message: no such element: Unable to locate element: {&amp;quot;method&amp;quot;:&amp;quot;link text&amp;quot;,&amp;quot;selector&amp;quot;:&amp;quot;Logout&amp;quot;}\nE         (Session info: chrome=140.0.7339.128); For documentation on this error, please visit: https://www.selenium.dev/documentation/webdriver/troubleshooting/errors#nosuchelementexception\nE       Stacktrace:\nE       \tGetHandleVerifier [0x0x7ff7caf21eb5+80197]\nE       \tGetHandleVerifier [0x0x7ff7caf21f10+80288]\nE       \t(No symbol) [0x0x7ff7caca02fa]\nE       \t(No symbol) [0x0x7ff7cacf7cd7]\nE       \t(No symbol) [0x0x7ff7cacf7f9c]\nE       \t(No symbol) [0x0x7ff7cad4ba87]\nE       \t(No symbol) [0x0x7ff7cad203bf]\nE       \t(No symbol) [0x0x7ff7cad487fb]\nE       \t(No symbol) [0x0x7ff7cad20153]\nE       \t(No symbol) [0x0x7ff7cace8b02]\nE       \t(No symbol) [0x0x7ff7cace98d3]\nE       \tGetHandleVerifier [0x0x7ff7cb1de83d+2949837]\nE       \tGetHandleVerifier [0x0x7ff7cb1d8c6a+2926330]\nE       \tGetHandleVerifier [0x0x7ff7cb1f86c7+3055959]\nE       \tGetHandleVerifier [0x0x7ff7caf3cfee+191102]\nE       \tGetHandleVerifier [0x0x7ff7caf450af+224063]\nE       \tGetHandleVerifier [0x0x7ff7caf2af64+117236]\nE       \tGetHandleVerifier [0x0x7ff7caf2b119+117673]\nE       \tGetHandleVerifier [0x0x7ff7caf110a8+11064]\nE       \tBaseThreadInitThunk [0x0x7ffe49ed7374+20]\nE       \tRtlUserThreadStart [0x0x7ffe4a1bcc91+33]\n\nvenv\\Lib\\site-packages\\selenium\\webdriver\\remote\\errorhandler.py:232: NoSuchElementException\n&#34;}], &#34;tests/test_auth.py::test_register_existing_email&#34;: [{&#34;extras&#34;: [], &#34;result&#34;: &#34;Passed&#34;, &#34;testId&#34;: &#34;tests/test_auth.py::test_register_existing_email&#34;, &#34;duration&#34;: &#34;00:00:06&#34;, &#34;resultsTableRow&#34;: [&#34;&lt;td class=\&#34;col-result\&#34;&gt;Passed&lt;/td&gt;&#34;, &#34;&lt;td class=\&#34;col-testId\&#34;&gt;tests/test_auth.py::test_register_existing_email&lt;/td&gt;&#34;, &#34;&lt;td class=\&#34;col-duration\&#34;&gt;00:00:06&lt;/td&gt;&#34;, &#34;&lt;td class=\&#34;col-links\&#34;&gt;&lt;/td&gt;&#34;], &#34;log&#34;: &#34;No log output captured.&#34;}], &#34;tests/test_cart_checkout.py::test_add_products_in_cart&#34;: [{&#34;extras&#34;: [], &#34;result&#34;: &#34;Failed&#34;, &#34;testId&#34;: &#34;tests/test_cart_checkout.py::test_add_products_in_cart&#34;, &#34;duration&#34;: &#34;00:00:01&#34;, &#34;resultsTableRow&#34;: [&#34;&lt;td class=\&#34;col-result\&#34;&gt;Failed&lt;/td&gt;&#34;, &#34;&lt;td class=\&#34;col-testId\&#34;&gt;tests/test_cart_checkout.py::test_add_products_in_cart&lt;/td&gt;&#34;, &#34;&lt;td class=\&#34;col-duration\&#34;&gt;00:00:01&lt;/td&gt;&#34;, &#34;&lt;td class=\&#34;col-links\&#34;&gt;&lt;/td&gt;&#34;], &#34;log&#34;: &#34;driver = &amp;lt;selenium.webdriver.chrome.webdriver.WebDriver (session=&amp;quot;4da612c8890fe83859423ce44830f494&amp;quot;)&amp;gt;\n\n    def test_add_products_in_cart(driver):\n        open_homepage(driver)\n&amp;gt;       add_product_to_cart(driver)\n\ntests\\test_cart_checkout.py:9: \n_ _ _ _ _ _ _ _ _ _ _ _ _ _ _ _ _ _ _ _ _ _ _ _ _ _ _ _ _ _ _ _ _ _ _ _ _ _ _ _ _ _ _ _ _ _ _ _ _ _ _ _ _ _ _ _ _ _ _ _ _ _ _ _ _ _ _ _ _ _ _ _ _ _ _ _ _ _ _ _ \nutils\\selenium_helpers.py:102: in add_product_to_cart\n    view_all_products(driver)\nutils\\selenium_helpers.py:87: in view_all_products\n    driver.find_element(By.LINK_TEXT, &amp;quot;Products&amp;quot;).click()\n    ^^^^^^^^^^^^^^^^^^^^^^^^^^^^^^^^^^^^^^^^^^^^^\nvenv\\Lib\\site-packages\\selenium\\webdriver\\remote\\webdriver.py:926: in find_element\n    return self.execute(Command.FIND_ELEMENT, {&amp;quot;using&amp;quot;: by, &amp;quot;value&amp;quot;: value})[&amp;quot;value&amp;quot;]\n           ^^^^^^^^^^^^^^^^^^^^^^^^^^^^^^^^^^^^^^^^^^^^^^^^^^^^^^^^^^^^^^^^^\nvenv\\Lib\\site-packages\\selenium\\webdriver\\remote\\webdriver.py:458: in execute\n    self.error_handler.check_response(response)\n_ _ _ _ _ _ _ _ _ _ _ _ _ _ _ _ _ _ _ _ _ _ _ _ _ _ _ _ _ _ _ _ _ _ _ _ _ _ _ _ _ _ _ _ _ _ _ _ _ _ _ _ _ _ _ _ _ _ _ _ _ _ _ _ _ _ _ _ _ _ _ _ _ _ _ _ _ _ _ _ \n\nself = &amp;lt;selenium.webdriver.remote.errorhandler.ErrorHandler object at 0x00000200BFCC81A0&amp;gt;\nresponse = {&amp;#x27;status&amp;#x27;: 404, &amp;#x27;value&amp;#x27;: &amp;#x27;{&amp;quot;value&amp;quot;:{&amp;quot;error&amp;quot;:&amp;quot;no such element&amp;quot;,&amp;quot;message&amp;quot;:&amp;quot;no such element: Unable to locate element: {\\...ff7caf110a8+11064]\\\\n\\\\tBaseThreadInitThunk [0x0x7ffe49ed7374+20]\\\\n\\\\tRtlUserThreadStart [0x0x7ffe4a1bcc91+33]\\\\n&amp;quot;}}&amp;#x27;}\n\n    def check_response(self, response: dict[str, Any]) -&amp;gt; None:\n        &amp;quot;&amp;quot;&amp;quot;Checks that a JSON response from the WebDriver does not have an\n        error.\n    \n        :Args:\n         - response - The JSON response from the WebDriver server as a dictionary\n           object.\n    \n        :Raises: If the response contains an error message.\n        &amp;quot;&amp;quot;&amp;quot;\n        status = response.get(&amp;quot;status&amp;quot;, None)\n        if not status or status == ErrorCode.SUCCESS:\n            return\n        value = None\n        message = response.get(&amp;quot;message&amp;quot;, &amp;quot;&amp;quot;)\n        screen: str = response.get(&amp;quot;screen&amp;quot;, &amp;quot;&amp;quot;)\n        stacktrace = None\n        if isinstance(status, int):\n            value_json = response.get(&amp;quot;value&amp;quot;, None)\n            if value_json and isinstance(value_json, str):\n                try:\n                    value = json.loads(value_json)\n                    if isinstance(value, dict):\n                        if len(value) == 1:\n                            value = value[&amp;quot;value&amp;quot;]\n                        status = value.get(&amp;quot;error&amp;quot;, None)\n                        if not status:\n                            status = value.get(&amp;quot;status&amp;quot;, ErrorCode.UNKNOWN_ERROR)\n                            message = value.get(&amp;quot;value&amp;quot;) or value.get(&amp;quot;message&amp;quot;)\n                            if not isinstance(message, str):\n                                value = message\n                                message = message.get(&amp;quot;message&amp;quot;)\n                        else:\n                            message = value.get(&amp;quot;message&amp;quot;, None)\n                except ValueError:\n                    pass\n    \n        exception_class: type[WebDriverException]\n        e = ErrorCode()\n        error_codes = [item for item in dir(e) if not item.startswith(&amp;quot;__&amp;quot;)]\n        for error_code in error_codes:\n            error_info = getattr(ErrorCode, error_code)\n            if isinstance(error_info, list) and status in error_info:\n                exception_class = getattr(ExceptionMapping, error_code, WebDriverException)\n                break\n        else:\n            exception_class = WebDriverException\n    \n        if not value:\n            value = response[&amp;quot;value&amp;quot;]\n        if isinstance(value, str):\n            raise exception_class(value)\n        if message == &amp;quot;&amp;quot; and &amp;quot;message&amp;quot; in value:\n            message = value[&amp;quot;message&amp;quot;]\n    \n        screen = None  # type: ignore[assignment]\n        if &amp;quot;screen&amp;quot; in value:\n            screen = value[&amp;quot;screen&amp;quot;]\n    \n        stacktrace = None\n        st_value = value.get(&amp;quot;stackTrace&amp;quot;) or value.get(&amp;quot;stacktrace&amp;quot;)\n        if st_value:\n            if isinstance(st_value, str):\n                stacktrace = st_value.split(&amp;quot;\\n&amp;quot;)\n            else:\n                stacktrace = []\n                try:\n                    for frame in st_value:\n                        line = frame.get(&amp;quot;lineNumber&amp;quot;, &amp;quot;&amp;quot;)\n                        file = frame.get(&amp;quot;fileName&amp;quot;, &amp;quot;&amp;lt;anonymous&amp;gt;&amp;quot;)\n                        if line:\n                            file = f&amp;quot;{file}:{line}&amp;quot;\n                        meth = frame.get(&amp;quot;methodName&amp;quot;, &amp;quot;&amp;lt;anonymous&amp;gt;&amp;quot;)\n                        if &amp;quot;className&amp;quot; in frame:\n                            meth = f&amp;quot;{frame[&amp;#x27;className&amp;#x27;]}.{meth}&amp;quot;\n                        msg = &amp;quot;    at %s (%s)&amp;quot;\n                        msg = msg % (meth, file)\n                        stacktrace.append(msg)\n                except TypeError:\n                    pass\n        if exception_class == UnexpectedAlertPresentException:\n            alert_text = None\n            if &amp;quot;data&amp;quot; in value:\n                alert_text = value[&amp;quot;data&amp;quot;].get(&amp;quot;text&amp;quot;)\n            elif &amp;quot;alert&amp;quot; in value:\n                alert_text = value[&amp;quot;alert&amp;quot;].get(&amp;quot;text&amp;quot;)\n            raise exception_class(message, screen, stacktrace, alert_text)  # type: ignore[call-arg]  # mypy is not smart enough here\n&amp;gt;       raise exception_class(message, screen, stacktrace)\nE       selenium.common.exceptions.NoSuchElementException: Message: no such element: Unable to locate element: {&amp;quot;method&amp;quot;:&amp;quot;link text&amp;quot;,&amp;quot;selector&amp;quot;:&amp;quot;Products&amp;quot;}\nE         (Session info: chrome=140.0.7339.128); For documentation on this error, please visit: https://www.selenium.dev/documentation/webdriver/troubleshooting/errors#nosuchelementexception\nE       Stacktrace:\nE       \tGetHandleVerifier [0x0x7ff7caf21eb5+80197]\nE       \tGetHandleVerifier [0x0x7ff7caf21f10+80288]\nE       \t(No symbol) [0x0x7ff7caca02fa]\nE       \t(No symbol) [0x0x7ff7cacf7cd7]\nE       \t(No symbol) [0x0x7ff7cacf7f9c]\nE       \t(No symbol) [0x0x7ff7cad4ba87]\nE       \t(No symbol) [0x0x7ff7cad203bf]\nE       \t(No symbol) [0x0x7ff7cad487fb]\nE       \t(No symbol) [0x0x7ff7cad20153]\nE       \t(No symbol) [0x0x7ff7cace8b02]\nE       \t(No symbol) [0x0x7ff7cace98d3]\nE       \tGetHandleVerifier [0x0x7ff7cb1de83d+2949837]\nE       \tGetHandleVerifier [0x0x7ff7cb1d8c6a+2926330]\nE       \tGetHandleVerifier [0x0x7ff7cb1f86c7+3055959]\nE       \tGetHandleVerifier [0x0x7ff7caf3cfee+191102]\nE       \tGetHandleVerifier [0x0x7ff7caf450af+224063]\nE       \tGetHandleVerifier [0x0x7ff7caf2af64+117236]\nE       \tGetHandleVerifier [0x0x7ff7caf2b119+117673]\nE       \tGetHandleVerifier [0x0x7ff7caf110a8+11064]\nE       \tBaseThreadInitThunk [0x0x7ffe49ed7374+20]\nE       \tRtlUserThreadStart [0x0x7ffe4a1bcc91+33]\n\nvenv\\Lib\\site-packages\\selenium\\webdriver\\remote\\errorhandler.py:232: NoSuchElementException\n&#34;}], &#34;tests/test_cart_checkout.py::test_verify_product_quantity_in_cart&#34;: [{&#34;extras&#34;: [], &#34;result&#34;: &#34;Failed&#34;, &#34;testId&#34;: &#34;tests/test_cart_checkout.py::test_verify_product_quantity_in_cart&#34;, &#34;duration&#34;: &#34;974 ms&#34;, &#34;resultsTableRow&#34;: [&#34;&lt;td class=\&#34;col-result\&#34;&gt;Failed&lt;/td&gt;&#34;, &#34;&lt;td class=\&#34;col-testId\&#34;&gt;tests/test_cart_checkout.py::test_verify_product_quantity_in_cart&lt;/td&gt;&#34;, &#34;&lt;td class=\&#34;col-duration\&#34;&gt;974 ms&lt;/td&gt;&#34;, &#34;&lt;td class=\&#34;col-links\&#34;&gt;&lt;/td&gt;&#34;], &#34;log&#34;: &#34;driver = &amp;lt;selenium.webdriver.chrome.webdriver.WebDriver (session=&amp;quot;4da612c8890fe83859423ce44830f494&amp;quot;)&amp;gt;\n\n    def test_verify_product_quantity_in_cart(driver):\n        open_homepage(driver)\n&amp;gt;       add_product_to_cart(driver)\n\ntests\\test_cart_checkout.py:15: \n_ _ _ _ _ _ _ _ _ _ _ _ _ _ _ _ _ _ _ _ _ _ _ _ _ _ _ _ _ _ _ _ _ _ _ _ _ _ _ _ _ _ _ _ _ _ _ _ _ _ _ _ _ _ _ _ _ _ _ _ _ _ _ _ _ _ _ _ _ _ _ _ _ _ _ _ _ _ _ _ \nutils\\selenium_helpers.py:102: in add_product_to_cart\n    view_all_products(driver)\nutils\\selenium_helpers.py:87: in view_all_products\n    driver.find_element(By.LINK_TEXT, &amp;quot;Products&amp;quot;).click()\n    ^^^^^^^^^^^^^^^^^^^^^^^^^^^^^^^^^^^^^^^^^^^^^\nvenv\\Lib\\site-packages\\selenium\\webdriver\\remote\\webdriver.py:926: in find_element\n    return self.execute(Command.FIND_ELEMENT, {&amp;quot;using&amp;quot;: by, &amp;quot;value&amp;quot;: value})[&amp;quot;value&amp;quot;]\n           ^^^^^^^^^^^^^^^^^^^^^^^^^^^^^^^^^^^^^^^^^^^^^^^^^^^^^^^^^^^^^^^^^\nvenv\\Lib\\site-packages\\selenium\\webdriver\\remote\\webdriver.py:458: in execute\n    self.error_handler.check_response(response)\n_ _ _ _ _ _ _ _ _ _ _ _ _ _ _ _ _ _ _ _ _ _ _ _ _ _ _ _ _ _ _ _ _ _ _ _ _ _ _ _ _ _ _ _ _ _ _ _ _ _ _ _ _ _ _ _ _ _ _ _ _ _ _ _ _ _ _ _ _ _ _ _ _ _ _ _ _ _ _ _ \n\nself = &amp;lt;selenium.webdriver.remote.errorhandler.ErrorHandler object at 0x00000200BFCC81A0&amp;gt;\nresponse = {&amp;#x27;status&amp;#x27;: 404, &amp;#x27;value&amp;#x27;: &amp;#x27;{&amp;quot;value&amp;quot;:{&amp;quot;error&amp;quot;:&amp;quot;no such element&amp;quot;,&amp;quot;message&amp;quot;:&amp;quot;no such element: Unable to locate element: {\\...ff7caf110a8+11064]\\\\n\\\\tBaseThreadInitThunk [0x0x7ffe49ed7374+20]\\\\n\\\\tRtlUserThreadStart [0x0x7ffe4a1bcc91+33]\\\\n&amp;quot;}}&amp;#x27;}\n\n    def check_response(self, response: dict[str, Any]) -&amp;gt; None:\n        &amp;quot;&amp;quot;&amp;quot;Checks that a JSON response from the WebDriver does not have an\n        error.\n    \n        :Args:\n         - response - The JSON response from the WebDriver server as a dictionary\n           object.\n    \n        :Raises: If the response contains an error message.\n        &amp;quot;&amp;quot;&amp;quot;\n        status = response.get(&amp;quot;status&amp;quot;, None)\n        if not status or status == ErrorCode.SUCCESS:\n            return\n        value = None\n        message = response.get(&amp;quot;message&amp;quot;, &amp;quot;&amp;quot;)\n        screen: str = response.get(&amp;quot;screen&amp;quot;, &amp;quot;&amp;quot;)\n        stacktrace = None\n        if isinstance(status, int):\n            value_json = response.get(&amp;quot;value&amp;quot;, None)\n            if value_json and isinstance(value_json, str):\n                try:\n                    value = json.loads(value_json)\n                    if isinstance(value, dict):\n                        if len(value) == 1:\n                            value = value[&amp;quot;value&amp;quot;]\n                        status = value.get(&amp;quot;error&amp;quot;, None)\n                        if not status:\n                            status = value.get(&amp;quot;status&amp;quot;, ErrorCode.UNKNOWN_ERROR)\n                            message = value.get(&amp;quot;value&amp;quot;) or value.get(&amp;quot;message&amp;quot;)\n                            if not isinstance(message, str):\n                                value = message\n                                message = message.get(&amp;quot;message&amp;quot;)\n                        else:\n                            message = value.get(&amp;quot;message&amp;quot;, None)\n                except ValueError:\n                    pass\n    \n        exception_class: type[WebDriverException]\n        e = ErrorCode()\n        error_codes = [item for item in dir(e) if not item.startswith(&amp;quot;__&amp;quot;)]\n        for error_code in error_codes:\n            error_info = getattr(ErrorCode, error_code)\n            if isinstance(error_info, list) and status in error_info:\n                exception_class = getattr(ExceptionMapping, error_code, WebDriverException)\n                break\n        else:\n            exception_class = WebDriverException\n    \n        if not value:\n            value = response[&amp;quot;value&amp;quot;]\n        if isinstance(value, str):\n            raise exception_class(value)\n        if message == &amp;quot;&amp;quot; and &amp;quot;message&amp;quot; in value:\n            message = value[&amp;quot;message&amp;quot;]\n    \n        screen = None  # type: ignore[assignment]\n        if &amp;quot;screen&amp;quot; in value:\n            screen = value[&amp;quot;screen&amp;quot;]\n    \n        stacktrace = None\n        st_value = value.get(&amp;quot;stackTrace&amp;quot;) or value.get(&amp;quot;stacktrace&amp;quot;)\n        if st_value:\n            if isinstance(st_value, str):\n                stacktrace = st_value.split(&amp;quot;\\n&amp;quot;)\n            else:\n                stacktrace = []\n                try:\n                    for frame in st_value:\n                        line = frame.get(&amp;quot;lineNumber&amp;quot;, &amp;quot;&amp;quot;)\n                        file = frame.get(&amp;quot;fileName&amp;quot;, &amp;quot;&amp;lt;anonymous&amp;gt;&amp;quot;)\n                        if line:\n                            file = f&amp;quot;{file}:{line}&amp;quot;\n                        meth = frame.get(&amp;quot;methodName&amp;quot;, &amp;quot;&amp;lt;anonymous&amp;gt;&amp;quot;)\n                        if &amp;quot;className&amp;quot; in frame:\n                            meth = f&amp;quot;{frame[&amp;#x27;className&amp;#x27;]}.{meth}&amp;quot;\n                        msg = &amp;quot;    at %s (%s)&amp;quot;\n                        msg = msg % (meth, file)\n                        stacktrace.append(msg)\n                except TypeError:\n                    pass\n        if exception_class == UnexpectedAlertPresentException:\n            alert_text = None\n            if &amp;quot;data&amp;quot; in value:\n                alert_text = value[&amp;quot;data&amp;quot;].get(&amp;quot;text&amp;quot;)\n            elif &amp;quot;alert&amp;quot; in value:\n                alert_text = value[&amp;quot;alert&amp;quot;].get(&amp;quot;text&amp;quot;)\n            raise exception_class(message, screen, stacktrace, alert_text)  # type: ignore[call-arg]  # mypy is not smart enough here\n&amp;gt;       raise exception_class(message, screen, stacktrace)\nE       selenium.common.exceptions.NoSuchElementException: Message: no such element: Unable to locate element: {&amp;quot;method&amp;quot;:&amp;quot;link text&amp;quot;,&amp;quot;selector&amp;quot;:&amp;quot;Products&amp;quot;}\nE         (Session info: chrome=140.0.7339.128); For documentation on this error, please visit: https://www.selenium.dev/documentation/webdriver/troubleshooting/errors#nosuchelementexception\nE       Stacktrace:\nE       \tGetHandleVerifier [0x0x7ff7caf21eb5+80197]\nE       \tGetHandleVerifier [0x0x7ff7caf21f10+80288]\nE       \t(No symbol) [0x0x7ff7caca02fa]\nE       \t(No symbol) [0x0x7ff7cacf7cd7]\nE       \t(No symbol) [0x0x7ff7cacf7f9c]\nE       \t(No symbol) [0x0x7ff7cad4ba87]\nE       \t(No symbol) [0x0x7ff7cad203bf]\nE       \t(No symbol) [0x0x7ff7cad487fb]\nE       \t(No symbol) [0x0x7ff7cad20153]\nE       \t(No symbol) [0x0x7ff7cace8b02]\nE       \t(No symbol) [0x0x7ff7cace98d3]\nE       \tGetHandleVerifier [0x0x7ff7cb1de83d+2949837]\nE       \tGetHandleVerifier [0x0x7ff7cb1d8c6a+2926330]\nE       \tGetHandleVerifier [0x0x7ff7cb1f86c7+3055959]\nE       \tGetHandleVerifier [0x0x7ff7caf3cfee+191102]\nE       \tGetHandleVerifier [0x0x7ff7caf450af+224063]\nE       \tGetHandleVerifier [0x0x7ff7caf2af64+117236]\nE       \tGetHandleVerifier [0x0x7ff7caf2b119+117673]\nE       \tGetHandleVerifier [0x0x7ff7caf110a8+11064]\nE       \tBaseThreadInitThunk [0x0x7ffe49ed7374+20]\nE       \tRtlUserThreadStart [0x0x7ffe4a1bcc91+33]\n\nvenv\\Lib\\site-packages\\selenium\\webdriver\\remote\\errorhandler.py:232: NoSuchElementException\n&#34;}], &#34;tests/test_cart_checkout.py::test_remove_products_from_cart&#34;: [{&#34;extras&#34;: [], &#34;result&#34;: &#34;Failed&#34;, &#34;testId&#34;: &#34;tests/test_cart_checkout.py::test_remove_products_from_cart&#34;, &#34;duration&#34;: &#34;00:00:01&#34;, &#34;resultsTableRow&#34;: [&#34;&lt;td class=\&#34;col-result\&#34;&gt;Failed&lt;/td&gt;&#34;, &#34;&lt;td class=\&#34;col-testId\&#34;&gt;tests/test_cart_checkout.py::test_remove_products_from_cart&lt;/td&gt;&#34;, &#34;&lt;td class=\&#34;col-duration\&#34;&gt;00:00:01&lt;/td&gt;&#34;, &#34;&lt;td class=\&#34;col-links\&#34;&gt;&lt;/td&gt;&#34;], &#34;log&#34;: &#34;driver = &amp;lt;selenium.webdriver.chrome.webdriver.WebDriver (session=&amp;quot;4da612c8890fe83859423ce44830f494&amp;quot;)&amp;gt;\n\n    def test_remove_products_from_cart(driver):\n        open_homepage(driver)\n&amp;gt;       add_product_to_cart(driver)\n\ntests\\test_cart_checkout.py:22: \n_ _ _ _ _ _ _ _ _ _ _ _ _ _ _ _ _ _ _ _ _ _ _ _ _ _ _ _ _ _ _ _ _ _ _ _ _ _ _ _ _ _ _ _ _ _ _ _ _ _ _ _ _ _ _ _ _ _ _ _ _ _ _ _ _ _ _ _ _ _ _ _ _ _ _ _ _ _ _ _ \nutils\\selenium_helpers.py:102: in add_product_to_cart\n    view_all_products(driver)\nutils\\selenium_helpers.py:87: in view_all_products\n    driver.find_element(By.LINK_TEXT, &amp;quot;Products&amp;quot;).click()\n    ^^^^^^^^^^^^^^^^^^^^^^^^^^^^^^^^^^^^^^^^^^^^^\nvenv\\Lib\\site-packages\\selenium\\webdriver\\remote\\webdriver.py:926: in find_element\n    return self.execute(Command.FIND_ELEMENT, {&amp;quot;using&amp;quot;: by, &amp;quot;value&amp;quot;: value})[&amp;quot;value&amp;quot;]\n           ^^^^^^^^^^^^^^^^^^^^^^^^^^^^^^^^^^^^^^^^^^^^^^^^^^^^^^^^^^^^^^^^^\nvenv\\Lib\\site-packages\\selenium\\webdriver\\remote\\webdriver.py:458: in execute\n    self.error_handler.check_response(response)\n_ _ _ _ _ _ _ _ _ _ _ _ _ _ _ _ _ _ _ _ _ _ _ _ _ _ _ _ _ _ _ _ _ _ _ _ _ _ _ _ _ _ _ _ _ _ _ _ _ _ _ _ _ _ _ _ _ _ _ _ _ _ _ _ _ _ _ _ _ _ _ _ _ _ _ _ _ _ _ _ \n\nself = &amp;lt;selenium.webdriver.remote.errorhandler.ErrorHandler object at 0x00000200BFCC81A0&amp;gt;\nresponse = {&amp;#x27;status&amp;#x27;: 404, &amp;#x27;value&amp;#x27;: &amp;#x27;{&amp;quot;value&amp;quot;:{&amp;quot;error&amp;quot;:&amp;quot;no such element&amp;quot;,&amp;quot;message&amp;quot;:&amp;quot;no such element: Unable to locate element: {\\...ff7caf110a8+11064]\\\\n\\\\tBaseThreadInitThunk [0x0x7ffe49ed7374+20]\\\\n\\\\tRtlUserThreadStart [0x0x7ffe4a1bcc91+33]\\\\n&amp;quot;}}&amp;#x27;}\n\n    def check_response(self, response: dict[str, Any]) -&amp;gt; None:\n        &amp;quot;&amp;quot;&amp;quot;Checks that a JSON response from the WebDriver does not have an\n        error.\n    \n        :Args:\n         - response - The JSON response from the WebDriver server as a dictionary\n           object.\n    \n        :Raises: If the response contains an error message.\n        &amp;quot;&amp;quot;&amp;quot;\n        status = response.get(&amp;quot;status&amp;quot;, None)\n        if not status or status == ErrorCode.SUCCESS:\n            return\n        value = None\n        message = response.get(&amp;quot;message&amp;quot;, &amp;quot;&amp;quot;)\n        screen: str = response.get(&amp;quot;screen&amp;quot;, &amp;quot;&amp;quot;)\n        stacktrace = None\n        if isinstance(status, int):\n            value_json = response.get(&amp;quot;value&amp;quot;, None)\n            if value_json and isinstance(value_json, str):\n                try:\n                    value = json.loads(value_json)\n                    if isinstance(value, dict):\n                        if len(value) == 1:\n                            value = value[&amp;quot;value&amp;quot;]\n                        status = value.get(&amp;quot;error&amp;quot;, None)\n                        if not status:\n                            status = value.get(&amp;quot;status&amp;quot;, ErrorCode.UNKNOWN_ERROR)\n                            message = value.get(&amp;quot;value&amp;quot;) or value.get(&amp;quot;message&amp;quot;)\n                            if not isinstance(message, str):\n                                value = message\n                                message = message.get(&amp;quot;message&amp;quot;)\n                        else:\n                            message = value.get(&amp;quot;message&amp;quot;, None)\n                except ValueError:\n                    pass\n    \n        exception_class: type[WebDriverException]\n        e = ErrorCode()\n        error_codes = [item for item in dir(e) if not item.startswith(&amp;quot;__&amp;quot;)]\n        for error_code in error_codes:\n            error_info = getattr(ErrorCode, error_code)\n            if isinstance(error_info, list) and status in error_info:\n                exception_class = getattr(ExceptionMapping, error_code, WebDriverException)\n                break\n        else:\n            exception_class = WebDriverException\n    \n        if not value:\n            value = response[&amp;quot;value&amp;quot;]\n        if isinstance(value, str):\n            raise exception_class(value)\n        if message == &amp;quot;&amp;quot; and &amp;quot;message&amp;quot; in value:\n            message = value[&amp;quot;message&amp;quot;]\n    \n        screen = None  # type: ignore[assignment]\n        if &amp;quot;screen&amp;quot; in value:\n            screen = value[&amp;quot;screen&amp;quot;]\n    \n        stacktrace = None\n        st_value = value.get(&amp;quot;stackTrace&amp;quot;) or value.get(&amp;quot;stacktrace&amp;quot;)\n        if st_value:\n            if isinstance(st_value, str):\n                stacktrace = st_value.split(&amp;quot;\\n&amp;quot;)\n            else:\n                stacktrace = []\n                try:\n                    for frame in st_value:\n                        line = frame.get(&amp;quot;lineNumber&amp;quot;, &amp;quot;&amp;quot;)\n                        file = frame.get(&amp;quot;fileName&amp;quot;, &amp;quot;&amp;lt;anonymous&amp;gt;&amp;quot;)\n                        if line:\n                            file = f&amp;quot;{file}:{line}&amp;quot;\n                        meth = frame.get(&amp;quot;methodName&amp;quot;, &amp;quot;&amp;lt;anonymous&amp;gt;&amp;quot;)\n                        if &amp;quot;className&amp;quot; in frame:\n                            meth = f&amp;quot;{frame[&amp;#x27;className&amp;#x27;]}.{meth}&amp;quot;\n                        msg = &amp;quot;    at %s (%s)&amp;quot;\n                        msg = msg % (meth, file)\n                        stacktrace.append(msg)\n                except TypeError:\n                    pass\n        if exception_class == UnexpectedAlertPresentException:\n            alert_text = None\n            if &amp;quot;data&amp;quot; in value:\n                alert_text = value[&amp;quot;data&amp;quot;].get(&amp;quot;text&amp;quot;)\n            elif &amp;quot;alert&amp;quot; in value:\n                alert_text = value[&amp;quot;alert&amp;quot;].get(&amp;quot;text&amp;quot;)\n            raise exception_class(message, screen, stacktrace, alert_text)  # type: ignore[call-arg]  # mypy is not smart enough here\n&amp;gt;       raise exception_class(message, screen, stacktrace)\nE       selenium.common.exceptions.NoSuchElementException: Message: no such element: Unable to locate element: {&amp;quot;method&amp;quot;:&amp;quot;link text&amp;quot;,&amp;quot;selector&amp;quot;:&amp;quot;Products&amp;quot;}\nE         (Session info: chrome=140.0.7339.128); For documentation on this error, please visit: https://www.selenium.dev/documentation/webdriver/troubleshooting/errors#nosuchelementexception\nE       Stacktrace:\nE       \tGetHandleVerifier [0x0x7ff7caf21eb5+80197]\nE       \tGetHandleVerifier [0x0x7ff7caf21f10+80288]\nE       \t(No symbol) [0x0x7ff7caca02fa]\nE       \t(No symbol) [0x0x7ff7cacf7cd7]\nE       \t(No symbol) [0x0x7ff7cacf7f9c]\nE       \t(No symbol) [0x0x7ff7cad4ba87]\nE       \t(No symbol) [0x0x7ff7cad203bf]\nE       \t(No symbol) [0x0x7ff7cad487fb]\nE       \t(No symbol) [0x0x7ff7cad20153]\nE       \t(No symbol) [0x0x7ff7cace8b02]\nE       \t(No symbol) [0x0x7ff7cace98d3]\nE       \tGetHandleVerifier [0x0x7ff7cb1de83d+2949837]\nE       \tGetHandleVerifier [0x0x7ff7cb1d8c6a+2926330]\nE       \tGetHandleVerifier [0x0x7ff7cb1f86c7+3055959]\nE       \tGetHandleVerifier [0x0x7ff7caf3cfee+191102]\nE       \tGetHandleVerifier [0x0x7ff7caf450af+224063]\nE       \tGetHandleVerifier [0x0x7ff7caf2af64+117236]\nE       \tGetHandleVerifier [0x0x7ff7caf2b119+117673]\nE       \tGetHandleVerifier [0x0x7ff7caf110a8+11064]\nE       \tBaseThreadInitThunk [0x0x7ffe49ed7374+20]\nE       \tRtlUserThreadStart [0x0x7ffe4a1bcc91+33]\n\nvenv\\Lib\\site-packages\\selenium\\webdriver\\remote\\errorhandler.py:232: NoSuchElementException\n&#34;}], &#34;tests/test_cart_checkout.py::test_place_order_login_before_checkout&#34;: [{&#34;extras&#34;: [], &#34;result&#34;: &#34;Failed&#34;, &#34;testId&#34;: &#34;tests/test_cart_checkout.py::test_place_order_login_before_checkout&#34;, &#34;duration&#34;: &#34;00:00:02&#34;, &#34;resultsTableRow&#34;: [&#34;&lt;td class=\&#34;col-result\&#34;&gt;Failed&lt;/td&gt;&#34;, &#34;&lt;td class=\&#34;col-testId\&#34;&gt;tests/test_cart_checkout.py::test_place_order_login_before_checkout&lt;/td&gt;&#34;, &#34;&lt;td class=\&#34;col-duration\&#34;&gt;00:00:02&lt;/td&gt;&#34;, &#34;&lt;td class=\&#34;col-links\&#34;&gt;&lt;/td&gt;&#34;], &#34;log&#34;: &#34;driver = &amp;lt;selenium.webdriver.chrome.webdriver.WebDriver (session=&amp;quot;4da612c8890fe83859423ce44830f494&amp;quot;)&amp;gt;\ntest_user = {&amp;#x27;email&amp;#x27;: &amp;#x27;validuser@example.com&amp;#x27;, &amp;#x27;name&amp;#x27;: &amp;#x27;Test User&amp;#x27;, &amp;#x27;password&amp;#x27;: &amp;#x27;TestPassword123!&amp;#x27;}\n\n    def test_place_order_login_before_checkout(driver, test_user):\n        open_homepage(driver)\n        login(driver, test_user[&amp;quot;email&amp;quot;], test_user[&amp;quot;password&amp;quot;])\n&amp;gt;       add_product_to_cart(driver)\n\ntests\\test_cart_checkout.py:29: \n_ _ _ _ _ _ _ _ _ _ _ _ _ _ _ _ _ _ _ _ _ _ _ _ _ _ _ _ _ _ _ _ _ _ _ _ _ _ _ _ _ _ _ _ _ _ _ _ _ _ _ _ _ _ _ _ _ _ _ _ _ _ _ _ _ _ _ _ _ _ _ _ _ _ _ _ _ _ _ _ \nutils\\selenium_helpers.py:102: in add_product_to_cart\n    view_all_products(driver)\nutils\\selenium_helpers.py:87: in view_all_products\n    driver.find_element(By.LINK_TEXT, &amp;quot;Products&amp;quot;).click()\n    ^^^^^^^^^^^^^^^^^^^^^^^^^^^^^^^^^^^^^^^^^^^^^\nvenv\\Lib\\site-packages\\selenium\\webdriver\\remote\\webdriver.py:926: in find_element\n    return self.execute(Command.FIND_ELEMENT, {&amp;quot;using&amp;quot;: by, &amp;quot;value&amp;quot;: value})[&amp;quot;value&amp;quot;]\n           ^^^^^^^^^^^^^^^^^^^^^^^^^^^^^^^^^^^^^^^^^^^^^^^^^^^^^^^^^^^^^^^^^\nvenv\\Lib\\site-packages\\selenium\\webdriver\\remote\\webdriver.py:458: in execute\n    self.error_handler.check_response(response)\n_ _ _ _ _ _ _ _ _ _ _ _ _ _ _ _ _ _ _ _ _ _ _ _ _ _ _ _ _ _ _ _ _ _ _ _ _ _ _ _ _ _ _ _ _ _ _ _ _ _ _ _ _ _ _ _ _ _ _ _ _ _ _ _ _ _ _ _ _ _ _ _ _ _ _ _ _ _ _ _ \n\nself = &amp;lt;selenium.webdriver.remote.errorhandler.ErrorHandler object at 0x00000200BFCC81A0&amp;gt;\nresponse = {&amp;#x27;status&amp;#x27;: 404, &amp;#x27;value&amp;#x27;: &amp;#x27;{&amp;quot;value&amp;quot;:{&amp;quot;error&amp;quot;:&amp;quot;no such element&amp;quot;,&amp;quot;message&amp;quot;:&amp;quot;no such element: Unable to locate element: {\\...ff7caf110a8+11064]\\\\n\\\\tBaseThreadInitThunk [0x0x7ffe49ed7374+20]\\\\n\\\\tRtlUserThreadStart [0x0x7ffe4a1bcc91+33]\\\\n&amp;quot;}}&amp;#x27;}\n\n    def check_response(self, response: dict[str, Any]) -&amp;gt; None:\n        &amp;quot;&amp;quot;&amp;quot;Checks that a JSON response from the WebDriver does not have an\n        error.\n    \n        :Args:\n         - response - The JSON response from the WebDriver server as a dictionary\n           object.\n    \n        :Raises: If the response contains an error message.\n        &amp;quot;&amp;quot;&amp;quot;\n        status = response.get(&amp;quot;status&amp;quot;, None)\n        if not status or status == ErrorCode.SUCCESS:\n            return\n        value = None\n        message = response.get(&amp;quot;message&amp;quot;, &amp;quot;&amp;quot;)\n        screen: str = response.get(&amp;quot;screen&amp;quot;, &amp;quot;&amp;quot;)\n        stacktrace = None\n        if isinstance(status, int):\n            value_json = response.get(&amp;quot;value&amp;quot;, None)\n            if value_json and isinstance(value_json, str):\n                try:\n                    value = json.loads(value_json)\n                    if isinstance(value, dict):\n                        if len(value) == 1:\n                            value = value[&amp;quot;value&amp;quot;]\n                        status = value.get(&amp;quot;error&amp;quot;, None)\n                        if not status:\n                            status = value.get(&amp;quot;status&amp;quot;, ErrorCode.UNKNOWN_ERROR)\n                            message = value.get(&amp;quot;value&amp;quot;) or value.get(&amp;quot;message&amp;quot;)\n                            if not isinstance(message, str):\n                                value = message\n                                message = message.get(&amp;quot;message&amp;quot;)\n                        else:\n                            message = value.get(&amp;quot;message&amp;quot;, None)\n                except ValueError:\n                    pass\n    \n        exception_class: type[WebDriverException]\n        e = ErrorCode()\n        error_codes = [item for item in dir(e) if not item.startswith(&amp;quot;__&amp;quot;)]\n        for error_code in error_codes:\n            error_info = getattr(ErrorCode, error_code)\n            if isinstance(error_info, list) and status in error_info:\n                exception_class = getattr(ExceptionMapping, error_code, WebDriverException)\n                break\n        else:\n            exception_class = WebDriverException\n    \n        if not value:\n            value = response[&amp;quot;value&amp;quot;]\n        if isinstance(value, str):\n            raise exception_class(value)\n        if message == &amp;quot;&amp;quot; and &amp;quot;message&amp;quot; in value:\n            message = value[&amp;quot;message&amp;quot;]\n    \n        screen = None  # type: ignore[assignment]\n        if &amp;quot;screen&amp;quot; in value:\n            screen = value[&amp;quot;screen&amp;quot;]\n    \n        stacktrace = None\n        st_value = value.get(&amp;quot;stackTrace&amp;quot;) or value.get(&amp;quot;stacktrace&amp;quot;)\n        if st_value:\n            if isinstance(st_value, str):\n                stacktrace = st_value.split(&amp;quot;\\n&amp;quot;)\n            else:\n                stacktrace = []\n                try:\n                    for frame in st_value:\n                        line = frame.get(&amp;quot;lineNumber&amp;quot;, &amp;quot;&amp;quot;)\n                        file = frame.get(&amp;quot;fileName&amp;quot;, &amp;quot;&amp;lt;anonymous&amp;gt;&amp;quot;)\n                        if line:\n                            file = f&amp;quot;{file}:{line}&amp;quot;\n                        meth = frame.get(&amp;quot;methodName&amp;quot;, &amp;quot;&amp;lt;anonymous&amp;gt;&amp;quot;)\n                        if &amp;quot;className&amp;quot; in frame:\n                            meth = f&amp;quot;{frame[&amp;#x27;className&amp;#x27;]}.{meth}&amp;quot;\n                        msg = &amp;quot;    at %s (%s)&amp;quot;\n                        msg = msg % (meth, file)\n                        stacktrace.append(msg)\n                except TypeError:\n                    pass\n        if exception_class == UnexpectedAlertPresentException:\n            alert_text = None\n            if &amp;quot;data&amp;quot; in value:\n                alert_text = value[&amp;quot;data&amp;quot;].get(&amp;quot;text&amp;quot;)\n            elif &amp;quot;alert&amp;quot; in value:\n                alert_text = value[&amp;quot;alert&amp;quot;].get(&amp;quot;text&amp;quot;)\n            raise exception_class(message, screen, stacktrace, alert_text)  # type: ignore[call-arg]  # mypy is not smart enough here\n&amp;gt;       raise exception_class(message, screen, stacktrace)\nE       selenium.common.exceptions.NoSuchElementException: Message: no such element: Unable to locate element: {&amp;quot;method&amp;quot;:&amp;quot;link text&amp;quot;,&amp;quot;selector&amp;quot;:&amp;quot;Products&amp;quot;}\nE         (Session info: chrome=140.0.7339.128); For documentation on this error, please visit: https://www.selenium.dev/documentation/webdriver/troubleshooting/errors#nosuchelementexception\nE       Stacktrace:\nE       \tGetHandleVerifier [0x0x7ff7caf21eb5+80197]\nE       \tGetHandleVerifier [0x0x7ff7caf21f10+80288]\nE       \t(No symbol) [0x0x7ff7caca02fa]\nE       \t(No symbol) [0x0x7ff7cacf7cd7]\nE       \t(No symbol) [0x0x7ff7cacf7f9c]\nE       \t(No symbol) [0x0x7ff7cad4ba87]\nE       \t(No symbol) [0x0x7ff7cad203bf]\nE       \t(No symbol) [0x0x7ff7cad487fb]\nE       \t(No symbol) [0x0x7ff7cad20153]\nE       \t(No symbol) [0x0x7ff7cace8b02]\nE       \t(No symbol) [0x0x7ff7cace98d3]\nE       \tGetHandleVerifier [0x0x7ff7cb1de83d+2949837]\nE       \tGetHandleVerifier [0x0x7ff7cb1d8c6a+2926330]\nE       \tGetHandleVerifier [0x0x7ff7cb1f86c7+3055959]\nE       \tGetHandleVerifier [0x0x7ff7caf3cfee+191102]\nE       \tGetHandleVerifier [0x0x7ff7caf450af+224063]\nE       \tGetHandleVerifier [0x0x7ff7caf2af64+117236]\nE       \tGetHandleVerifier [0x0x7ff7caf2b119+117673]\nE       \tGetHandleVerifier [0x0x7ff7caf110a8+11064]\nE       \tBaseThreadInitThunk [0x0x7ffe49ed7374+20]\nE       \tRtlUserThreadStart [0x0x7ffe4a1bcc91+33]\n\nvenv\\Lib\\site-packages\\selenium\\webdriver\\remote\\errorhandler.py:232: NoSuchElementException\n&#34;}], &#34;tests/test_cart_checkout.py::test_download_invoice_after_purchase&#34;: [{&#34;extras&#34;: [], &#34;result&#34;: &#34;Failed&#34;, &#34;testId&#34;: &#34;tests/test_cart_checkout.py::test_download_invoice_after_purchase&#34;, &#34;duration&#34;: &#34;00:00:03&#34;, &#34;resultsTableRow&#34;: [&#34;&lt;td class=\&#34;col-result\&#34;&gt;Failed&lt;/td&gt;&#34;, &#34;&lt;td class=\&#34;col-testId\&#34;&gt;tests/test_cart_checkout.py::test_download_invoice_after_purchase&lt;/td&gt;&#34;, &#34;&lt;td class=\&#34;col-duration\&#34;&gt;00:00:03&lt;/td&gt;&#34;, &#34;&lt;td class=\&#34;col-links\&#34;&gt;&lt;/td&gt;&#34;], &#34;log&#34;: &#34;driver = &amp;lt;selenium.webdriver.chrome.webdriver.WebDriver (session=&amp;quot;4da612c8890fe83859423ce44830f494&amp;quot;)&amp;gt;\ntest_user = {&amp;#x27;email&amp;#x27;: &amp;#x27;validuser@example.com&amp;#x27;, &amp;#x27;name&amp;#x27;: &amp;#x27;Test User&amp;#x27;, &amp;#x27;password&amp;#x27;: &amp;#x27;TestPassword123!&amp;#x27;}\n\n    def test_download_invoice_after_purchase(driver, test_user):\n        open_homepage(driver)\n        login(driver, test_user[&amp;quot;email&amp;quot;], test_user[&amp;quot;password&amp;quot;])\n&amp;gt;       add_product_to_cart(driver)\n\ntests\\test_cart_checkout.py:36: \n_ _ _ _ _ _ _ _ _ _ _ _ _ _ _ _ _ _ _ _ _ _ _ _ _ _ _ _ _ _ _ _ _ _ _ _ _ _ _ _ _ _ _ _ _ _ _ _ _ _ _ _ _ _ _ _ _ _ _ _ _ _ _ _ _ _ _ _ _ _ _ _ _ _ _ _ _ _ _ _ \nutils\\selenium_helpers.py:102: in add_product_to_cart\n    view_all_products(driver)\nutils\\selenium_helpers.py:87: in view_all_products\n    driver.find_element(By.LINK_TEXT, &amp;quot;Products&amp;quot;).click()\n    ^^^^^^^^^^^^^^^^^^^^^^^^^^^^^^^^^^^^^^^^^^^^^\nvenv\\Lib\\site-packages\\selenium\\webdriver\\remote\\webdriver.py:926: in find_element\n    return self.execute(Command.FIND_ELEMENT, {&amp;quot;using&amp;quot;: by, &amp;quot;value&amp;quot;: value})[&amp;quot;value&amp;quot;]\n           ^^^^^^^^^^^^^^^^^^^^^^^^^^^^^^^^^^^^^^^^^^^^^^^^^^^^^^^^^^^^^^^^^\nvenv\\Lib\\site-packages\\selenium\\webdriver\\remote\\webdriver.py:458: in execute\n    self.error_handler.check_response(response)\n_ _ _ _ _ _ _ _ _ _ _ _ _ _ _ _ _ _ _ _ _ _ _ _ _ _ _ _ _ _ _ _ _ _ _ _ _ _ _ _ _ _ _ _ _ _ _ _ _ _ _ _ _ _ _ _ _ _ _ _ _ _ _ _ _ _ _ _ _ _ _ _ _ _ _ _ _ _ _ _ \n\nself = &amp;lt;selenium.webdriver.remote.errorhandler.ErrorHandler object at 0x00000200BFCC81A0&amp;gt;\nresponse = {&amp;#x27;status&amp;#x27;: 404, &amp;#x27;value&amp;#x27;: &amp;#x27;{&amp;quot;value&amp;quot;:{&amp;quot;error&amp;quot;:&amp;quot;no such element&amp;quot;,&amp;quot;message&amp;quot;:&amp;quot;no such element: Unable to locate element: {\\...ff7caf110a8+11064]\\\\n\\\\tBaseThreadInitThunk [0x0x7ffe49ed7374+20]\\\\n\\\\tRtlUserThreadStart [0x0x7ffe4a1bcc91+33]\\\\n&amp;quot;}}&amp;#x27;}\n\n    def check_response(self, response: dict[str, Any]) -&amp;gt; None:\n        &amp;quot;&amp;quot;&amp;quot;Checks that a JSON response from the WebDriver does not have an\n        error.\n    \n        :Args:\n         - response - The JSON response from the WebDriver server as a dictionary\n           object.\n    \n        :Raises: If the response contains an error message.\n        &amp;quot;&amp;quot;&amp;quot;\n        status = response.get(&amp;quot;status&amp;quot;, None)\n        if not status or status == ErrorCode.SUCCESS:\n            return\n        value = None\n        message = response.get(&amp;quot;message&amp;quot;, &amp;quot;&amp;quot;)\n        screen: str = response.get(&amp;quot;screen&amp;quot;, &amp;quot;&amp;quot;)\n        stacktrace = None\n        if isinstance(status, int):\n            value_json = response.get(&amp;quot;value&amp;quot;, None)\n            if value_json and isinstance(value_json, str):\n                try:\n                    value = json.loads(value_json)\n                    if isinstance(value, dict):\n                        if len(value) == 1:\n                            value = value[&amp;quot;value&amp;quot;]\n                        status = value.get(&amp;quot;error&amp;quot;, None)\n                        if not status:\n                            status = value.get(&amp;quot;status&amp;quot;, ErrorCode.UNKNOWN_ERROR)\n                            message = value.get(&amp;quot;value&amp;quot;) or value.get(&amp;quot;message&amp;quot;)\n                            if not isinstance(message, str):\n                                value = message\n                                message = message.get(&amp;quot;message&amp;quot;)\n                        else:\n                            message = value.get(&amp;quot;message&amp;quot;, None)\n                except ValueError:\n                    pass\n    \n        exception_class: type[WebDriverException]\n        e = ErrorCode()\n        error_codes = [item for item in dir(e) if not item.startswith(&amp;quot;__&amp;quot;)]\n        for error_code in error_codes:\n            error_info = getattr(ErrorCode, error_code)\n            if isinstance(error_info, list) and status in error_info:\n                exception_class = getattr(ExceptionMapping, error_code, WebDriverException)\n                break\n        else:\n            exception_class = WebDriverException\n    \n        if not value:\n            value = response[&amp;quot;value&amp;quot;]\n        if isinstance(value, str):\n            raise exception_class(value)\n        if message == &amp;quot;&amp;quot; and &amp;quot;message&amp;quot; in value:\n            message = value[&amp;quot;message&amp;quot;]\n    \n        screen = None  # type: ignore[assignment]\n        if &amp;quot;screen&amp;quot; in value:\n            screen = value[&amp;quot;screen&amp;quot;]\n    \n        stacktrace = None\n        st_value = value.get(&amp;quot;stackTrace&amp;quot;) or value.get(&amp;quot;stacktrace&amp;quot;)\n        if st_value:\n            if isinstance(st_value, str):\n                stacktrace = st_value.split(&amp;quot;\\n&amp;quot;)\n            else:\n                stacktrace = []\n                try:\n                    for frame in st_value:\n                        line = frame.get(&amp;quot;lineNumber&amp;quot;, &amp;quot;&amp;quot;)\n                        file = frame.get(&amp;quot;fileName&amp;quot;, &amp;quot;&amp;lt;anonymous&amp;gt;&amp;quot;)\n                        if line:\n                            file = f&amp;quot;{file}:{line}&amp;quot;\n                        meth = frame.get(&amp;quot;methodName&amp;quot;, &amp;quot;&amp;lt;anonymous&amp;gt;&amp;quot;)\n                        if &amp;quot;className&amp;quot; in frame:\n                            meth = f&amp;quot;{frame[&amp;#x27;className&amp;#x27;]}.{meth}&amp;quot;\n                        msg = &amp;quot;    at %s (%s)&amp;quot;\n                        msg = msg % (meth, file)\n                        stacktrace.append(msg)\n                except TypeError:\n                    pass\n        if exception_class == UnexpectedAlertPresentException:\n            alert_text = None\n            if &amp;quot;data&amp;quot; in value:\n                alert_text = value[&amp;quot;data&amp;quot;].get(&amp;quot;text&amp;quot;)\n            elif &amp;quot;alert&amp;quot; in value:\n                alert_text = value[&amp;quot;alert&amp;quot;].get(&amp;quot;text&amp;quot;)\n            raise exception_class(message, screen, stacktrace, alert_text)  # type: ignore[call-arg]  # mypy is not smart enough here\n&amp;gt;       raise exception_class(message, screen, stacktrace)\nE       selenium.common.exceptions.NoSuchElementException: Message: no such element: Unable to locate element: {&amp;quot;method&amp;quot;:&amp;quot;link text&amp;quot;,&amp;quot;selector&amp;quot;:&amp;quot;Products&amp;quot;}\nE         (Session info: chrome=140.0.7339.128); For documentation on this error, please visit: https://www.selenium.dev/documentation/webdriver/troubleshooting/errors#nosuchelementexception\nE       Stacktrace:\nE       \tGetHandleVerifier [0x0x7ff7caf21eb5+80197]\nE       \tGetHandleVerifier [0x0x7ff7caf21f10+80288]\nE       \t(No symbol) [0x0x7ff7caca02fa]\nE       \t(No symbol) [0x0x7ff7cacf7cd7]\nE       \t(No symbol) [0x0x7ff7cacf7f9c]\nE       \t(No symbol) [0x0x7ff7cad4ba87]\nE       \t(No symbol) [0x0x7ff7cad203bf]\nE       \t(No symbol) [0x0x7ff7cad487fb]\nE       \t(No symbol) [0x0x7ff7cad20153]\nE       \t(No symbol) [0x0x7ff7cace8b02]\nE       \t(No symbol) [0x0x7ff7cace98d3]\nE       \tGetHandleVerifier [0x0x7ff7cb1de83d+2949837]\nE       \tGetHandleVerifier [0x0x7ff7cb1d8c6a+2926330]\nE       \tGetHandleVerifier [0x0x7ff7cb1f86c7+3055959]\nE       \tGetHandleVerifier [0x0x7ff7caf3cfee+191102]\nE       \tGetHandleVerifier [0x0x7ff7caf450af+224063]\nE       \tGetHandleVerifier [0x0x7ff7caf2af64+117236]\nE       \tGetHandleVerifier [0x0x7ff7caf2b119+117673]\nE       \tGetHandleVerifier [0x0x7ff7caf110a8+11064]\nE       \tBaseThreadInitThunk [0x0x7ffe49ed7374+20]\nE       \tRtlUserThreadStart [0x0x7ffe4a1bcc91+33]\n\nvenv\\Lib\\site-packages\\selenium\\webdriver\\remote\\errorhandler.py:232: NoSuchElementException\n&#34;}], &#34;tests/test_contact.py::test_contact_us_form&#34;: [{&#34;extras&#34;: [], &#34;result&#34;: &#34;Passed&#34;, &#34;testId&#34;: &#34;tests/test_contact.py::test_contact_us_form&#34;, &#34;duration&#34;: &#34;00:00:02&#34;, &#34;resultsTableRow&#34;: [&#34;&lt;td class=\&#34;col-result\&#34;&gt;Passed&lt;/td&gt;&#34;, &#34;&lt;td class=\&#34;col-testId\&#34;&gt;tests/test_contact.py::test_contact_us_form&lt;/td&gt;&#34;, &#34;&lt;td class=\&#34;col-duration\&#34;&gt;00:00:02&lt;/td&gt;&#34;, &#34;&lt;td class=\&#34;col-links\&#34;&gt;&lt;/td&gt;&#34;], &#34;log&#34;: &#34;No log output captured.&#34;}], &#34;tests/test_products.py::test_search_product&#34;: [{&#34;extras&#34;: [], &#34;result&#34;: &#34;Failed&#34;, &#34;testId&#34;: &#34;tests/test_products.py::test_search_product&#34;, &#34;duration&#34;: &#34;947 ms&#34;, &#34;resultsTableRow&#34;: [&#34;&lt;td class=\&#34;col-result\&#34;&gt;Failed&lt;/td&gt;&#34;, &#34;&lt;td class=\&#34;col-testId\&#34;&gt;tests/test_products.py::test_search_product&lt;/td&gt;&#34;, &#34;&lt;td class=\&#34;col-duration\&#34;&gt;947 ms&lt;/td&gt;&#34;, &#34;&lt;td class=\&#34;col-links\&#34;&gt;&lt;/td&gt;&#34;], &#34;log&#34;: &#34;driver = &amp;lt;selenium.webdriver.chrome.webdriver.WebDriver (session=&amp;quot;4da612c8890fe83859423ce44830f494&amp;quot;)&amp;gt;, product_name = &amp;#x27;Tshirt&amp;#x27;\n\n    def test_search_product(driver, product_name):\n        open_homepage(driver)\n&amp;gt;       search_product(driver, product_name)\n\ntests\\test_products.py:9: \n_ _ _ _ _ _ _ _ _ _ _ _ _ _ _ _ _ _ _ _ _ _ _ _ _ _ _ _ _ _ _ _ _ _ _ _ _ _ _ _ _ _ _ _ _ _ _ _ _ _ _ _ _ _ _ _ _ _ _ _ _ _ _ _ _ _ _ _ _ _ _ _ _ _ _ _ _ _ _ _ \nutils\\selenium_helpers.py:22: in search_product\n    search_box = driver.find_element(By.ID, &amp;quot;search_product&amp;quot;)\n                 ^^^^^^^^^^^^^^^^^^^^^^^^^^^^^^^^^^^^^^^^^^^^\nvenv\\Lib\\site-packages\\selenium\\webdriver\\remote\\webdriver.py:926: in find_element\n    return self.execute(Command.FIND_ELEMENT, {&amp;quot;using&amp;quot;: by, &amp;quot;value&amp;quot;: value})[&amp;quot;value&amp;quot;]\n           ^^^^^^^^^^^^^^^^^^^^^^^^^^^^^^^^^^^^^^^^^^^^^^^^^^^^^^^^^^^^^^^^^\nvenv\\Lib\\site-packages\\selenium\\webdriver\\remote\\webdriver.py:458: in execute\n    self.error_handler.check_response(response)\n_ _ _ _ _ _ _ _ _ _ _ _ _ _ _ _ _ _ _ _ _ _ _ _ _ _ _ _ _ _ _ _ _ _ _ _ _ _ _ _ _ _ _ _ _ _ _ _ _ _ _ _ _ _ _ _ _ _ _ _ _ _ _ _ _ _ _ _ _ _ _ _ _ _ _ _ _ _ _ _ \n\nself = &amp;lt;selenium.webdriver.remote.errorhandler.ErrorHandler object at 0x00000200BFCC81A0&amp;gt;\nresponse = {&amp;#x27;status&amp;#x27;: 404, &amp;#x27;value&amp;#x27;: &amp;#x27;{&amp;quot;value&amp;quot;:{&amp;quot;error&amp;quot;:&amp;quot;no such element&amp;quot;,&amp;quot;message&amp;quot;:&amp;quot;no such element: Unable to locate element: {\\...ff7caf110a8+11064]\\\\n\\\\tBaseThreadInitThunk [0x0x7ffe49ed7374+20]\\\\n\\\\tRtlUserThreadStart [0x0x7ffe4a1bcc91+33]\\\\n&amp;quot;}}&amp;#x27;}\n\n    def check_response(self, response: dict[str, Any]) -&amp;gt; None:\n        &amp;quot;&amp;quot;&amp;quot;Checks that a JSON response from the WebDriver does not have an\n        error.\n    \n        :Args:\n         - response - The JSON response from the WebDriver server as a dictionary\n           object.\n    \n        :Raises: If the response contains an error message.\n        &amp;quot;&amp;quot;&amp;quot;\n        status = response.get(&amp;quot;status&amp;quot;, None)\n        if not status or status == ErrorCode.SUCCESS:\n            return\n        value = None\n        message = response.get(&amp;quot;message&amp;quot;, &amp;quot;&amp;quot;)\n        screen: str = response.get(&amp;quot;screen&amp;quot;, &amp;quot;&amp;quot;)\n        stacktrace = None\n        if isinstance(status, int):\n            value_json = response.get(&amp;quot;value&amp;quot;, None)\n            if value_json and isinstance(value_json, str):\n                try:\n                    value = json.loads(value_json)\n                    if isinstance(value, dict):\n                        if len(value) == 1:\n                            value = value[&amp;quot;value&amp;quot;]\n                        status = value.get(&amp;quot;error&amp;quot;, None)\n                        if not status:\n                            status = value.get(&amp;quot;status&amp;quot;, ErrorCode.UNKNOWN_ERROR)\n                            message = value.get(&amp;quot;value&amp;quot;) or value.get(&amp;quot;message&amp;quot;)\n                            if not isinstance(message, str):\n                                value = message\n                                message = message.get(&amp;quot;message&amp;quot;)\n                        else:\n                            message = value.get(&amp;quot;message&amp;quot;, None)\n                except ValueError:\n                    pass\n    \n        exception_class: type[WebDriverException]\n        e = ErrorCode()\n        error_codes = [item for item in dir(e) if not item.startswith(&amp;quot;__&amp;quot;)]\n        for error_code in error_codes:\n            error_info = getattr(ErrorCode, error_code)\n            if isinstance(error_info, list) and status in error_info:\n                exception_class = getattr(ExceptionMapping, error_code, WebDriverException)\n                break\n        else:\n            exception_class = WebDriverException\n    \n        if not value:\n            value = response[&amp;quot;value&amp;quot;]\n        if isinstance(value, str):\n            raise exception_class(value)\n        if message == &amp;quot;&amp;quot; and &amp;quot;message&amp;quot; in value:\n            message = value[&amp;quot;message&amp;quot;]\n    \n        screen = None  # type: ignore[assignment]\n        if &amp;quot;screen&amp;quot; in value:\n            screen = value[&amp;quot;screen&amp;quot;]\n    \n        stacktrace = None\n        st_value = value.get(&amp;quot;stackTrace&amp;quot;) or value.get(&amp;quot;stacktrace&amp;quot;)\n        if st_value:\n            if isinstance(st_value, str):\n                stacktrace = st_value.split(&amp;quot;\\n&amp;quot;)\n            else:\n                stacktrace = []\n                try:\n                    for frame in st_value:\n                        line = frame.get(&amp;quot;lineNumber&amp;quot;, &amp;quot;&amp;quot;)\n                        file = frame.get(&amp;quot;fileName&amp;quot;, &amp;quot;&amp;lt;anonymous&amp;gt;&amp;quot;)\n                        if line:\n                            file = f&amp;quot;{file}:{line}&amp;quot;\n                        meth = frame.get(&amp;quot;methodName&amp;quot;, &amp;quot;&amp;lt;anonymous&amp;gt;&amp;quot;)\n                        if &amp;quot;className&amp;quot; in frame:\n                            meth = f&amp;quot;{frame[&amp;#x27;className&amp;#x27;]}.{meth}&amp;quot;\n                        msg = &amp;quot;    at %s (%s)&amp;quot;\n                        msg = msg % (meth, file)\n                        stacktrace.append(msg)\n                except TypeError:\n                    pass\n        if exception_class == UnexpectedAlertPresentException:\n            alert_text = None\n            if &amp;quot;data&amp;quot; in value:\n                alert_text = value[&amp;quot;data&amp;quot;].get(&amp;quot;text&amp;quot;)\n            elif &amp;quot;alert&amp;quot; in value:\n                alert_text = value[&amp;quot;alert&amp;quot;].get(&amp;quot;text&amp;quot;)\n            raise exception_class(message, screen, stacktrace, alert_text)  # type: ignore[call-arg]  # mypy is not smart enough here\n&amp;gt;       raise exception_class(message, screen, stacktrace)\nE       selenium.common.exceptions.NoSuchElementException: Message: no such element: Unable to locate element: {&amp;quot;method&amp;quot;:&amp;quot;css selector&amp;quot;,&amp;quot;selector&amp;quot;:&amp;quot;[id=&amp;quot;search_product&amp;quot;]&amp;quot;}\nE         (Session info: chrome=140.0.7339.128); For documentation on this error, please visit: https://www.selenium.dev/documentation/webdriver/troubleshooting/errors#nosuchelementexception\nE       Stacktrace:\nE       \tGetHandleVerifier [0x0x7ff7caf21eb5+80197]\nE       \tGetHandleVerifier [0x0x7ff7caf21f10+80288]\nE       \t(No symbol) [0x0x7ff7caca02fa]\nE       \t(No symbol) [0x0x7ff7cacf7cd7]\nE       \t(No symbol) [0x0x7ff7cacf7f9c]\nE       \t(No symbol) [0x0x7ff7cad4ba87]\nE       \t(No symbol) [0x0x7ff7cad203bf]\nE       \t(No symbol) [0x0x7ff7cad487fb]\nE       \t(No symbol) [0x0x7ff7cad20153]\nE       \t(No symbol) [0x0x7ff7cace8b02]\nE       \t(No symbol) [0x0x7ff7cace98d3]\nE       \tGetHandleVerifier [0x0x7ff7cb1de83d+2949837]\nE       \tGetHandleVerifier [0x0x7ff7cb1d8c6a+2926330]\nE       \tGetHandleVerifier [0x0x7ff7cb1f86c7+3055959]\nE       \tGetHandleVerifier [0x0x7ff7caf3cfee+191102]\nE       \tGetHandleVerifier [0x0x7ff7caf450af+224063]\nE       \tGetHandleVerifier [0x0x7ff7caf2af64+117236]\nE       \tGetHandleVerifier [0x0x7ff7caf2b119+117673]\nE       \tGetHandleVerifier [0x0x7ff7caf110a8+11064]\nE       \tBaseThreadInitThunk [0x0x7ffe49ed7374+20]\nE       \tRtlUserThreadStart [0x0x7ffe4a1bcc91+33]\n\nvenv\\Lib\\site-packages\\selenium\\webdriver\\remote\\errorhandler.py:232: NoSuchElementException\n&#34;}], &#34;tests/test_products.py::test_is_product_present&#34;: [{&#34;extras&#34;: [], &#34;result&#34;: &#34;Failed&#34;, &#34;testId&#34;: &#34;tests/test_products.py::test_is_product_present&#34;, &#34;duration&#34;: &#34;00:00:01&#34;, &#34;resultsTableRow&#34;: [&#34;&lt;td class=\&#34;col-result\&#34;&gt;Failed&lt;/td&gt;&#34;, &#34;&lt;td class=\&#34;col-testId\&#34;&gt;tests/test_products.py::test_is_product_present&lt;/td&gt;&#34;, &#34;&lt;td class=\&#34;col-duration\&#34;&gt;00:00:01&lt;/td&gt;&#34;, &#34;&lt;td class=\&#34;col-links\&#34;&gt;&lt;/td&gt;&#34;], &#34;log&#34;: &#34;driver = &amp;lt;selenium.webdriver.chrome.webdriver.WebDriver (session=&amp;quot;4da612c8890fe83859423ce44830f494&amp;quot;)&amp;gt;, product_name = &amp;#x27;Tshirt&amp;#x27;\n\n    def test_is_product_present(driver, product_name):\n        open_homepage(driver)\n&amp;gt;       search_product(driver, product_name)\n\ntests\\test_products.py:14: \n_ _ _ _ _ _ _ _ _ _ _ _ _ _ _ _ _ _ _ _ _ _ _ _ _ _ _ _ _ _ _ _ _ _ _ _ _ _ _ _ _ _ _ _ _ _ _ _ _ _ _ _ _ _ _ _ _ _ _ _ _ _ _ _ _ _ _ _ _ _ _ _ _ _ _ _ _ _ _ _ \nutils\\selenium_helpers.py:22: in search_product\n    search_box = driver.find_element(By.ID, &amp;quot;search_product&amp;quot;)\n                 ^^^^^^^^^^^^^^^^^^^^^^^^^^^^^^^^^^^^^^^^^^^^\nvenv\\Lib\\site-packages\\selenium\\webdriver\\remote\\webdriver.py:926: in find_element\n    return self.execute(Command.FIND_ELEMENT, {&amp;quot;using&amp;quot;: by, &amp;quot;value&amp;quot;: value})[&amp;quot;value&amp;quot;]\n           ^^^^^^^^^^^^^^^^^^^^^^^^^^^^^^^^^^^^^^^^^^^^^^^^^^^^^^^^^^^^^^^^^\nvenv\\Lib\\site-packages\\selenium\\webdriver\\remote\\webdriver.py:458: in execute\n    self.error_handler.check_response(response)\n_ _ _ _ _ _ _ _ _ _ _ _ _ _ _ _ _ _ _ _ _ _ _ _ _ _ _ _ _ _ _ _ _ _ _ _ _ _ _ _ _ _ _ _ _ _ _ _ _ _ _ _ _ _ _ _ _ _ _ _ _ _ _ _ _ _ _ _ _ _ _ _ _ _ _ _ _ _ _ _ \n\nself = &amp;lt;selenium.webdriver.remote.errorhandler.ErrorHandler object at 0x00000200BFCC81A0&amp;gt;\nresponse = {&amp;#x27;status&amp;#x27;: 404, &amp;#x27;value&amp;#x27;: &amp;#x27;{&amp;quot;value&amp;quot;:{&amp;quot;error&amp;quot;:&amp;quot;no such element&amp;quot;,&amp;quot;message&amp;quot;:&amp;quot;no such element: Unable to locate element: {\\...ff7caf110a8+11064]\\\\n\\\\tBaseThreadInitThunk [0x0x7ffe49ed7374+20]\\\\n\\\\tRtlUserThreadStart [0x0x7ffe4a1bcc91+33]\\\\n&amp;quot;}}&amp;#x27;}\n\n    def check_response(self, response: dict[str, Any]) -&amp;gt; None:\n        &amp;quot;&amp;quot;&amp;quot;Checks that a JSON response from the WebDriver does not have an\n        error.\n    \n        :Args:\n         - response - The JSON response from the WebDriver server as a dictionary\n           object.\n    \n        :Raises: If the response contains an error message.\n        &amp;quot;&amp;quot;&amp;quot;\n        status = response.get(&amp;quot;status&amp;quot;, None)\n        if not status or status == ErrorCode.SUCCESS:\n            return\n        value = None\n        message = response.get(&amp;quot;message&amp;quot;, &amp;quot;&amp;quot;)\n        screen: str = response.get(&amp;quot;screen&amp;quot;, &amp;quot;&amp;quot;)\n        stacktrace = None\n        if isinstance(status, int):\n            value_json = response.get(&amp;quot;value&amp;quot;, None)\n            if value_json and isinstance(value_json, str):\n                try:\n                    value = json.loads(value_json)\n                    if isinstance(value, dict):\n                        if len(value) == 1:\n                            value = value[&amp;quot;value&amp;quot;]\n                        status = value.get(&amp;quot;error&amp;quot;, None)\n                        if not status:\n                            status = value.get(&amp;quot;status&amp;quot;, ErrorCode.UNKNOWN_ERROR)\n                            message = value.get(&amp;quot;value&amp;quot;) or value.get(&amp;quot;message&amp;quot;)\n                            if not isinstance(message, str):\n                                value = message\n                                message = message.get(&amp;quot;message&amp;quot;)\n                        else:\n                            message = value.get(&amp;quot;message&amp;quot;, None)\n                except ValueError:\n                    pass\n    \n        exception_class: type[WebDriverException]\n        e = ErrorCode()\n        error_codes = [item for item in dir(e) if not item.startswith(&amp;quot;__&amp;quot;)]\n        for error_code in error_codes:\n            error_info = getattr(ErrorCode, error_code)\n            if isinstance(error_info, list) and status in error_info:\n                exception_class = getattr(ExceptionMapping, error_code, WebDriverException)\n                break\n        else:\n            exception_class = WebDriverException\n    \n        if not value:\n            value = response[&amp;quot;value&amp;quot;]\n        if isinstance(value, str):\n            raise exception_class(value)\n        if message == &amp;quot;&amp;quot; and &amp;quot;message&amp;quot; in value:\n            message = value[&amp;quot;message&amp;quot;]\n    \n        screen = None  # type: ignore[assignment]\n        if &amp;quot;screen&amp;quot; in value:\n            screen = value[&amp;quot;screen&amp;quot;]\n    \n        stacktrace = None\n        st_value = value.get(&amp;quot;stackTrace&amp;quot;) or value.get(&amp;quot;stacktrace&amp;quot;)\n        if st_value:\n            if isinstance(st_value, str):\n                stacktrace = st_value.split(&amp;quot;\\n&amp;quot;)\n            else:\n                stacktrace = []\n                try:\n                    for frame in st_value:\n                        line = frame.get(&amp;quot;lineNumber&amp;quot;, &amp;quot;&amp;quot;)\n                        file = frame.get(&amp;quot;fileName&amp;quot;, &amp;quot;&amp;lt;anonymous&amp;gt;&amp;quot;)\n                        if line:\n                            file = f&amp;quot;{file}:{line}&amp;quot;\n                        meth = frame.get(&amp;quot;methodName&amp;quot;, &amp;quot;&amp;lt;anonymous&amp;gt;&amp;quot;)\n                        if &amp;quot;className&amp;quot; in frame:\n                            meth = f&amp;quot;{frame[&amp;#x27;className&amp;#x27;]}.{meth}&amp;quot;\n                        msg = &amp;quot;    at %s (%s)&amp;quot;\n                        msg = msg % (meth, file)\n                        stacktrace.append(msg)\n                except TypeError:\n                    pass\n        if exception_class == UnexpectedAlertPresentException:\n            alert_text = None\n            if &amp;quot;data&amp;quot; in value:\n                alert_text = value[&amp;quot;data&amp;quot;].get(&amp;quot;text&amp;quot;)\n            elif &amp;quot;alert&amp;quot; in value:\n                alert_text = value[&amp;quot;alert&amp;quot;].get(&amp;quot;text&amp;quot;)\n            raise exception_class(message, screen, stacktrace, alert_text)  # type: ignore[call-arg]  # mypy is not smart enough here\n&amp;gt;       raise exception_class(message, screen, stacktrace)\nE       selenium.common.exceptions.NoSuchElementException: Message: no such element: Unable to locate element: {&amp;quot;method&amp;quot;:&amp;quot;css selector&amp;quot;,&amp;quot;selector&amp;quot;:&amp;quot;[id=&amp;quot;search_product&amp;quot;]&amp;quot;}\nE         (Session info: chrome=140.0.7339.128); For documentation on this error, please visit: https://www.selenium.dev/documentation/webdriver/troubleshooting/errors#nosuchelementexception\nE       Stacktrace:\nE       \tGetHandleVerifier [0x0x7ff7caf21eb5+80197]\nE       \tGetHandleVerifier [0x0x7ff7caf21f10+80288]\nE       \t(No symbol) [0x0x7ff7caca02fa]\nE       \t(No symbol) [0x0x7ff7cacf7cd7]\nE       \t(No symbol) [0x0x7ff7cacf7f9c]\nE       \t(No symbol) [0x0x7ff7cad4ba87]\nE       \t(No symbol) [0x0x7ff7cad203bf]\nE       \t(No symbol) [0x0x7ff7cad487fb]\nE       \t(No symbol) [0x0x7ff7cad20153]\nE       \t(No symbol) [0x0x7ff7cace8b02]\nE       \t(No symbol) [0x0x7ff7cace98d3]\nE       \tGetHandleVerifier [0x0x7ff7cb1de83d+2949837]\nE       \tGetHandleVerifier [0x0x7ff7cb1d8c6a+2926330]\nE       \tGetHandleVerifier [0x0x7ff7cb1f86c7+3055959]\nE       \tGetHandleVerifier [0x0x7ff7caf3cfee+191102]\nE       \tGetHandleVerifier [0x0x7ff7caf450af+224063]\nE       \tGetHandleVerifier [0x0x7ff7caf2af64+117236]\nE       \tGetHandleVerifier [0x0x7ff7caf2b119+117673]\nE       \tGetHandleVerifier [0x0x7ff7caf110a8+11064]\nE       \tBaseThreadInitThunk [0x0x7ffe49ed7374+20]\nE       \tRtlUserThreadStart [0x0x7ffe4a1bcc91+33]\n\nvenv\\Lib\\site-packages\\selenium\\webdriver\\remote\\errorhandler.py:232: NoSuchElementException\n&#34;}], &#34;tests/test_products.py::test_verify_all_products_and_detail&#34;: [{&#34;extras&#34;: [], &#34;result&#34;: &#34;Failed&#34;, &#34;testId&#34;: &#34;tests/test_products.py::test_verify_all_products_and_detail&#34;, &#34;duration&#34;: &#34;00:00:02&#34;, &#34;resultsTableRow&#34;: [&#34;&lt;td class=\&#34;col-result\&#34;&gt;Failed&lt;/td&gt;&#34;, &#34;&lt;td class=\&#34;col-testId\&#34;&gt;tests/test_products.py::test_verify_all_products_and_detail&lt;/td&gt;&#34;, &#34;&lt;td class=\&#34;col-duration\&#34;&gt;00:00:02&lt;/td&gt;&#34;, &#34;&lt;td class=\&#34;col-links\&#34;&gt;&lt;/td&gt;&#34;], &#34;log&#34;: &#34;driver = &amp;lt;selenium.webdriver.chrome.webdriver.WebDriver (session=&amp;quot;4da612c8890fe83859423ce44830f494&amp;quot;)&amp;gt;\n\n    def test_verify_all_products_and_detail(driver):\n        open_homepage(driver)\n&amp;gt;       view_all_products(driver)\n\ntests\\test_products.py:19: \n_ _ _ _ _ _ _ _ _ _ _ _ _ _ _ _ _ _ _ _ _ _ _ _ _ _ _ _ _ _ _ _ _ _ _ _ _ _ _ _ _ _ _ _ _ _ _ _ _ _ _ _ _ _ _ _ _ _ _ _ _ _ _ _ _ _ _ _ _ _ _ _ _ _ _ _ _ _ _ _ \nutils\\selenium_helpers.py:87: in view_all_products\n    driver.find_element(By.LINK_TEXT, &amp;quot;Products&amp;quot;).click()\n    ^^^^^^^^^^^^^^^^^^^^^^^^^^^^^^^^^^^^^^^^^^^^^\nvenv\\Lib\\site-packages\\selenium\\webdriver\\remote\\webdriver.py:926: in find_element\n    return self.execute(Command.FIND_ELEMENT, {&amp;quot;using&amp;quot;: by, &amp;quot;value&amp;quot;: value})[&amp;quot;value&amp;quot;]\n           ^^^^^^^^^^^^^^^^^^^^^^^^^^^^^^^^^^^^^^^^^^^^^^^^^^^^^^^^^^^^^^^^^\nvenv\\Lib\\site-packages\\selenium\\webdriver\\remote\\webdriver.py:458: in execute\n    self.error_handler.check_response(response)\n_ _ _ _ _ _ _ _ _ _ _ _ _ _ _ _ _ _ _ _ _ _ _ _ _ _ _ _ _ _ _ _ _ _ _ _ _ _ _ _ _ _ _ _ _ _ _ _ _ _ _ _ _ _ _ _ _ _ _ _ _ _ _ _ _ _ _ _ _ _ _ _ _ _ _ _ _ _ _ _ \n\nself = &amp;lt;selenium.webdriver.remote.errorhandler.ErrorHandler object at 0x00000200BFCC81A0&amp;gt;\nresponse = {&amp;#x27;status&amp;#x27;: 404, &amp;#x27;value&amp;#x27;: &amp;#x27;{&amp;quot;value&amp;quot;:{&amp;quot;error&amp;quot;:&amp;quot;no such element&amp;quot;,&amp;quot;message&amp;quot;:&amp;quot;no such element: Unable to locate element: {\\...ff7caf110a8+11064]\\\\n\\\\tBaseThreadInitThunk [0x0x7ffe49ed7374+20]\\\\n\\\\tRtlUserThreadStart [0x0x7ffe4a1bcc91+33]\\\\n&amp;quot;}}&amp;#x27;}\n\n    def check_response(self, response: dict[str, Any]) -&amp;gt; None:\n        &amp;quot;&amp;quot;&amp;quot;Checks that a JSON response from the WebDriver does not have an\n        error.\n    \n        :Args:\n         - response - The JSON response from the WebDriver server as a dictionary\n           object.\n    \n        :Raises: If the response contains an error message.\n        &amp;quot;&amp;quot;&amp;quot;\n        status = response.get(&amp;quot;status&amp;quot;, None)\n        if not status or status == ErrorCode.SUCCESS:\n            return\n        value = None\n        message = response.get(&amp;quot;message&amp;quot;, &amp;quot;&amp;quot;)\n        screen: str = response.get(&amp;quot;screen&amp;quot;, &amp;quot;&amp;quot;)\n        stacktrace = None\n        if isinstance(status, int):\n            value_json = response.get(&amp;quot;value&amp;quot;, None)\n            if value_json and isinstance(value_json, str):\n                try:\n                    value = json.loads(value_json)\n                    if isinstance(value, dict):\n                        if len(value) == 1:\n                            value = value[&amp;quot;value&amp;quot;]\n                        status = value.get(&amp;quot;error&amp;quot;, None)\n                        if not status:\n                            status = value.get(&amp;quot;status&amp;quot;, ErrorCode.UNKNOWN_ERROR)\n                            message = value.get(&amp;quot;value&amp;quot;) or value.get(&amp;quot;message&amp;quot;)\n                            if not isinstance(message, str):\n                                value = message\n                                message = message.get(&amp;quot;message&amp;quot;)\n                        else:\n                            message = value.get(&amp;quot;message&amp;quot;, None)\n                except ValueError:\n                    pass\n    \n        exception_class: type[WebDriverException]\n        e = ErrorCode()\n        error_codes = [item for item in dir(e) if not item.startswith(&amp;quot;__&amp;quot;)]\n        for error_code in error_codes:\n            error_info = getattr(ErrorCode, error_code)\n            if isinstance(error_info, list) and status in error_info:\n                exception_class = getattr(ExceptionMapping, error_code, WebDriverException)\n                break\n        else:\n            exception_class = WebDriverException\n    \n        if not value:\n            value = response[&amp;quot;value&amp;quot;]\n        if isinstance(value, str):\n            raise exception_class(value)\n        if message == &amp;quot;&amp;quot; and &amp;quot;message&amp;quot; in value:\n            message = value[&amp;quot;message&amp;quot;]\n    \n        screen = None  # type: ignore[assignment]\n        if &amp;quot;screen&amp;quot; in value:\n            screen = value[&amp;quot;screen&amp;quot;]\n    \n        stacktrace = None\n        st_value = value.get(&amp;quot;stackTrace&amp;quot;) or value.get(&amp;quot;stacktrace&amp;quot;)\n        if st_value:\n            if isinstance(st_value, str):\n                stacktrace = st_value.split(&amp;quot;\\n&amp;quot;)\n            else:\n                stacktrace = []\n                try:\n                    for frame in st_value:\n                        line = frame.get(&amp;quot;lineNumber&amp;quot;, &amp;quot;&amp;quot;)\n                        file = frame.get(&amp;quot;fileName&amp;quot;, &amp;quot;&amp;lt;anonymous&amp;gt;&amp;quot;)\n                        if line:\n                            file = f&amp;quot;{file}:{line}&amp;quot;\n                        meth = frame.get(&amp;quot;methodName&amp;quot;, &amp;quot;&amp;lt;anonymous&amp;gt;&amp;quot;)\n                        if &amp;quot;className&amp;quot; in frame:\n                            meth = f&amp;quot;{frame[&amp;#x27;className&amp;#x27;]}.{meth}&amp;quot;\n                        msg = &amp;quot;    at %s (%s)&amp;quot;\n                        msg = msg % (meth, file)\n                        stacktrace.append(msg)\n                except TypeError:\n                    pass\n        if exception_class == UnexpectedAlertPresentException:\n            alert_text = None\n            if &amp;quot;data&amp;quot; in value:\n                alert_text = value[&amp;quot;data&amp;quot;].get(&amp;quot;text&amp;quot;)\n            elif &amp;quot;alert&amp;quot; in value:\n                alert_text = value[&amp;quot;alert&amp;quot;].get(&amp;quot;text&amp;quot;)\n            raise exception_class(message, screen, stacktrace, alert_text)  # type: ignore[call-arg]  # mypy is not smart enough here\n&amp;gt;       raise exception_class(message, screen, stacktrace)\nE       selenium.common.exceptions.NoSuchElementException: Message: no such element: Unable to locate element: {&amp;quot;method&amp;quot;:&amp;quot;link text&amp;quot;,&amp;quot;selector&amp;quot;:&amp;quot;Products&amp;quot;}\nE         (Session info: chrome=140.0.7339.128); For documentation on this error, please visit: https://www.selenium.dev/documentation/webdriver/troubleshooting/errors#nosuchelementexception\nE       Stacktrace:\nE       \tGetHandleVerifier [0x0x7ff7caf21eb5+80197]\nE       \tGetHandleVerifier [0x0x7ff7caf21f10+80288]\nE       \t(No symbol) [0x0x7ff7caca02fa]\nE       \t(No symbol) [0x0x7ff7cacf7cd7]\nE       \t(No symbol) [0x0x7ff7cacf7f9c]\nE       \t(No symbol) [0x0x7ff7cad4ba87]\nE       \t(No symbol) [0x0x7ff7cad203bf]\nE       \t(No symbol) [0x0x7ff7cad487fb]\nE       \t(No symbol) [0x0x7ff7cad20153]\nE       \t(No symbol) [0x0x7ff7cace8b02]\nE       \t(No symbol) [0x0x7ff7cace98d3]\nE       \tGetHandleVerifier [0x0x7ff7cb1de83d+2949837]\nE       \tGetHandleVerifier [0x0x7ff7cb1d8c6a+2926330]\nE       \tGetHandleVerifier [0x0x7ff7cb1f86c7+3055959]\nE       \tGetHandleVerifier [0x0x7ff7caf3cfee+191102]\nE       \tGetHandleVerifier [0x0x7ff7caf450af+224063]\nE       \tGetHandleVerifier [0x0x7ff7caf2af64+117236]\nE       \tGetHandleVerifier [0x0x7ff7caf2b119+117673]\nE       \tGetHandleVerifier [0x0x7ff7caf110a8+11064]\nE       \tBaseThreadInitThunk [0x0x7ffe49ed7374+20]\nE       \tRtlUserThreadStart [0x0x7ffe4a1bcc91+33]\n\nvenv\\Lib\\site-packages\\selenium\\webdriver\\remote\\errorhandler.py:232: NoSuchElementException\n&#34;}], &#34;tests/test_products.py::test_add_review_on_product&#34;: [{&#34;extras&#34;: [], &#34;result&#34;: &#34;Failed&#34;, &#34;testId&#34;: &#34;tests/test_products.py::test_add_review_on_product&#34;, &#34;duration&#34;: &#34;00:00:02&#34;, &#34;resultsTableRow&#34;: [&#34;&lt;td class=\&#34;col-result\&#34;&gt;Failed&lt;/td&gt;&#34;, &#34;&lt;td class=\&#34;col-testId\&#34;&gt;tests/test_products.py::test_add_review_on_product&lt;/td&gt;&#34;, &#34;&lt;td class=\&#34;col-duration\&#34;&gt;00:00:02&lt;/td&gt;&#34;, &#34;&lt;td class=\&#34;col-links\&#34;&gt;&lt;/td&gt;&#34;], &#34;log&#34;: &#34;driver = &amp;lt;selenium.webdriver.chrome.webdriver.WebDriver (session=&amp;quot;4da612c8890fe83859423ce44830f494&amp;quot;)&amp;gt;\ntest_user = {&amp;#x27;email&amp;#x27;: &amp;#x27;validuser@example.com&amp;#x27;, &amp;#x27;name&amp;#x27;: &amp;#x27;Test User&amp;#x27;, &amp;#x27;password&amp;#x27;: &amp;#x27;TestPassword123!&amp;#x27;}, review_text = &amp;#x27;Great product!&amp;#x27;\n\n    def test_add_review_on_product(driver, test_user, review_text):\n        open_homepage(driver)\n&amp;gt;       add_review(driver, test_user[&amp;quot;name&amp;quot;], test_user[&amp;quot;email&amp;quot;], review_text)\n\ntests\\test_products.py:26: \n_ _ _ _ _ _ _ _ _ _ _ _ _ _ _ _ _ _ _ _ _ _ _ _ _ _ _ _ _ _ _ _ _ _ _ _ _ _ _ _ _ _ _ _ _ _ _ _ _ _ _ _ _ _ _ _ _ _ _ _ _ _ _ _ _ _ _ _ _ _ _ _ _ _ _ _ _ _ _ _ \nutils\\selenium_helpers.py:168: in add_review\n    view_product_detail(driver, product_index)\nutils\\selenium_helpers.py:93: in view_product_detail\n    view_all_products(driver)\nutils\\selenium_helpers.py:87: in view_all_products\n    driver.find_element(By.LINK_TEXT, &amp;quot;Products&amp;quot;).click()\n    ^^^^^^^^^^^^^^^^^^^^^^^^^^^^^^^^^^^^^^^^^^^^^\nvenv\\Lib\\site-packages\\selenium\\webdriver\\remote\\webdriver.py:926: in find_element\n    return self.execute(Command.FIND_ELEMENT, {&amp;quot;using&amp;quot;: by, &amp;quot;value&amp;quot;: value})[&amp;quot;value&amp;quot;]\n           ^^^^^^^^^^^^^^^^^^^^^^^^^^^^^^^^^^^^^^^^^^^^^^^^^^^^^^^^^^^^^^^^^\nvenv\\Lib\\site-packages\\selenium\\webdriver\\remote\\webdriver.py:458: in execute\n    self.error_handler.check_response(response)\n_ _ _ _ _ _ _ _ _ _ _ _ _ _ _ _ _ _ _ _ _ _ _ _ _ _ _ _ _ _ _ _ _ _ _ _ _ _ _ _ _ _ _ _ _ _ _ _ _ _ _ _ _ _ _ _ _ _ _ _ _ _ _ _ _ _ _ _ _ _ _ _ _ _ _ _ _ _ _ _ \n\nself = &amp;lt;selenium.webdriver.remote.errorhandler.ErrorHandler object at 0x00000200BFCC81A0&amp;gt;\nresponse = {&amp;#x27;status&amp;#x27;: 404, &amp;#x27;value&amp;#x27;: &amp;#x27;{&amp;quot;value&amp;quot;:{&amp;quot;error&amp;quot;:&amp;quot;no such element&amp;quot;,&amp;quot;message&amp;quot;:&amp;quot;no such element: Unable to locate element: {\\...ff7caf110a8+11064]\\\\n\\\\tBaseThreadInitThunk [0x0x7ffe49ed7374+20]\\\\n\\\\tRtlUserThreadStart [0x0x7ffe4a1bcc91+33]\\\\n&amp;quot;}}&amp;#x27;}\n\n    def check_response(self, response: dict[str, Any]) -&amp;gt; None:\n        &amp;quot;&amp;quot;&amp;quot;Checks that a JSON response from the WebDriver does not have an\n        error.\n    \n        :Args:\n         - response - The JSON response from the WebDriver server as a dictionary\n           object.\n    \n        :Raises: If the response contains an error message.\n        &amp;quot;&amp;quot;&amp;quot;\n        status = response.get(&amp;quot;status&amp;quot;, None)\n        if not status or status == ErrorCode.SUCCESS:\n            return\n        value = None\n        message = response.get(&amp;quot;message&amp;quot;, &amp;quot;&amp;quot;)\n        screen: str = response.get(&amp;quot;screen&amp;quot;, &amp;quot;&amp;quot;)\n        stacktrace = None\n        if isinstance(status, int):\n            value_json = response.get(&amp;quot;value&amp;quot;, None)\n            if value_json and isinstance(value_json, str):\n                try:\n                    value = json.loads(value_json)\n                    if isinstance(value, dict):\n                        if len(value) == 1:\n                            value = value[&amp;quot;value&amp;quot;]\n                        status = value.get(&amp;quot;error&amp;quot;, None)\n                        if not status:\n                            status = value.get(&amp;quot;status&amp;quot;, ErrorCode.UNKNOWN_ERROR)\n                            message = value.get(&amp;quot;value&amp;quot;) or value.get(&amp;quot;message&amp;quot;)\n                            if not isinstance(message, str):\n                                value = message\n                                message = message.get(&amp;quot;message&amp;quot;)\n                        else:\n                            message = value.get(&amp;quot;message&amp;quot;, None)\n                except ValueError:\n                    pass\n    \n        exception_class: type[WebDriverException]\n        e = ErrorCode()\n        error_codes = [item for item in dir(e) if not item.startswith(&amp;quot;__&amp;quot;)]\n        for error_code in error_codes:\n            error_info = getattr(ErrorCode, error_code)\n            if isinstance(error_info, list) and status in error_info:\n                exception_class = getattr(ExceptionMapping, error_code, WebDriverException)\n                break\n        else:\n            exception_class = WebDriverException\n    \n        if not value:\n            value = response[&amp;quot;value&amp;quot;]\n        if isinstance(value, str):\n            raise exception_class(value)\n        if message == &amp;quot;&amp;quot; and &amp;quot;message&amp;quot; in value:\n            message = value[&amp;quot;message&amp;quot;]\n    \n        screen = None  # type: ignore[assignment]\n        if &amp;quot;screen&amp;quot; in value:\n            screen = value[&amp;quot;screen&amp;quot;]\n    \n        stacktrace = None\n        st_value = value.get(&amp;quot;stackTrace&amp;quot;) or value.get(&amp;quot;stacktrace&amp;quot;)\n        if st_value:\n            if isinstance(st_value, str):\n                stacktrace = st_value.split(&amp;quot;\\n&amp;quot;)\n            else:\n                stacktrace = []\n                try:\n                    for frame in st_value:\n                        line = frame.get(&amp;quot;lineNumber&amp;quot;, &amp;quot;&amp;quot;)\n                        file = frame.get(&amp;quot;fileName&amp;quot;, &amp;quot;&amp;lt;anonymous&amp;gt;&amp;quot;)\n                        if line:\n                            file = f&amp;quot;{file}:{line}&amp;quot;\n                        meth = frame.get(&amp;quot;methodName&amp;quot;, &amp;quot;&amp;lt;anonymous&amp;gt;&amp;quot;)\n                        if &amp;quot;className&amp;quot; in frame:\n                            meth = f&amp;quot;{frame[&amp;#x27;className&amp;#x27;]}.{meth}&amp;quot;\n                        msg = &amp;quot;    at %s (%s)&amp;quot;\n                        msg = msg % (meth, file)\n                        stacktrace.append(msg)\n                except TypeError:\n                    pass\n        if exception_class == UnexpectedAlertPresentException:\n            alert_text = None\n            if &amp;quot;data&amp;quot; in value:\n                alert_text = value[&amp;quot;data&amp;quot;].get(&amp;quot;text&amp;quot;)\n            elif &amp;quot;alert&amp;quot; in value:\n                alert_text = value[&amp;quot;alert&amp;quot;].get(&amp;quot;text&amp;quot;)\n            raise exception_class(message, screen, stacktrace, alert_text)  # type: ignore[call-arg]  # mypy is not smart enough here\n&amp;gt;       raise exception_class(message, screen, stacktrace)\nE       selenium.common.exceptions.NoSuchElementException: Message: no such element: Unable to locate element: {&amp;quot;method&amp;quot;:&amp;quot;link text&amp;quot;,&amp;quot;selector&amp;quot;:&amp;quot;Products&amp;quot;}\nE         (Session info: chrome=140.0.7339.128); For documentation on this error, please visit: https://www.selenium.dev/documentation/webdriver/troubleshooting/errors#nosuchelementexception\nE       Stacktrace:\nE       \tGetHandleVerifier [0x0x7ff7caf21eb5+80197]\nE       \tGetHandleVerifier [0x0x7ff7caf21f10+80288]\nE       \t(No symbol) [0x0x7ff7caca02fa]\nE       \t(No symbol) [0x0x7ff7cacf7cd7]\nE       \t(No symbol) [0x0x7ff7cacf7f9c]\nE       \t(No symbol) [0x0x7ff7cad4ba87]\nE       \t(No symbol) [0x0x7ff7cad203bf]\nE       \t(No symbol) [0x0x7ff7cad487fb]\nE       \t(No symbol) [0x0x7ff7cad20153]\nE       \t(No symbol) [0x0x7ff7cace8b02]\nE       \t(No symbol) [0x0x7ff7cace98d3]\nE       \tGetHandleVerifier [0x0x7ff7cb1de83d+2949837]\nE       \tGetHandleVerifier [0x0x7ff7cb1d8c6a+2926330]\nE       \tGetHandleVerifier [0x0x7ff7cb1f86c7+3055959]\nE       \tGetHandleVerifier [0x0x7ff7caf3cfee+191102]\nE       \tGetHandleVerifier [0x0x7ff7caf450af+224063]\nE       \tGetHandleVerifier [0x0x7ff7caf2af64+117236]\nE       \tGetHandleVerifier [0x0x7ff7caf2b119+117673]\nE       \tGetHandleVerifier [0x0x7ff7caf110a8+11064]\nE       \tBaseThreadInitThunk [0x0x7ffe49ed7374+20]\nE       \tRtlUserThreadStart [0x0x7ffe4a1bcc91+33]\n\nvenv\\Lib\\site-packages\\selenium\\webdriver\\remote\\errorhandler.py:232: NoSuchElementException\n&#34;}], &#34;tests/test_products.py::test_view_category_products&#34;: [{&#34;extras&#34;: [], &#34;result&#34;: &#34;Failed&#34;, &#34;testId&#34;: &#34;tests/test_products.py::test_view_category_products&#34;, &#34;duration&#34;: &#34;979 ms&#34;, &#34;resultsTableRow&#34;: [&#34;&lt;td class=\&#34;col-result\&#34;&gt;Failed&lt;/td&gt;&#34;, &#34;&lt;td class=\&#34;col-testId\&#34;&gt;tests/test_products.py::test_view_category_products&lt;/td&gt;&#34;, &#34;&lt;td class=\&#34;col-duration\&#34;&gt;979 ms&lt;/td&gt;&#34;, &#34;&lt;td class=\&#34;col-links\&#34;&gt;&lt;/td&gt;&#34;], &#34;log&#34;: &#34;driver = &amp;lt;selenium.webdriver.chrome.webdriver.WebDriver (session=&amp;quot;4da612c8890fe83859423ce44830f494&amp;quot;)&amp;gt;\n\n    def test_view_category_products(driver):\n        open_homepage(driver)\n&amp;gt;       driver.find_element(By.LINK_TEXT, &amp;quot;Women&amp;quot;).click()\n        ^^^^^^^^^^^^^^^^^^^^^^^^^^^^^^^^^^^^^^^^^^\n\ntests\\test_products.py:31: \n_ _ _ _ _ _ _ _ _ _ _ _ _ _ _ _ _ _ _ _ _ _ _ _ _ _ _ _ _ _ _ _ _ _ _ _ _ _ _ _ _ _ _ _ _ _ _ _ _ _ _ _ _ _ _ _ _ _ _ _ _ _ _ _ _ _ _ _ _ _ _ _ _ _ _ _ _ _ _ _ \nvenv\\Lib\\site-packages\\selenium\\webdriver\\remote\\webdriver.py:926: in find_element\n    return self.execute(Command.FIND_ELEMENT, {&amp;quot;using&amp;quot;: by, &amp;quot;value&amp;quot;: value})[&amp;quot;value&amp;quot;]\n           ^^^^^^^^^^^^^^^^^^^^^^^^^^^^^^^^^^^^^^^^^^^^^^^^^^^^^^^^^^^^^^^^^\nvenv\\Lib\\site-packages\\selenium\\webdriver\\remote\\webdriver.py:458: in execute\n    self.error_handler.check_response(response)\n_ _ _ _ _ _ _ _ _ _ _ _ _ _ _ _ _ _ _ _ _ _ _ _ _ _ _ _ _ _ _ _ _ _ _ _ _ _ _ _ _ _ _ _ _ _ _ _ _ _ _ _ _ _ _ _ _ _ _ _ _ _ _ _ _ _ _ _ _ _ _ _ _ _ _ _ _ _ _ _ \n\nself = &amp;lt;selenium.webdriver.remote.errorhandler.ErrorHandler object at 0x00000200BFCC81A0&amp;gt;\nresponse = {&amp;#x27;status&amp;#x27;: 404, &amp;#x27;value&amp;#x27;: &amp;#x27;{&amp;quot;value&amp;quot;:{&amp;quot;error&amp;quot;:&amp;quot;no such element&amp;quot;,&amp;quot;message&amp;quot;:&amp;quot;no such element: Unable to locate element: {\\...ff7caf110a8+11064]\\\\n\\\\tBaseThreadInitThunk [0x0x7ffe49ed7374+20]\\\\n\\\\tRtlUserThreadStart [0x0x7ffe4a1bcc91+33]\\\\n&amp;quot;}}&amp;#x27;}\n\n    def check_response(self, response: dict[str, Any]) -&amp;gt; None:\n        &amp;quot;&amp;quot;&amp;quot;Checks that a JSON response from the WebDriver does not have an\n        error.\n    \n        :Args:\n         - response - The JSON response from the WebDriver server as a dictionary\n           object.\n    \n        :Raises: If the response contains an error message.\n        &amp;quot;&amp;quot;&amp;quot;\n        status = response.get(&amp;quot;status&amp;quot;, None)\n        if not status or status == ErrorCode.SUCCESS:\n            return\n        value = None\n        message = response.get(&amp;quot;message&amp;quot;, &amp;quot;&amp;quot;)\n        screen: str = response.get(&amp;quot;screen&amp;quot;, &amp;quot;&amp;quot;)\n        stacktrace = None\n        if isinstance(status, int):\n            value_json = response.get(&amp;quot;value&amp;quot;, None)\n            if value_json and isinstance(value_json, str):\n                try:\n                    value = json.loads(value_json)\n                    if isinstance(value, dict):\n                        if len(value) == 1:\n                            value = value[&amp;quot;value&amp;quot;]\n                        status = value.get(&amp;quot;error&amp;quot;, None)\n                        if not status:\n                            status = value.get(&amp;quot;status&amp;quot;, ErrorCode.UNKNOWN_ERROR)\n                            message = value.get(&amp;quot;value&amp;quot;) or value.get(&amp;quot;message&amp;quot;)\n                            if not isinstance(message, str):\n                                value = message\n                                message = message.get(&amp;quot;message&amp;quot;)\n                        else:\n                            message = value.get(&amp;quot;message&amp;quot;, None)\n                except ValueError:\n                    pass\n    \n        exception_class: type[WebDriverException]\n        e = ErrorCode()\n        error_codes = [item for item in dir(e) if not item.startswith(&amp;quot;__&amp;quot;)]\n        for error_code in error_codes:\n            error_info = getattr(ErrorCode, error_code)\n            if isinstance(error_info, list) and status in error_info:\n                exception_class = getattr(ExceptionMapping, error_code, WebDriverException)\n                break\n        else:\n            exception_class = WebDriverException\n    \n        if not value:\n            value = response[&amp;quot;value&amp;quot;]\n        if isinstance(value, str):\n            raise exception_class(value)\n        if message == &amp;quot;&amp;quot; and &amp;quot;message&amp;quot; in value:\n            message = value[&amp;quot;message&amp;quot;]\n    \n        screen = None  # type: ignore[assignment]\n        if &amp;quot;screen&amp;quot; in value:\n            screen = value[&amp;quot;screen&amp;quot;]\n    \n        stacktrace = None\n        st_value = value.get(&amp;quot;stackTrace&amp;quot;) or value.get(&amp;quot;stacktrace&amp;quot;)\n        if st_value:\n            if isinstance(st_value, str):\n                stacktrace = st_value.split(&amp;quot;\\n&amp;quot;)\n            else:\n                stacktrace = []\n                try:\n                    for frame in st_value:\n                        line = frame.get(&amp;quot;lineNumber&amp;quot;, &amp;quot;&amp;quot;)\n                        file = frame.get(&amp;quot;fileName&amp;quot;, &amp;quot;&amp;lt;anonymous&amp;gt;&amp;quot;)\n                        if line:\n                            file = f&amp;quot;{file}:{line}&amp;quot;\n                        meth = frame.get(&amp;quot;methodName&amp;quot;, &amp;quot;&amp;lt;anonymous&amp;gt;&amp;quot;)\n                        if &amp;quot;className&amp;quot; in frame:\n                            meth = f&amp;quot;{frame[&amp;#x27;className&amp;#x27;]}.{meth}&amp;quot;\n                        msg = &amp;quot;    at %s (%s)&amp;quot;\n                        msg = msg % (meth, file)\n                        stacktrace.append(msg)\n                except TypeError:\n                    pass\n        if exception_class == UnexpectedAlertPresentException:\n            alert_text = None\n            if &amp;quot;data&amp;quot; in value:\n                alert_text = value[&amp;quot;data&amp;quot;].get(&amp;quot;text&amp;quot;)\n            elif &amp;quot;alert&amp;quot; in value:\n                alert_text = value[&amp;quot;alert&amp;quot;].get(&amp;quot;text&amp;quot;)\n            raise exception_class(message, screen, stacktrace, alert_text)  # type: ignore[call-arg]  # mypy is not smart enough here\n&amp;gt;       raise exception_class(message, screen, stacktrace)\nE       selenium.common.exceptions.NoSuchElementException: Message: no such element: Unable to locate element: {&amp;quot;method&amp;quot;:&amp;quot;link text&amp;quot;,&amp;quot;selector&amp;quot;:&amp;quot;Women&amp;quot;}\nE         (Session info: chrome=140.0.7339.128); For documentation on this error, please visit: https://www.selenium.dev/documentation/webdriver/troubleshooting/errors#nosuchelementexception\nE       Stacktrace:\nE       \tGetHandleVerifier [0x0x7ff7caf21eb5+80197]\nE       \tGetHandleVerifier [0x0x7ff7caf21f10+80288]\nE       \t(No symbol) [0x0x7ff7caca02fa]\nE       \t(No symbol) [0x0x7ff7cacf7cd7]\nE       \t(No symbol) [0x0x7ff7cacf7f9c]\nE       \t(No symbol) [0x0x7ff7cad4ba87]\nE       \t(No symbol) [0x0x7ff7cad203bf]\nE       \t(No symbol) [0x0x7ff7cad487fb]\nE       \t(No symbol) [0x0x7ff7cad20153]\nE       \t(No symbol) [0x0x7ff7cace8b02]\nE       \t(No symbol) [0x0x7ff7cace98d3]\nE       \tGetHandleVerifier [0x0x7ff7cb1de83d+2949837]\nE       \tGetHandleVerifier [0x0x7ff7cb1d8c6a+2926330]\nE       \tGetHandleVerifier [0x0x7ff7cb1f86c7+3055959]\nE       \tGetHandleVerifier [0x0x7ff7caf3cfee+191102]\nE       \tGetHandleVerifier [0x0x7ff7caf450af+224063]\nE       \tGetHandleVerifier [0x0x7ff7caf2af64+117236]\nE       \tGetHandleVerifier [0x0x7ff7caf2b119+117673]\nE       \tGetHandleVerifier [0x0x7ff7caf110a8+11064]\nE       \tBaseThreadInitThunk [0x0x7ffe49ed7374+20]\nE       \tRtlUserThreadStart [0x0x7ffe4a1bcc91+33]\n\nvenv\\Lib\\site-packages\\selenium\\webdriver\\remote\\errorhandler.py:232: NoSuchElementException\n&#34;}], &#34;tests/test_products.py::test_view_and_cart_brand_products&#34;: [{&#34;extras&#34;: [], &#34;result&#34;: &#34;Failed&#34;, &#34;testId&#34;: &#34;tests/test_products.py::test_view_and_cart_brand_products&#34;, &#34;duration&#34;: &#34;00:00:01&#34;, &#34;resultsTableRow&#34;: [&#34;&lt;td class=\&#34;col-result\&#34;&gt;Failed&lt;/td&gt;&#34;, &#34;&lt;td class=\&#34;col-testId\&#34;&gt;tests/test_products.py::test_view_and_cart_brand_products&lt;/td&gt;&#34;, &#34;&lt;td class=\&#34;col-duration\&#34;&gt;00:00:01&lt;/td&gt;&#34;, &#34;&lt;td class=\&#34;col-links\&#34;&gt;&lt;/td&gt;&#34;], &#34;log&#34;: &#34;driver = &amp;lt;selenium.webdriver.chrome.webdriver.WebDriver (session=&amp;quot;4da612c8890fe83859423ce44830f494&amp;quot;)&amp;gt;\n\n    def test_view_and_cart_brand_products(driver):\n        open_homepage(driver)\n&amp;gt;       driver.find_element(By.LINK_TEXT, &amp;quot;Brands&amp;quot;).click()\n        ^^^^^^^^^^^^^^^^^^^^^^^^^^^^^^^^^^^^^^^^^^^\n\ntests\\test_products.py:39: \n_ _ _ _ _ _ _ _ _ _ _ _ _ _ _ _ _ _ _ _ _ _ _ _ _ _ _ _ _ _ _ _ _ _ _ _ _ _ _ _ _ _ _ _ _ _ _ _ _ _ _ _ _ _ _ _ _ _ _ _ _ _ _ _ _ _ _ _ _ _ _ _ _ _ _ _ _ _ _ _ \nvenv\\Lib\\site-packages\\selenium\\webdriver\\remote\\webdriver.py:926: in find_element\n    return self.execute(Command.FIND_ELEMENT, {&amp;quot;using&amp;quot;: by, &amp;quot;value&amp;quot;: value})[&amp;quot;value&amp;quot;]\n           ^^^^^^^^^^^^^^^^^^^^^^^^^^^^^^^^^^^^^^^^^^^^^^^^^^^^^^^^^^^^^^^^^\nvenv\\Lib\\site-packages\\selenium\\webdriver\\remote\\webdriver.py:458: in execute\n    self.error_handler.check_response(response)\n_ _ _ _ _ _ _ _ _ _ _ _ _ _ _ _ _ _ _ _ _ _ _ _ _ _ _ _ _ _ _ _ _ _ _ _ _ _ _ _ _ _ _ _ _ _ _ _ _ _ _ _ _ _ _ _ _ _ _ _ _ _ _ _ _ _ _ _ _ _ _ _ _ _ _ _ _ _ _ _ \n\nself = &amp;lt;selenium.webdriver.remote.errorhandler.ErrorHandler object at 0x00000200BFCC81A0&amp;gt;\nresponse = {&amp;#x27;status&amp;#x27;: 404, &amp;#x27;value&amp;#x27;: &amp;#x27;{&amp;quot;value&amp;quot;:{&amp;quot;error&amp;quot;:&amp;quot;no such element&amp;quot;,&amp;quot;message&amp;quot;:&amp;quot;no such element: Unable to locate element: {\\...ff7caf110a8+11064]\\\\n\\\\tBaseThreadInitThunk [0x0x7ffe49ed7374+20]\\\\n\\\\tRtlUserThreadStart [0x0x7ffe4a1bcc91+33]\\\\n&amp;quot;}}&amp;#x27;}\n\n    def check_response(self, response: dict[str, Any]) -&amp;gt; None:\n        &amp;quot;&amp;quot;&amp;quot;Checks that a JSON response from the WebDriver does not have an\n        error.\n    \n        :Args:\n         - response - The JSON response from the WebDriver server as a dictionary\n           object.\n    \n        :Raises: If the response contains an error message.\n        &amp;quot;&amp;quot;&amp;quot;\n        status = response.get(&amp;quot;status&amp;quot;, None)\n        if not status or status == ErrorCode.SUCCESS:\n            return\n        value = None\n        message = response.get(&amp;quot;message&amp;quot;, &amp;quot;&amp;quot;)\n        screen: str = response.get(&amp;quot;screen&amp;quot;, &amp;quot;&amp;quot;)\n        stacktrace = None\n        if isinstance(status, int):\n            value_json = response.get(&amp;quot;value&amp;quot;, None)\n            if value_json and isinstance(value_json, str):\n                try:\n                    value = json.loads(value_json)\n                    if isinstance(value, dict):\n                        if len(value) == 1:\n                            value = value[&amp;quot;value&amp;quot;]\n                        status = value.get(&amp;quot;error&amp;quot;, None)\n                        if not status:\n                            status = value.get(&amp;quot;status&amp;quot;, ErrorCode.UNKNOWN_ERROR)\n                            message = value.get(&amp;quot;value&amp;quot;) or value.get(&amp;quot;message&amp;quot;)\n                            if not isinstance(message, str):\n                                value = message\n                                message = message.get(&amp;quot;message&amp;quot;)\n                        else:\n                            message = value.get(&amp;quot;message&amp;quot;, None)\n                except ValueError:\n                    pass\n    \n        exception_class: type[WebDriverException]\n        e = ErrorCode()\n        error_codes = [item for item in dir(e) if not item.startswith(&amp;quot;__&amp;quot;)]\n        for error_code in error_codes:\n            error_info = getattr(ErrorCode, error_code)\n            if isinstance(error_info, list) and status in error_info:\n                exception_class = getattr(ExceptionMapping, error_code, WebDriverException)\n                break\n        else:\n            exception_class = WebDriverException\n    \n        if not value:\n            value = response[&amp;quot;value&amp;quot;]\n        if isinstance(value, str):\n            raise exception_class(value)\n        if message == &amp;quot;&amp;quot; and &amp;quot;message&amp;quot; in value:\n            message = value[&amp;quot;message&amp;quot;]\n    \n        screen = None  # type: ignore[assignment]\n        if &amp;quot;screen&amp;quot; in value:\n            screen = value[&amp;quot;screen&amp;quot;]\n    \n        stacktrace = None\n        st_value = value.get(&amp;quot;stackTrace&amp;quot;) or value.get(&amp;quot;stacktrace&amp;quot;)\n        if st_value:\n            if isinstance(st_value, str):\n                stacktrace = st_value.split(&amp;quot;\\n&amp;quot;)\n            else:\n                stacktrace = []\n                try:\n                    for frame in st_value:\n                        line = frame.get(&amp;quot;lineNumber&amp;quot;, &amp;quot;&amp;quot;)\n                        file = frame.get(&amp;quot;fileName&amp;quot;, &amp;quot;&amp;lt;anonymous&amp;gt;&amp;quot;)\n                        if line:\n                            file = f&amp;quot;{file}:{line}&amp;quot;\n                        meth = frame.get(&amp;quot;methodName&amp;quot;, &amp;quot;&amp;lt;anonymous&amp;gt;&amp;quot;)\n                        if &amp;quot;className&amp;quot; in frame:\n                            meth = f&amp;quot;{frame[&amp;#x27;className&amp;#x27;]}.{meth}&amp;quot;\n                        msg = &amp;quot;    at %s (%s)&amp;quot;\n                        msg = msg % (meth, file)\n                        stacktrace.append(msg)\n                except TypeError:\n                    pass\n        if exception_class == UnexpectedAlertPresentException:\n            alert_text = None\n            if &amp;quot;data&amp;quot; in value:\n                alert_text = value[&amp;quot;data&amp;quot;].get(&amp;quot;text&amp;quot;)\n            elif &amp;quot;alert&amp;quot; in value:\n                alert_text = value[&amp;quot;alert&amp;quot;].get(&amp;quot;text&amp;quot;)\n            raise exception_class(message, screen, stacktrace, alert_text)  # type: ignore[call-arg]  # mypy is not smart enough here\n&amp;gt;       raise exception_class(message, screen, stacktrace)\nE       selenium.common.exceptions.NoSuchElementException: Message: no such element: Unable to locate element: {&amp;quot;method&amp;quot;:&amp;quot;link text&amp;quot;,&amp;quot;selector&amp;quot;:&amp;quot;Brands&amp;quot;}\nE         (Session info: chrome=140.0.7339.128); For documentation on this error, please visit: https://www.selenium.dev/documentation/webdriver/troubleshooting/errors#nosuchelementexception\nE       Stacktrace:\nE       \tGetHandleVerifier [0x0x7ff7caf21eb5+80197]\nE       \tGetHandleVerifier [0x0x7ff7caf21f10+80288]\nE       \t(No symbol) [0x0x7ff7caca02fa]\nE       \t(No symbol) [0x0x7ff7cacf7cd7]\nE       \t(No symbol) [0x0x7ff7cacf7f9c]\nE       \t(No symbol) [0x0x7ff7cad4ba87]\nE       \t(No symbol) [0x0x7ff7cad203bf]\nE       \t(No symbol) [0x0x7ff7cad487fb]\nE       \t(No symbol) [0x0x7ff7cad20153]\nE       \t(No symbol) [0x0x7ff7cace8b02]\nE       \t(No symbol) [0x0x7ff7cace98d3]\nE       \tGetHandleVerifier [0x0x7ff7cb1de83d+2949837]\nE       \tGetHandleVerifier [0x0x7ff7cb1d8c6a+2926330]\nE       \tGetHandleVerifier [0x0x7ff7cb1f86c7+3055959]\nE       \tGetHandleVerifier [0x0x7ff7caf3cfee+191102]\nE       \tGetHandleVerifier [0x0x7ff7caf450af+224063]\nE       \tGetHandleVerifier [0x0x7ff7caf2af64+117236]\nE       \tGetHandleVerifier [0x0x7ff7caf2b119+117673]\nE       \tGetHandleVerifier [0x0x7ff7caf110a8+11064]\nE       \tBaseThreadInitThunk [0x0x7ffe49ed7374+20]\nE       \tRtlUserThreadStart [0x0x7ffe4a1bcc91+33]\n\nvenv\\Lib\\site-packages\\selenium\\webdriver\\remote\\errorhandler.py:232: NoSuchElementException\n&#34;}], &#34;tests/test_subscription.py::test_verify_subscription_home&#34;: [{&#34;extras&#34;: [], &#34;result&#34;: &#34;Passed&#34;, &#34;testId&#34;: &#34;tests/test_subscription.py::test_verify_subscription_home&#34;, &#34;duration&#34;: &#34;00:00:01&#34;, &#34;resultsTableRow&#34;: [&#34;&lt;td class=\&#34;col-result\&#34;&gt;Passed&lt;/td&gt;&#34;, &#34;&lt;td class=\&#34;col-testId\&#34;&gt;tests/test_subscription.py::test_verify_subscription_home&lt;/td&gt;&#34;, &#34;&lt;td class=\&#34;col-duration\&#34;&gt;00:00:01&lt;/td&gt;&#34;, &#34;&lt;td class=\&#34;col-links\&#34;&gt;&lt;/td&gt;&#34;], &#34;log&#34;: &#34;No log output captured.&#34;}], &#34;tests/test_subscription.py::test_verify_subscription_cart&#34;: [{&#34;extras&#34;: [], &#34;result&#34;: &#34;Failed&#34;, &#34;testId&#34;: &#34;tests/test_subscription.py::test_verify_subscription_cart&#34;, &#34;duration&#34;: &#34;00:00:12&#34;, &#34;resultsTableRow&#34;: [&#34;&lt;td class=\&#34;col-result\&#34;&gt;Failed&lt;/td&gt;&#34;, &#34;&lt;td class=\&#34;col-testId\&#34;&gt;tests/test_subscription.py::test_verify_subscription_cart&lt;/td&gt;&#34;, &#34;&lt;td class=\&#34;col-duration\&#34;&gt;00:00:12&lt;/td&gt;&#34;, &#34;&lt;td class=\&#34;col-links\&#34;&gt;&lt;/td&gt;&#34;], &#34;log&#34;: &#34;driver = &amp;lt;selenium.webdriver.chrome.webdriver.WebDriver (session=&amp;quot;4da612c8890fe83859423ce44830f494&amp;quot;)&amp;gt;\n\n    def test_verify_subscription_cart(driver):\n        open_homepage(driver)\n&amp;gt;       subscribe_newsletter(driver, &amp;quot;subcart@example.com&amp;quot;, on_cart_page=True)\n\ntests\\test_subscription.py:11: \n_ _ _ _ _ _ _ _ _ _ _ _ _ _ _ _ _ _ _ _ _ _ _ _ _ _ _ _ _ _ _ _ _ _ _ _ _ _ _ _ _ _ _ _ _ _ _ _ _ _ _ _ _ _ _ _ _ _ _ _ _ _ _ _ _ _ _ _ _ _ _ _ _ _ _ _ _ _ _ _ \nutils\\selenium_helpers.py:128: in subscribe_newsletter\n    go_to_cart(driver)\nutils\\selenium_helpers.py:113: in go_to_cart\n    WebDriverWait(driver, timeout).until(\n_ _ _ _ _ _ _ _ _ _ _ _ _ _ _ _ _ _ _ _ _ _ _ _ _ _ _ _ _ _ _ _ _ _ _ _ _ _ _ _ _ _ _ _ _ _ _ _ _ _ _ _ _ _ _ _ _ _ _ _ _ _ _ _ _ _ _ _ _ _ _ _ _ _ _ _ _ _ _ _ \n\nself = &amp;lt;selenium.webdriver.support.wait.WebDriverWait (session=&amp;quot;4da612c8890fe83859423ce44830f494&amp;quot;)&amp;gt;\nmethod = &amp;lt;function visibility_of_element_located.&amp;lt;locals&amp;gt;._predicate at 0x00000200BFD111C0&amp;gt;, message = &amp;#x27;&amp;#x27;\n\n    def until(self, method: Callable[[D], Union[Literal[False], T]], message: str = &amp;quot;&amp;quot;) -&amp;gt; T:\n        &amp;quot;&amp;quot;&amp;quot;Wait until the method returns a value that is not False.\n    \n        Calls the method provided with the driver as an argument until the\n        return value does not evaluate to ``False``.\n    \n        Parameters:\n        -----------\n        method: callable(WebDriver)\n            - A callable object that takes a WebDriver instance as an argument.\n    \n        message: str\n            - Optional message for :exc:`TimeoutException`\n    \n        Return:\n        -------\n        object: T\n            - The result of the last call to `method`\n    \n        Raises:\n        -------\n        TimeoutException\n            - If &amp;#x27;method&amp;#x27; does not return a truthy value within the WebDriverWait\n            object&amp;#x27;s timeout\n    \n        Example:\n        --------\n        &amp;gt;&amp;gt;&amp;gt; from selenium.webdriver.common.by import By\n        &amp;gt;&amp;gt;&amp;gt; from selenium.webdriver.support.ui import WebDriverWait\n        &amp;gt;&amp;gt;&amp;gt; from selenium.webdriver.support import expected_conditions as EC\n    \n        # Wait until an element is visible on the page\n        &amp;gt;&amp;gt;&amp;gt; wait = WebDriverWait(driver, 10)\n        &amp;gt;&amp;gt;&amp;gt; element = wait.until(EC.visibility_of_element_located((By.ID, &amp;quot;exampleId&amp;quot;)))\n        &amp;gt;&amp;gt;&amp;gt; print(element.text)\n        &amp;quot;&amp;quot;&amp;quot;\n        screen = None\n        stacktrace = None\n    \n        end_time = time.monotonic() + self._timeout\n        while True:\n            try:\n                value = method(self._driver)\n                if value:\n                    return value\n            except self._ignored_exceptions as exc:\n                screen = getattr(exc, &amp;quot;screen&amp;quot;, None)\n                stacktrace = getattr(exc, &amp;quot;stacktrace&amp;quot;, None)\n            if time.monotonic() &amp;gt; end_time:\n                break\n            time.sleep(self._poll)\n&amp;gt;       raise TimeoutException(message, screen, stacktrace)\nE       selenium.common.exceptions.TimeoutException: Message: \nE       Stacktrace:\nE       \tGetHandleVerifier [0x0x7ff7caf21eb5+80197]\nE       \tGetHandleVerifier [0x0x7ff7caf21f10+80288]\nE       \t(No symbol) [0x0x7ff7caca02fa]\nE       \t(No symbol) [0x0x7ff7cacf7cd7]\nE       \t(No symbol) [0x0x7ff7cacf7f9c]\nE       \t(No symbol) [0x0x7ff7cad4ba87]\nE       \t(No symbol) [0x0x7ff7cad203bf]\nE       \t(No symbol) [0x0x7ff7cad487fb]\nE       \t(No symbol) [0x0x7ff7cad20153]\nE       \t(No symbol) [0x0x7ff7cace8b02]\nE       \t(No symbol) [0x0x7ff7cace98d3]\nE       \tGetHandleVerifier [0x0x7ff7cb1de83d+2949837]\nE       \tGetHandleVerifier [0x0x7ff7cb1d8c6a+2926330]\nE       \tGetHandleVerifier [0x0x7ff7cb1f86c7+3055959]\nE       \tGetHandleVerifier [0x0x7ff7caf3cfee+191102]\nE       \tGetHandleVerifier [0x0x7ff7caf450af+224063]\nE       \tGetHandleVerifier [0x0x7ff7caf2af64+117236]\nE       \tGetHandleVerifier [0x0x7ff7caf2b119+117673]\nE       \tGetHandleVerifier [0x0x7ff7caf110a8+11064]\nE       \tBaseThreadInitThunk [0x0x7ffe49ed7374+20]\nE       \tRtlUserThreadStart [0x0x7ffe4a1bcc91+33]\n\nvenv\\Lib\\site-packages\\selenium\\webdriver\\support\\wait.py:138: TimeoutException\n&#34;}], &#34;tests/test_ui.py::test_verify_test_cases_page&#34;: [{&#34;extras&#34;: [], &#34;result&#34;: &#34;Failed&#34;, &#34;testId&#34;: &#34;tests/test_ui.py::test_verify_test_cases_page&#34;, &#34;duration&#34;: &#34;00:00:13&#34;, &#34;resultsTableRow&#34;: [&#34;&lt;td class=\&#34;col-result\&#34;&gt;Failed&lt;/td&gt;&#34;, &#34;&lt;td class=\&#34;col-testId\&#34;&gt;tests/test_ui.py::test_verify_test_cases_page&lt;/td&gt;&#34;, &#34;&lt;td class=\&#34;col-duration\&#34;&gt;00:00:13&lt;/td&gt;&#34;, &#34;&lt;td class=\&#34;col-links\&#34;&gt;&lt;/td&gt;&#34;], &#34;log&#34;: &#34;driver = &amp;lt;selenium.webdriver.chrome.webdriver.WebDriver (session=&amp;quot;4da612c8890fe83859423ce44830f494&amp;quot;)&amp;gt;\n\n    def test_verify_test_cases_page(driver):\n        open_homepage(driver)\n&amp;gt;       go_to_test_cases_page(driver)\n\ntests\\test_ui.py:9: \n_ _ _ _ _ _ _ _ _ _ _ _ _ _ _ _ _ _ _ _ _ _ _ _ _ _ _ _ _ _ _ _ _ _ _ _ _ _ _ _ _ _ _ _ _ _ _ _ _ _ _ _ _ _ _ _ _ _ _ _ _ _ _ _ _ _ _ _ _ _ _ _ _ _ _ _ _ _ _ _ \nutils\\selenium_helpers.py:82: in go_to_test_cases_page\n    WebDriverWait(driver, timeout).until(\n_ _ _ _ _ _ _ _ _ _ _ _ _ _ _ _ _ _ _ _ _ _ _ _ _ _ _ _ _ _ _ _ _ _ _ _ _ _ _ _ _ _ _ _ _ _ _ _ _ _ _ _ _ _ _ _ _ _ _ _ _ _ _ _ _ _ _ _ _ _ _ _ _ _ _ _ _ _ _ _ \n\nself = &amp;lt;selenium.webdriver.support.wait.WebDriverWait (session=&amp;quot;4da612c8890fe83859423ce44830f494&amp;quot;)&amp;gt;\nmethod = &amp;lt;function visibility_of_element_located.&amp;lt;locals&amp;gt;._predicate at 0x00000200BFD11760&amp;gt;, message = &amp;#x27;&amp;#x27;\n\n    def until(self, method: Callable[[D], Union[Literal[False], T]], message: str = &amp;quot;&amp;quot;) -&amp;gt; T:\n        &amp;quot;&amp;quot;&amp;quot;Wait until the method returns a value that is not False.\n    \n        Calls the method provided with the driver as an argument until the\n        return value does not evaluate to ``False``.\n    \n        Parameters:\n        -----------\n        method: callable(WebDriver)\n            - A callable object that takes a WebDriver instance as an argument.\n    \n        message: str\n            - Optional message for :exc:`TimeoutException`\n    \n        Return:\n        -------\n        object: T\n            - The result of the last call to `method`\n    \n        Raises:\n        -------\n        TimeoutException\n            - If &amp;#x27;method&amp;#x27; does not return a truthy value within the WebDriverWait\n            object&amp;#x27;s timeout\n    \n        Example:\n        --------\n        &amp;gt;&amp;gt;&amp;gt; from selenium.webdriver.common.by import By\n        &amp;gt;&amp;gt;&amp;gt; from selenium.webdriver.support.ui import WebDriverWait\n        &amp;gt;&amp;gt;&amp;gt; from selenium.webdriver.support import expected_conditions as EC\n    \n        # Wait until an element is visible on the page\n        &amp;gt;&amp;gt;&amp;gt; wait = WebDriverWait(driver, 10)\n        &amp;gt;&amp;gt;&amp;gt; element = wait.until(EC.visibility_of_element_located((By.ID, &amp;quot;exampleId&amp;quot;)))\n        &amp;gt;&amp;gt;&amp;gt; print(element.text)\n        &amp;quot;&amp;quot;&amp;quot;\n        screen = None\n        stacktrace = None\n    \n        end_time = time.monotonic() + self._timeout\n        while True:\n            try:\n                value = method(self._driver)\n                if value:\n                    return value\n            except self._ignored_exceptions as exc:\n                screen = getattr(exc, &amp;quot;screen&amp;quot;, None)\n                stacktrace = getattr(exc, &amp;quot;stacktrace&amp;quot;, None)\n            if time.monotonic() &amp;gt; end_time:\n                break\n            time.sleep(self._poll)\n&amp;gt;       raise TimeoutException(message, screen, stacktrace)\nE       selenium.common.exceptions.TimeoutException: Message: \nE       Stacktrace:\nE       \tGetHandleVerifier [0x0x7ff7caf21eb5+80197]\nE       \tGetHandleVerifier [0x0x7ff7caf21f10+80288]\nE       \t(No symbol) [0x0x7ff7caca02fa]\nE       \t(No symbol) [0x0x7ff7cacf7cd7]\nE       \t(No symbol) [0x0x7ff7cacf7f9c]\nE       \t(No symbol) [0x0x7ff7cad4ba87]\nE       \t(No symbol) [0x0x7ff7cad203bf]\nE       \t(No symbol) [0x0x7ff7cad487fb]\nE       \t(No symbol) [0x0x7ff7cad20153]\nE       \t(No symbol) [0x0x7ff7cace8b02]\nE       \t(No symbol) [0x0x7ff7cace98d3]\nE       \tGetHandleVerifier [0x0x7ff7cb1de83d+2949837]\nE       \tGetHandleVerifier [0x0x7ff7cb1d8c6a+2926330]\nE       \tGetHandleVerifier [0x0x7ff7cb1f86c7+3055959]\nE       \tGetHandleVerifier [0x0x7ff7caf3cfee+191102]\nE       \tGetHandleVerifier [0x0x7ff7caf450af+224063]\nE       \tGetHandleVerifier [0x0x7ff7caf2af64+117236]\nE       \tGetHandleVerifier [0x0x7ff7caf2b119+117673]\nE       \tGetHandleVerifier [0x0x7ff7caf110a8+11064]\nE       \tBaseThreadInitThunk [0x0x7ffe49ed7374+20]\nE       \tRtlUserThreadStart [0x0x7ffe4a1bcc91+33]\n\nvenv\\Lib\\site-packages\\selenium\\webdriver\\support\\wait.py:138: TimeoutException\n&#34;}], &#34;tests/test_ui.py::test_scroll_up_arrow_and_down&#34;: [{&#34;extras&#34;: [], &#34;result&#34;: &#34;Passed&#34;, &#34;testId&#34;: &#34;tests/test_ui.py::test_scroll_up_arrow_and_down&#34;, &#34;duration&#34;: &#34;00:00:02&#34;, &#34;resultsTableRow&#34;: [&#34;&lt;td class=\&#34;col-result\&#34;&gt;Passed&lt;/td&gt;&#34;, &#34;&lt;td class=\&#34;col-testId\&#34;&gt;tests/test_ui.py::test_scroll_up_arrow_and_down&lt;/td&gt;&#34;, &#34;&lt;td class=\&#34;col-duration\&#34;&gt;00:00:02&lt;/td&gt;&#34;, &#34;&lt;td class=\&#34;col-links\&#34;&gt;&lt;/td&gt;&#34;], &#34;log&#34;: &#34;No log output captured.&#34;}], &#34;tests/test_ui.py::test_scroll_up_without_arrow_and_down&#34;: [{&#34;extras&#34;: [], &#34;result&#34;: &#34;Passed&#34;, &#34;testId&#34;: &#34;tests/test_ui.py::test_scroll_up_without_arrow_and_down&#34;, &#34;duration&#34;: &#34;00:00:01&#34;, &#34;resultsTableRow&#34;: [&#34;&lt;td class=\&#34;col-result\&#34;&gt;Passed&lt;/td&gt;&#34;, &#34;&lt;td class=\&#34;col-testId\&#34;&gt;tests/test_ui.py::test_scroll_up_without_arrow_and_down&lt;/td&gt;&#34;, &#34;&lt;td class=\&#34;col-duration\&#34;&gt;00:00:01&lt;/td&gt;&#34;, &#34;&lt;td class=\&#34;col-links\&#34;&gt;&lt;/td&gt;&#34;], &#34;log&#34;: &#34;No log output captured.&#34;}], &#34;tests/test_utils_api_helpers.py::test_get_all_products_real&#34;: [{&#34;extras&#34;: [], &#34;result&#34;: &#34;Passed&#34;, &#34;testId&#34;: &#34;tests/test_utils_api_helpers.py::test_get_all_products_real&#34;, &#34;duration&#34;: &#34;00:00:01&#34;, &#34;resultsTableRow&#34;: [&#34;&lt;td class=\&#34;col-result\&#34;&gt;Passed&lt;/td&gt;&#34;, &#34;&lt;td class=\&#34;col-testId\&#34;&gt;tests/test_utils_api_helpers.py::test_get_all_products_real&lt;/td&gt;&#34;, &#34;&lt;td class=\&#34;col-duration\&#34;&gt;00:00:01&lt;/td&gt;&#34;, &#34;&lt;td class=\&#34;col-links\&#34;&gt;&lt;/td&gt;&#34;], &#34;log&#34;: &#34;No log output captured.&#34;}], &#34;tests/test_utils_api_helpers.py::test_get_product_detail_real&#34;: [{&#34;extras&#34;: [], &#34;result&#34;: &#34;Failed&#34;, &#34;testId&#34;: &#34;tests/test_utils_api_helpers.py::test_get_product_detail_real&#34;, &#34;duration&#34;: &#34;647 ms&#34;, &#34;resultsTableRow&#34;: [&#34;&lt;td class=\&#34;col-result\&#34;&gt;Failed&lt;/td&gt;&#34;, &#34;&lt;td class=\&#34;col-testId\&#34;&gt;tests/test_utils_api_helpers.py::test_get_product_detail_real&lt;/td&gt;&#34;, &#34;&lt;td class=\&#34;col-duration\&#34;&gt;647 ms&lt;/td&gt;&#34;, &#34;&lt;td class=\&#34;col-links\&#34;&gt;&lt;/td&gt;&#34;], &#34;log&#34;: &#34;def test_get_product_detail_real():\n        resp = api_helpers.get_product_detail(1)\n&amp;gt;       assert resp.status_code == 200\nE       assert 404 == 200\nE        +  where 404 = &amp;lt;Response [404]&amp;gt;.status_code\n\ntests\\test_utils_api_helpers.py:11: AssertionError\n&#34;}], &#34;tests/test_utils_api_helpers.py::test_search_products_real&#34;: [{&#34;extras&#34;: [], &#34;result&#34;: &#34;Failed&#34;, &#34;testId&#34;: &#34;tests/test_utils_api_helpers.py::test_search_products_real&#34;, &#34;duration&#34;: &#34;658 ms&#34;, &#34;resultsTableRow&#34;: [&#34;&lt;td class=\&#34;col-result\&#34;&gt;Failed&lt;/td&gt;&#34;, &#34;&lt;td class=\&#34;col-testId\&#34;&gt;tests/test_utils_api_helpers.py::test_search_products_real&lt;/td&gt;&#34;, &#34;&lt;td class=\&#34;col-duration\&#34;&gt;658 ms&lt;/td&gt;&#34;, &#34;&lt;td class=\&#34;col-links\&#34;&gt;&lt;/td&gt;&#34;], &#34;log&#34;: &#34;def test_search_products_real():\n        resp = api_helpers.search_products(&amp;quot;Tshirt&amp;quot;)\n        assert resp.status_code == 200\n&amp;gt;       assert &amp;quot;products&amp;quot; in resp.text\nE       assert &amp;#x27;products&amp;#x27; in &amp;#x27;{&amp;quot;responseCode&amp;quot;: 405, &amp;quot;message&amp;quot;: &amp;quot;This request method is not supported.&amp;quot;}&amp;#x27;\nE        +  where &amp;#x27;{&amp;quot;responseCode&amp;quot;: 405, &amp;quot;message&amp;quot;: &amp;quot;This request method is not supported.&amp;quot;}&amp;#x27; = &amp;lt;Response [200]&amp;gt;.text\n\ntests\\test_utils_api_helpers.py:17: AssertionError\n&#34;}], &#34;tests/test_utils_api_helpers.py::test_get_all_brands_real&#34;: [{&#34;extras&#34;: [], &#34;result&#34;: &#34;Passed&#34;, &#34;testId&#34;: &#34;tests/test_utils_api_helpers.py::test_get_all_brands_real&#34;, &#34;duration&#34;: &#34;661 ms&#34;, &#34;resultsTableRow&#34;: [&#34;&lt;td class=\&#34;col-result\&#34;&gt;Passed&lt;/td&gt;&#34;, &#34;&lt;td class=\&#34;col-testId\&#34;&gt;tests/test_utils_api_helpers.py::test_get_all_brands_real&lt;/td&gt;&#34;, &#34;&lt;td class=\&#34;col-duration\&#34;&gt;661 ms&lt;/td&gt;&#34;, &#34;&lt;td class=\&#34;col-links\&#34;&gt;&lt;/td&gt;&#34;], &#34;log&#34;: &#34;No log output captured.&#34;}], &#34;tests/test_utils_api_helpers.py::test_get_all_categories_real&#34;: [{&#34;extras&#34;: [], &#34;result&#34;: &#34;Failed&#34;, &#34;testId&#34;: &#34;tests/test_utils_api_helpers.py::test_get_all_categories_real&#34;, &#34;duration&#34;: &#34;636 ms&#34;, &#34;resultsTableRow&#34;: [&#34;&lt;td class=\&#34;col-result\&#34;&gt;Failed&lt;/td&gt;&#34;, &#34;&lt;td class=\&#34;col-testId\&#34;&gt;tests/test_utils_api_helpers.py::test_get_all_categories_real&lt;/td&gt;&#34;, &#34;&lt;td class=\&#34;col-duration\&#34;&gt;636 ms&lt;/td&gt;&#34;, &#34;&lt;td class=\&#34;col-links\&#34;&gt;&lt;/td&gt;&#34;], &#34;log&#34;: &#34;def test_get_all_categories_real():\n        resp = api_helpers.get_all_categories()\n&amp;gt;       assert resp.status_code == 200\nE       assert 404 == 200\nE        +  where 404 = &amp;lt;Response [404]&amp;gt;.status_code\n\ntests\\test_utils_api_helpers.py:26: AssertionError\n&#34;}], &#34;tests/test_utils_api_helpers.py::test_get_product_detail_not_found_real&#34;: [{&#34;extras&#34;: [], &#34;result&#34;: &#34;Passed&#34;, &#34;testId&#34;: &#34;tests/test_utils_api_helpers.py::test_get_product_detail_not_found_real&#34;, &#34;duration&#34;: &#34;670 ms&#34;, &#34;resultsTableRow&#34;: [&#34;&lt;td class=\&#34;col-result\&#34;&gt;Passed&lt;/td&gt;&#34;, &#34;&lt;td class=\&#34;col-testId\&#34;&gt;tests/test_utils_api_helpers.py::test_get_product_detail_not_found_real&lt;/td&gt;&#34;, &#34;&lt;td class=\&#34;col-duration\&#34;&gt;670 ms&lt;/td&gt;&#34;, &#34;&lt;td class=\&#34;col-links\&#34;&gt;&lt;/td&gt;&#34;], &#34;log&#34;: &#34;No log output captured.&#34;}], &#34;tests/test_utils_selenium_helpers.py::test_open_homepage&#34;: [{&#34;extras&#34;: [], &#34;result&#34;: &#34;Passed&#34;, &#34;testId&#34;: &#34;tests/test_utils_selenium_helpers.py::test_open_homepage&#34;, &#34;duration&#34;: &#34;00:00:01&#34;, &#34;resultsTableRow&#34;: [&#34;&lt;td class=\&#34;col-result\&#34;&gt;Passed&lt;/td&gt;&#34;, &#34;&lt;td class=\&#34;col-testId\&#34;&gt;tests/test_utils_selenium_helpers.py::test_open_homepage&lt;/td&gt;&#34;, &#34;&lt;td class=\&#34;col-duration\&#34;&gt;00:00:01&lt;/td&gt;&#34;, &#34;&lt;td class=\&#34;col-links\&#34;&gt;&lt;/td&gt;&#34;], &#34;log&#34;: &#34;No log output captured.&#34;}], &#34;tests/test_utils_selenium_helpers.py::test_login_logout&#34;: [{&#34;extras&#34;: [], &#34;result&#34;: &#34;Failed&#34;, &#34;testId&#34;: &#34;tests/test_utils_selenium_helpers.py::test_login_logout&#34;, &#34;duration&#34;: &#34;00:00:03&#34;, &#34;resultsTableRow&#34;: [&#34;&lt;td class=\&#34;col-result\&#34;&gt;Failed&lt;/td&gt;&#34;, &#34;&lt;td class=\&#34;col-testId\&#34;&gt;tests/test_utils_selenium_helpers.py::test_login_logout&lt;/td&gt;&#34;, &#34;&lt;td class=\&#34;col-duration\&#34;&gt;00:00:03&lt;/td&gt;&#34;, &#34;&lt;td class=\&#34;col-links\&#34;&gt;&lt;/td&gt;&#34;], &#34;log&#34;: &#34;driver = &amp;lt;selenium.webdriver.chrome.webdriver.WebDriver (session=&amp;quot;4da612c8890fe83859423ce44830f494&amp;quot;)&amp;gt;\n\n    def test_login_logout(driver):\n        selenium_helpers.open_homepage(driver)\n        # Use a valid user for this test\n        selenium_helpers.login(driver, &amp;quot;validuser@example.com&amp;quot;, &amp;quot;TestPassword123!&amp;quot;)\n&amp;gt;       assert &amp;quot;Logged in as&amp;quot; in driver.page_source\nE       assert &amp;#x27;Logged in as&amp;#x27; in &amp;#x27;&amp;lt;html lang=&amp;quot;en&amp;quot;&amp;gt;&amp;lt;head&amp;gt;\\n   &amp;lt;meta charset=&amp;quot;utf-8&amp;quot;&amp;gt;\\n    &amp;lt;meta name=&amp;quot;viewport&amp;quot; content=&amp;quot;width=device-width, initial-sca...omposed&amp;quot; href=&amp;quot;/static/images/ico/apple-touch-icon-57-precomposed.png&amp;quot;&amp;gt;\\n\\n\\t\\n\\n&amp;lt;/head&amp;gt;\\n\\n&amp;lt;body&amp;gt;\\n\\n\\t&amp;lt;/body&amp;gt;&amp;lt;/html&amp;gt;&amp;#x27;\nE        +  where &amp;#x27;&amp;lt;html lang=&amp;quot;en&amp;quot;&amp;gt;&amp;lt;head&amp;gt;\\n   &amp;lt;meta charset=&amp;quot;utf-8&amp;quot;&amp;gt;\\n    &amp;lt;meta name=&amp;quot;viewport&amp;quot; content=&amp;quot;width=device-width, initial-sca...omposed&amp;quot; href=&amp;quot;/static/images/ico/apple-touch-icon-57-precomposed.png&amp;quot;&amp;gt;\\n\\n\\t\\n\\n&amp;lt;/head&amp;gt;\\n\\n&amp;lt;body&amp;gt;\\n\\n\\t&amp;lt;/body&amp;gt;&amp;lt;/html&amp;gt;&amp;#x27; = &amp;lt;selenium.webdriver.chrome.webdriver.WebDriver (session=&amp;quot;4da612c8890fe83859423ce44830f494&amp;quot;)&amp;gt;.page_source\n\ntests\\test_utils_selenium_helpers.py:14: AssertionError\n&#34;}], &#34;tests/test_utils_selenium_helpers.py::test_signup_existing_email&#34;: [{&#34;extras&#34;: [], &#34;result&#34;: &#34;Passed&#34;, &#34;testId&#34;: &#34;tests/test_utils_selenium_helpers.py::test_signup_existing_email&#34;, &#34;duration&#34;: &#34;00:00:06&#34;, &#34;resultsTableRow&#34;: [&#34;&lt;td class=\&#34;col-result\&#34;&gt;Passed&lt;/td&gt;&#34;, &#34;&lt;td class=\&#34;col-testId\&#34;&gt;tests/test_utils_selenium_helpers.py::test_signup_existing_email&lt;/td&gt;&#34;, &#34;&lt;td class=\&#34;col-duration\&#34;&gt;00:00:06&lt;/td&gt;&#34;, &#34;&lt;td class=\&#34;col-links\&#34;&gt;&lt;/td&gt;&#34;], &#34;log&#34;: &#34;No log output captured.&#34;}], &#34;tests/test_utils_selenium_helpers.py::test_search_and_product_present&#34;: [{&#34;extras&#34;: [], &#34;result&#34;: &#34;Failed&#34;, &#34;testId&#34;: &#34;tests/test_utils_selenium_helpers.py::test_search_and_product_present&#34;, &#34;duration&#34;: &#34;00:00:01&#34;, &#34;resultsTableRow&#34;: [&#34;&lt;td class=\&#34;col-result\&#34;&gt;Failed&lt;/td&gt;&#34;, &#34;&lt;td class=\&#34;col-testId\&#34;&gt;tests/test_utils_selenium_helpers.py::test_search_and_product_present&lt;/td&gt;&#34;, &#34;&lt;td class=\&#34;col-duration\&#34;&gt;00:00:01&lt;/td&gt;&#34;, &#34;&lt;td class=\&#34;col-links\&#34;&gt;&lt;/td&gt;&#34;], &#34;log&#34;: &#34;driver = &amp;lt;selenium.webdriver.chrome.webdriver.WebDriver (session=&amp;quot;4da612c8890fe83859423ce44830f494&amp;quot;)&amp;gt;\n\n    def test_search_and_product_present(driver):\n        selenium_helpers.open_homepage(driver)\n&amp;gt;       selenium_helpers.search_product(driver, &amp;quot;Tshirt&amp;quot;)\n\ntests\\test_utils_selenium_helpers.py:25: \n_ _ _ _ _ _ _ _ _ _ _ _ _ _ _ _ _ _ _ _ _ _ _ _ _ _ _ _ _ _ _ _ _ _ _ _ _ _ _ _ _ _ _ _ _ _ _ _ _ _ _ _ _ _ _ _ _ _ _ _ _ _ _ _ _ _ _ _ _ _ _ _ _ _ _ _ _ _ _ _ \nutils\\selenium_helpers.py:22: in search_product\n    search_box = driver.find_element(By.ID, &amp;quot;search_product&amp;quot;)\n                 ^^^^^^^^^^^^^^^^^^^^^^^^^^^^^^^^^^^^^^^^^^^^\nvenv\\Lib\\site-packages\\selenium\\webdriver\\remote\\webdriver.py:926: in find_element\n    return self.execute(Command.FIND_ELEMENT, {&amp;quot;using&amp;quot;: by, &amp;quot;value&amp;quot;: value})[&amp;quot;value&amp;quot;]\n           ^^^^^^^^^^^^^^^^^^^^^^^^^^^^^^^^^^^^^^^^^^^^^^^^^^^^^^^^^^^^^^^^^\nvenv\\Lib\\site-packages\\selenium\\webdriver\\remote\\webdriver.py:458: in execute\n    self.error_handler.check_response(response)\n_ _ _ _ _ _ _ _ _ _ _ _ _ _ _ _ _ _ _ _ _ _ _ _ _ _ _ _ _ _ _ _ _ _ _ _ _ _ _ _ _ _ _ _ _ _ _ _ _ _ _ _ _ _ _ _ _ _ _ _ _ _ _ _ _ _ _ _ _ _ _ _ _ _ _ _ _ _ _ _ \n\nself = &amp;lt;selenium.webdriver.remote.errorhandler.ErrorHandler object at 0x00000200BFCC81A0&amp;gt;\nresponse = {&amp;#x27;status&amp;#x27;: 404, &amp;#x27;value&amp;#x27;: &amp;#x27;{&amp;quot;value&amp;quot;:{&amp;quot;error&amp;quot;:&amp;quot;no such element&amp;quot;,&amp;quot;message&amp;quot;:&amp;quot;no such element: Unable to locate element: {\\...ff7caf110a8+11064]\\\\n\\\\tBaseThreadInitThunk [0x0x7ffe49ed7374+20]\\\\n\\\\tRtlUserThreadStart [0x0x7ffe4a1bcc91+33]\\\\n&amp;quot;}}&amp;#x27;}\n\n    def check_response(self, response: dict[str, Any]) -&amp;gt; None:\n        &amp;quot;&amp;quot;&amp;quot;Checks that a JSON response from the WebDriver does not have an\n        error.\n    \n        :Args:\n         - response - The JSON response from the WebDriver server as a dictionary\n           object.\n    \n        :Raises: If the response contains an error message.\n        &amp;quot;&amp;quot;&amp;quot;\n        status = response.get(&amp;quot;status&amp;quot;, None)\n        if not status or status == ErrorCode.SUCCESS:\n            return\n        value = None\n        message = response.get(&amp;quot;message&amp;quot;, &amp;quot;&amp;quot;)\n        screen: str = response.get(&amp;quot;screen&amp;quot;, &amp;quot;&amp;quot;)\n        stacktrace = None\n        if isinstance(status, int):\n            value_json = response.get(&amp;quot;value&amp;quot;, None)\n            if value_json and isinstance(value_json, str):\n                try:\n                    value = json.loads(value_json)\n                    if isinstance(value, dict):\n                        if len(value) == 1:\n                            value = value[&amp;quot;value&amp;quot;]\n                        status = value.get(&amp;quot;error&amp;quot;, None)\n                        if not status:\n                            status = value.get(&amp;quot;status&amp;quot;, ErrorCode.UNKNOWN_ERROR)\n                            message = value.get(&amp;quot;value&amp;quot;) or value.get(&amp;quot;message&amp;quot;)\n                            if not isinstance(message, str):\n                                value = message\n                                message = message.get(&amp;quot;message&amp;quot;)\n                        else:\n                            message = value.get(&amp;quot;message&amp;quot;, None)\n                except ValueError:\n                    pass\n    \n        exception_class: type[WebDriverException]\n        e = ErrorCode()\n        error_codes = [item for item in dir(e) if not item.startswith(&amp;quot;__&amp;quot;)]\n        for error_code in error_codes:\n            error_info = getattr(ErrorCode, error_code)\n            if isinstance(error_info, list) and status in error_info:\n                exception_class = getattr(ExceptionMapping, error_code, WebDriverException)\n                break\n        else:\n            exception_class = WebDriverException\n    \n        if not value:\n            value = response[&amp;quot;value&amp;quot;]\n        if isinstance(value, str):\n            raise exception_class(value)\n        if message == &amp;quot;&amp;quot; and &amp;quot;message&amp;quot; in value:\n            message = value[&amp;quot;message&amp;quot;]\n    \n        screen = None  # type: ignore[assignment]\n        if &amp;quot;screen&amp;quot; in value:\n            screen = value[&amp;quot;screen&amp;quot;]\n    \n        stacktrace = None\n        st_value = value.get(&amp;quot;stackTrace&amp;quot;) or value.get(&amp;quot;stacktrace&amp;quot;)\n        if st_value:\n            if isinstance(st_value, str):\n                stacktrace = st_value.split(&amp;quot;\\n&amp;quot;)\n            else:\n                stacktrace = []\n                try:\n                    for frame in st_value:\n                        line = frame.get(&amp;quot;lineNumber&amp;quot;, &amp;quot;&amp;quot;)\n                        file = frame.get(&amp;quot;fileName&amp;quot;, &amp;quot;&amp;lt;anonymous&amp;gt;&amp;quot;)\n                        if line:\n                            file = f&amp;quot;{file}:{line}&amp;quot;\n                        meth = frame.get(&amp;quot;methodName&amp;quot;, &amp;quot;&amp;lt;anonymous&amp;gt;&amp;quot;)\n                        if &amp;quot;className&amp;quot; in frame:\n                            meth = f&amp;quot;{frame[&amp;#x27;className&amp;#x27;]}.{meth}&amp;quot;\n                        msg = &amp;quot;    at %s (%s)&amp;quot;\n                        msg = msg % (meth, file)\n                        stacktrace.append(msg)\n                except TypeError:\n                    pass\n        if exception_class == UnexpectedAlertPresentException:\n            alert_text = None\n            if &amp;quot;data&amp;quot; in value:\n                alert_text = value[&amp;quot;data&amp;quot;].get(&amp;quot;text&amp;quot;)\n            elif &amp;quot;alert&amp;quot; in value:\n                alert_text = value[&amp;quot;alert&amp;quot;].get(&amp;quot;text&amp;quot;)\n            raise exception_class(message, screen, stacktrace, alert_text)  # type: ignore[call-arg]  # mypy is not smart enough here\n&amp;gt;       raise exception_class(message, screen, stacktrace)\nE       selenium.common.exceptions.NoSuchElementException: Message: no such element: Unable to locate element: {&amp;quot;method&amp;quot;:&amp;quot;css selector&amp;quot;,&amp;quot;selector&amp;quot;:&amp;quot;[id=&amp;quot;search_product&amp;quot;]&amp;quot;}\nE         (Session info: chrome=140.0.7339.128); For documentation on this error, please visit: https://www.selenium.dev/documentation/webdriver/troubleshooting/errors#nosuchelementexception\nE       Stacktrace:\nE       \tGetHandleVerifier [0x0x7ff7caf21eb5+80197]\nE       \tGetHandleVerifier [0x0x7ff7caf21f10+80288]\nE       \t(No symbol) [0x0x7ff7caca02fa]\nE       \t(No symbol) [0x0x7ff7cacf7cd7]\nE       \t(No symbol) [0x0x7ff7cacf7f9c]\nE       \t(No symbol) [0x0x7ff7cad4ba87]\nE       \t(No symbol) [0x0x7ff7cad203bf]\nE       \t(No symbol) [0x0x7ff7cad487fb]\nE       \t(No symbol) [0x0x7ff7cad20153]\nE       \t(No symbol) [0x0x7ff7cace8b02]\nE       \t(No symbol) [0x0x7ff7cace98d3]\nE       \tGetHandleVerifier [0x0x7ff7cb1de83d+2949837]\nE       \tGetHandleVerifier [0x0x7ff7cb1d8c6a+2926330]\nE       \tGetHandleVerifier [0x0x7ff7cb1f86c7+3055959]\nE       \tGetHandleVerifier [0x0x7ff7caf3cfee+191102]\nE       \tGetHandleVerifier [0x0x7ff7caf450af+224063]\nE       \tGetHandleVerifier [0x0x7ff7caf2af64+117236]\nE       \tGetHandleVerifier [0x0x7ff7caf2b119+117673]\nE       \tGetHandleVerifier [0x0x7ff7caf110a8+11064]\nE       \tBaseThreadInitThunk [0x0x7ffe49ed7374+20]\nE       \tRtlUserThreadStart [0x0x7ffe4a1bcc91+33]\n\nvenv\\Lib\\site-packages\\selenium\\webdriver\\remote\\errorhandler.py:232: NoSuchElementException\n&#34;}], &#34;tests/test_utils_selenium_helpers.py::test_cart_count&#34;: [{&#34;extras&#34;: [], &#34;result&#34;: &#34;Failed&#34;, &#34;testId&#34;: &#34;tests/test_utils_selenium_helpers.py::test_cart_count&#34;, &#34;duration&#34;: &#34;00:00:04&#34;, &#34;resultsTableRow&#34;: [&#34;&lt;td class=\&#34;col-result\&#34;&gt;Failed&lt;/td&gt;&#34;, &#34;&lt;td class=\&#34;col-testId\&#34;&gt;tests/test_utils_selenium_helpers.py::test_cart_count&lt;/td&gt;&#34;, &#34;&lt;td class=\&#34;col-duration\&#34;&gt;00:00:04&lt;/td&gt;&#34;, &#34;&lt;td class=\&#34;col-links\&#34;&gt;&lt;/td&gt;&#34;], &#34;log&#34;: &#34;driver = &amp;lt;selenium.webdriver.chrome.webdriver.WebDriver (session=&amp;quot;4da612c8890fe83859423ce44830f494&amp;quot;)&amp;gt;\n\n    def test_cart_count(driver):\n        selenium_helpers.open_homepage(driver)\n&amp;gt;       selenium_helpers.add_product_to_cart(driver)\n\ntests\\test_utils_selenium_helpers.py:30: \n_ _ _ _ _ _ _ _ _ _ _ _ _ _ _ _ _ _ _ _ _ _ _ _ _ _ _ _ _ _ _ _ _ _ _ _ _ _ _ _ _ _ _ _ _ _ _ _ _ _ _ _ _ _ _ _ _ _ _ _ _ _ _ _ _ _ _ _ _ _ _ _ _ _ _ _ _ _ _ _ \nutils\\selenium_helpers.py:102: in add_product_to_cart\n    view_all_products(driver)\nutils\\selenium_helpers.py:87: in view_all_products\n    driver.find_element(By.LINK_TEXT, &amp;quot;Products&amp;quot;).click()\n    ^^^^^^^^^^^^^^^^^^^^^^^^^^^^^^^^^^^^^^^^^^^^^\nvenv\\Lib\\site-packages\\selenium\\webdriver\\remote\\webdriver.py:926: in find_element\n    return self.execute(Command.FIND_ELEMENT, {&amp;quot;using&amp;quot;: by, &amp;quot;value&amp;quot;: value})[&amp;quot;value&amp;quot;]\n           ^^^^^^^^^^^^^^^^^^^^^^^^^^^^^^^^^^^^^^^^^^^^^^^^^^^^^^^^^^^^^^^^^\nvenv\\Lib\\site-packages\\selenium\\webdriver\\remote\\webdriver.py:458: in execute\n    self.error_handler.check_response(response)\n_ _ _ _ _ _ _ _ _ _ _ _ _ _ _ _ _ _ _ _ _ _ _ _ _ _ _ _ _ _ _ _ _ _ _ _ _ _ _ _ _ _ _ _ _ _ _ _ _ _ _ _ _ _ _ _ _ _ _ _ _ _ _ _ _ _ _ _ _ _ _ _ _ _ _ _ _ _ _ _ \n\nself = &amp;lt;selenium.webdriver.remote.errorhandler.ErrorHandler object at 0x00000200BFCC81A0&amp;gt;\nresponse = {&amp;#x27;status&amp;#x27;: 404, &amp;#x27;value&amp;#x27;: &amp;#x27;{&amp;quot;value&amp;quot;:{&amp;quot;error&amp;quot;:&amp;quot;no such element&amp;quot;,&amp;quot;message&amp;quot;:&amp;quot;no such element: Unable to locate element: {\\...ff7caf110a8+11064]\\\\n\\\\tBaseThreadInitThunk [0x0x7ffe49ed7374+20]\\\\n\\\\tRtlUserThreadStart [0x0x7ffe4a1bcc91+33]\\\\n&amp;quot;}}&amp;#x27;}\n\n    def check_response(self, response: dict[str, Any]) -&amp;gt; None:\n        &amp;quot;&amp;quot;&amp;quot;Checks that a JSON response from the WebDriver does not have an\n        error.\n    \n        :Args:\n         - response - The JSON response from the WebDriver server as a dictionary\n           object.\n    \n        :Raises: If the response contains an error message.\n        &amp;quot;&amp;quot;&amp;quot;\n        status = response.get(&amp;quot;status&amp;quot;, None)\n        if not status or status == ErrorCode.SUCCESS:\n            return\n        value = None\n        message = response.get(&amp;quot;message&amp;quot;, &amp;quot;&amp;quot;)\n        screen: str = response.get(&amp;quot;screen&amp;quot;, &amp;quot;&amp;quot;)\n        stacktrace = None\n        if isinstance(status, int):\n            value_json = response.get(&amp;quot;value&amp;quot;, None)\n            if value_json and isinstance(value_json, str):\n                try:\n                    value = json.loads(value_json)\n                    if isinstance(value, dict):\n                        if len(value) == 1:\n                            value = value[&amp;quot;value&amp;quot;]\n                        status = value.get(&amp;quot;error&amp;quot;, None)\n                        if not status:\n                            status = value.get(&amp;quot;status&amp;quot;, ErrorCode.UNKNOWN_ERROR)\n                            message = value.get(&amp;quot;value&amp;quot;) or value.get(&amp;quot;message&amp;quot;)\n                            if not isinstance(message, str):\n                                value = message\n                                message = message.get(&amp;quot;message&amp;quot;)\n                        else:\n                            message = value.get(&amp;quot;message&amp;quot;, None)\n                except ValueError:\n                    pass\n    \n        exception_class: type[WebDriverException]\n        e = ErrorCode()\n        error_codes = [item for item in dir(e) if not item.startswith(&amp;quot;__&amp;quot;)]\n        for error_code in error_codes:\n            error_info = getattr(ErrorCode, error_code)\n            if isinstance(error_info, list) and status in error_info:\n                exception_class = getattr(ExceptionMapping, error_code, WebDriverException)\n                break\n        else:\n            exception_class = WebDriverException\n    \n        if not value:\n            value = response[&amp;quot;value&amp;quot;]\n        if isinstance(value, str):\n            raise exception_class(value)\n        if message == &amp;quot;&amp;quot; and &amp;quot;message&amp;quot; in value:\n            message = value[&amp;quot;message&amp;quot;]\n    \n        screen = None  # type: ignore[assignment]\n        if &amp;quot;screen&amp;quot; in value:\n            screen = value[&amp;quot;screen&amp;quot;]\n    \n        stacktrace = None\n        st_value = value.get(&amp;quot;stackTrace&amp;quot;) or value.get(&amp;quot;stacktrace&amp;quot;)\n        if st_value:\n            if isinstance(st_value, str):\n                stacktrace = st_value.split(&amp;quot;\\n&amp;quot;)\n            else:\n                stacktrace = []\n                try:\n                    for frame in st_value:\n                        line = frame.get(&amp;quot;lineNumber&amp;quot;, &amp;quot;&amp;quot;)\n                        file = frame.get(&amp;quot;fileName&amp;quot;, &amp;quot;&amp;lt;anonymous&amp;gt;&amp;quot;)\n                        if line:\n                            file = f&amp;quot;{file}:{line}&amp;quot;\n                        meth = frame.get(&amp;quot;methodName&amp;quot;, &amp;quot;&amp;lt;anonymous&amp;gt;&amp;quot;)\n                        if &amp;quot;className&amp;quot; in frame:\n                            meth = f&amp;quot;{frame[&amp;#x27;className&amp;#x27;]}.{meth}&amp;quot;\n                        msg = &amp;quot;    at %s (%s)&amp;quot;\n                        msg = msg % (meth, file)\n                        stacktrace.append(msg)\n                except TypeError:\n                    pass\n        if exception_class == UnexpectedAlertPresentException:\n            alert_text = None\n            if &amp;quot;data&amp;quot; in value:\n                alert_text = value[&amp;quot;data&amp;quot;].get(&amp;quot;text&amp;quot;)\n            elif &amp;quot;alert&amp;quot; in value:\n                alert_text = value[&amp;quot;alert&amp;quot;].get(&amp;quot;text&amp;quot;)\n            raise exception_class(message, screen, stacktrace, alert_text)  # type: ignore[call-arg]  # mypy is not smart enough here\n&amp;gt;       raise exception_class(message, screen, stacktrace)\nE       selenium.common.exceptions.NoSuchElementException: Message: no such element: Unable to locate element: {&amp;quot;method&amp;quot;:&amp;quot;link text&amp;quot;,&amp;quot;selector&amp;quot;:&amp;quot;Products&amp;quot;}\nE         (Session info: chrome=140.0.7339.128); For documentation on this error, please visit: https://www.selenium.dev/documentation/webdriver/troubleshooting/errors#nosuchelementexception\nE       Stacktrace:\nE       \tGetHandleVerifier [0x0x7ff7caf21eb5+80197]\nE       \tGetHandleVerifier [0x0x7ff7caf21f10+80288]\nE       \t(No symbol) [0x0x7ff7caca02fa]\nE       \t(No symbol) [0x0x7ff7cacf7cd7]\nE       \t(No symbol) [0x0x7ff7cacf7f9c]\nE       \t(No symbol) [0x0x7ff7cad4ba87]\nE       \t(No symbol) [0x0x7ff7cad203bf]\nE       \t(No symbol) [0x0x7ff7cad487fb]\nE       \t(No symbol) [0x0x7ff7cad20153]\nE       \t(No symbol) [0x0x7ff7cace8b02]\nE       \t(No symbol) [0x0x7ff7cace98d3]\nE       \tGetHandleVerifier [0x0x7ff7cb1de83d+2949837]\nE       \tGetHandleVerifier [0x0x7ff7cb1d8c6a+2926330]\nE       \tGetHandleVerifier [0x0x7ff7cb1f86c7+3055959]\nE       \tGetHandleVerifier [0x0x7ff7caf3cfee+191102]\nE       \tGetHandleVerifier [0x0x7ff7caf450af+224063]\nE       \tGetHandleVerifier [0x0x7ff7caf2af64+117236]\nE       \tGetHandleVerifier [0x0x7ff7caf2b119+117673]\nE       \tGetHandleVerifier [0x0x7ff7caf110a8+11064]\nE       \tBaseThreadInitThunk [0x0x7ffe49ed7374+20]\nE       \tRtlUserThreadStart [0x0x7ffe4a1bcc91+33]\n\nvenv\\Lib\\site-packages\\selenium\\webdriver\\remote\\errorhandler.py:232: NoSuchElementException\n--------------------------- Captured stdout teardown ---------------------------\nClosing browser session\n&#34;}]}, &#34;renderCollapsed&#34;: [&#34;passed&#34;], &#34;initialSort&#34;: &#34;result&#34;, &#34;title&#34;: &#34;report.html&#34;}"></div>
    <script>
      (function(){function r(e,n,t){function o(i,f){if(!n[i]){if(!e[i]){var c="function"==typeof require&&require;if(!f&&c)return c(i,!0);if(u)return u(i,!0);var a=new Error("Cannot find module '"+i+"'");throw a.code="MODULE_NOT_FOUND",a}var p=n[i]={exports:{}};e[i][0].call(p.exports,function(r){var n=e[i][1][r];return o(n||r)},p,p.exports,r,e,n,t)}return n[i].exports}for(var u="function"==typeof require&&require,i=0;i<t.length;i++)o(t[i]);return o}return r})()({1:[function(require,module,exports){
const { getCollapsedCategory, setCollapsedIds } = require('./storage.js')

class DataManager {
    setManager(data) {
        const collapsedCategories = [...getCollapsedCategory(data.renderCollapsed)]
        const collapsedIds = []
        const tests = Object.values(data.tests).flat().map((test, index) => {
            const collapsed = collapsedCategories.includes(test.result.toLowerCase())
            const id = `test_${index}`
            if (collapsed) {
                collapsedIds.push(id)
            }
            return {
                ...test,
                id,
                collapsed,
            }
        })
        const dataBlob = { ...data, tests }
        this.data = { ...dataBlob }
        this.renderData = { ...dataBlob }
        setCollapsedIds(collapsedIds)
    }

    get allData() {
        return { ...this.data }
    }

    resetRender() {
        this.renderData = { ...this.data }
    }

    setRender(data) {
        this.renderData.tests = [...data]
    }

    toggleCollapsedItem(id) {
        this.renderData.tests = this.renderData.tests.map((test) =>
            test.id === id ? { ...test, collapsed: !test.collapsed } : test,
        )
    }

    set allCollapsed(collapsed) {
        this.renderData = { ...this.renderData, tests: [...this.renderData.tests.map((test) => (
            { ...test, collapsed }
        ))] }
    }

    get testSubset() {
        return [...this.renderData.tests]
    }

    get environment() {
        return this.renderData.environment
    }

    get initialSort() {
        return this.data.initialSort
    }
}

module.exports = {
    manager: new DataManager(),
}

},{"./storage.js":8}],2:[function(require,module,exports){
const mediaViewer = require('./mediaviewer.js')
const templateEnvRow = document.getElementById('template_environment_row')
const templateResult = document.getElementById('template_results-table__tbody')

function htmlToElements(html) {
    const temp = document.createElement('template')
    temp.innerHTML = html
    return temp.content.childNodes
}

const find = (selector, elem) => {
    if (!elem) {
        elem = document
    }
    return elem.querySelector(selector)
}

const findAll = (selector, elem) => {
    if (!elem) {
        elem = document
    }
    return [...elem.querySelectorAll(selector)]
}

const dom = {
    getStaticRow: (key, value) => {
        const envRow = templateEnvRow.content.cloneNode(true)
        const isObj = typeof value === 'object' && value !== null
        const values = isObj ? Object.keys(value).map((k) => `${k}: ${value[k]}`) : null

        const valuesElement = htmlToElements(
            values ? `<ul>${values.map((val) => `<li>${val}</li>`).join('')}<ul>` : `<div>${value}</div>`)[0]
        const td = findAll('td', envRow)
        td[0].textContent = key
        td[1].appendChild(valuesElement)

        return envRow
    },
    getResultTBody: ({ testId, id, log, extras, resultsTableRow, tableHtml, result, collapsed }) => {
        const resultBody = templateResult.content.cloneNode(true)
        resultBody.querySelector('tbody').classList.add(result.toLowerCase())
        resultBody.querySelector('tbody').id = testId
        resultBody.querySelector('.collapsible').dataset.id = id

        resultsTableRow.forEach((html) => {
            const t = document.createElement('template')
            t.innerHTML = html
            resultBody.querySelector('.collapsible').appendChild(t.content)
        })

        if (log) {
            // Wrap lines starting with "E" with span.error to color those lines red
            const wrappedLog = log.replace(/^E.*$/gm, (match) => `<span class="error">${match}</span>`)
            resultBody.querySelector('.log').innerHTML = wrappedLog
        } else {
            resultBody.querySelector('.log').remove()
        }

        if (collapsed) {
            resultBody.querySelector('.collapsible > td')?.classList.add('collapsed')
            resultBody.querySelector('.extras-row').classList.add('hidden')
        } else {
            resultBody.querySelector('.collapsible > td')?.classList.remove('collapsed')
        }

        const media = []
        extras?.forEach(({ name, format_type, content }) => {
            if (['image', 'video'].includes(format_type)) {
                media.push({ path: content, name, format_type })
            }

            if (format_type === 'html') {
                resultBody.querySelector('.extraHTML').insertAdjacentHTML('beforeend', `<div>${content}</div>`)
            }
        })
        mediaViewer.setup(resultBody, media)

        // Add custom html from the pytest_html_results_table_html hook
        tableHtml?.forEach((item) => {
            resultBody.querySelector('td[class="extra"]').insertAdjacentHTML('beforeend', item)
        })

        return resultBody
    },
}

module.exports = {
    dom,
    htmlToElements,
    find,
    findAll,
}

},{"./mediaviewer.js":6}],3:[function(require,module,exports){
const { manager } = require('./datamanager.js')
const { doSort } = require('./sort.js')
const storageModule = require('./storage.js')

const getFilteredSubSet = (filter) =>
    manager.allData.tests.filter(({ result }) => filter.includes(result.toLowerCase()))

const doInitFilter = () => {
    const currentFilter = storageModule.getVisible()
    const filteredSubset = getFilteredSubSet(currentFilter)
    manager.setRender(filteredSubset)
}

const doFilter = (type, show) => {
    if (show) {
        storageModule.showCategory(type)
    } else {
        storageModule.hideCategory(type)
    }

    const currentFilter = storageModule.getVisible()
    const filteredSubset = getFilteredSubSet(currentFilter)
    manager.setRender(filteredSubset)

    const sortColumn = storageModule.getSort()
    doSort(sortColumn, true)
}

module.exports = {
    doFilter,
    doInitFilter,
}

},{"./datamanager.js":1,"./sort.js":7,"./storage.js":8}],4:[function(require,module,exports){
const { redraw, bindEvents, renderStatic } = require('./main.js')
const { doInitFilter } = require('./filter.js')
const { doInitSort } = require('./sort.js')
const { manager } = require('./datamanager.js')
const data = JSON.parse(document.getElementById('data-container').dataset.jsonblob)

function init() {
    manager.setManager(data)
    doInitFilter()
    doInitSort()
    renderStatic()
    redraw()
    bindEvents()
}

init()

},{"./datamanager.js":1,"./filter.js":3,"./main.js":5,"./sort.js":7}],5:[function(require,module,exports){
const { dom, find, findAll } = require('./dom.js')
const { manager } = require('./datamanager.js')
const { doSort } = require('./sort.js')
const { doFilter } = require('./filter.js')
const {
    getVisible,
    getCollapsedIds,
    setCollapsedIds,
    getSort,
    getSortDirection,
    possibleFilters,
} = require('./storage.js')

const removeChildren = (node) => {
    while (node.firstChild) {
        node.removeChild(node.firstChild)
    }
}

const renderStatic = () => {
    const renderEnvironmentTable = () => {
        const environment = manager.environment
        const rows = Object.keys(environment).map((key) => dom.getStaticRow(key, environment[key]))
        const table = document.getElementById('environment')
        removeChildren(table)
        rows.forEach((row) => table.appendChild(row))
    }
    renderEnvironmentTable()
}

const addItemToggleListener = (elem) => {
    elem.addEventListener('click', ({ target }) => {
        const id = target.parentElement.dataset.id
        manager.toggleCollapsedItem(id)

        const collapsedIds = getCollapsedIds()
        if (collapsedIds.includes(id)) {
            const updated = collapsedIds.filter((item) => item !== id)
            setCollapsedIds(updated)
        } else {
            collapsedIds.push(id)
            setCollapsedIds(collapsedIds)
        }
        redraw()
    })
}

const renderContent = (tests) => {
    const sortAttr = getSort(manager.initialSort)
    const sortAsc = JSON.parse(getSortDirection())
    const rows = tests.map(dom.getResultTBody)
    const table = document.getElementById('results-table')
    const tableHeader = document.getElementById('results-table-head')

    const newTable = document.createElement('table')
    newTable.id = 'results-table'

    // remove all sorting classes and set the relevant
    findAll('.sortable', tableHeader).forEach((elem) => elem.classList.remove('asc', 'desc'))
    tableHeader.querySelector(`.sortable[data-column-type="${sortAttr}"]`)?.classList.add(sortAsc ? 'desc' : 'asc')
    newTable.appendChild(tableHeader)

    if (!rows.length) {
        const emptyTable = document.getElementById('template_results-table__body--empty').content.cloneNode(true)
        newTable.appendChild(emptyTable)
    } else {
        rows.forEach((row) => {
            if (!!row) {
                findAll('.collapsible td:not(.col-links', row).forEach(addItemToggleListener)
                find('.logexpander', row).addEventListener('click',
                    (evt) => evt.target.parentNode.classList.toggle('expanded'),
                )
                newTable.appendChild(row)
            }
        })
    }

    table.replaceWith(newTable)
}

const renderDerived = () => {
    const currentFilter = getVisible()
    possibleFilters.forEach((result) => {
        const input = document.querySelector(`input[data-test-result="${result}"]`)
        input.checked = currentFilter.includes(result)
    })
}

const bindEvents = () => {
    const filterColumn = (evt) => {
        const { target: element } = evt
        const { testResult } = element.dataset

        doFilter(testResult, element.checked)
        const collapsedIds = getCollapsedIds()
        const updated = manager.renderData.tests.map((test) => {
            return {
                ...test,
                collapsed: collapsedIds.includes(test.id),
            }
        })
        manager.setRender(updated)
        redraw()
    }

    const header = document.getElementById('environment-header')
    header.addEventListener('click', () => {
        const table = document.getElementById('environment')
        table.classList.toggle('hidden')
        header.classList.toggle('collapsed')
    })

    findAll('input[name="filter_checkbox"]').forEach((elem) => {
        elem.addEventListener('click', filterColumn)
    })

    findAll('.sortable').forEach((elem) => {
        elem.addEventListener('click', (evt) => {
            const { target: element } = evt
            const { columnType } = element.dataset
            doSort(columnType)
            redraw()
        })
    })

    document.getElementById('show_all_details').addEventListener('click', () => {
        manager.allCollapsed = false
        setCollapsedIds([])
        redraw()
    })
    document.getElementById('hide_all_details').addEventListener('click', () => {
        manager.allCollapsed = true
        const allIds = manager.renderData.tests.map((test) => test.id)
        setCollapsedIds(allIds)
        redraw()
    })
}

const redraw = () => {
    const { testSubset } = manager

    renderContent(testSubset)
    renderDerived()
}

module.exports = {
    redraw,
    bindEvents,
    renderStatic,
}

},{"./datamanager.js":1,"./dom.js":2,"./filter.js":3,"./sort.js":7,"./storage.js":8}],6:[function(require,module,exports){
class MediaViewer {
    constructor(assets) {
        this.assets = assets
        this.index = 0
    }

    nextActive() {
        this.index = this.index === this.assets.length - 1 ? 0 : this.index + 1
        return [this.activeFile, this.index]
    }

    prevActive() {
        this.index = this.index === 0 ? this.assets.length - 1 : this.index -1
        return [this.activeFile, this.index]
    }

    get currentIndex() {
        return this.index
    }

    get activeFile() {
        return this.assets[this.index]
    }
}


const setup = (resultBody, assets) => {
    if (!assets.length) {
        resultBody.querySelector('.media').classList.add('hidden')
        return
    }

    const mediaViewer = new MediaViewer(assets)
    const container = resultBody.querySelector('.media-container')
    const leftArrow = resultBody.querySelector('.media-container__nav--left')
    const rightArrow = resultBody.querySelector('.media-container__nav--right')
    const mediaName = resultBody.querySelector('.media__name')
    const counter = resultBody.querySelector('.media__counter')
    const imageEl = resultBody.querySelector('img')
    const sourceEl = resultBody.querySelector('source')
    const videoEl = resultBody.querySelector('video')

    const setImg = (media, index) => {
        if (media?.format_type === 'image') {
            imageEl.src = media.path

            imageEl.classList.remove('hidden')
            videoEl.classList.add('hidden')
        } else if (media?.format_type === 'video') {
            sourceEl.src = media.path

            videoEl.classList.remove('hidden')
            imageEl.classList.add('hidden')
        }

        mediaName.innerText = media?.name
        counter.innerText = `${index + 1} / ${assets.length}`
    }
    setImg(mediaViewer.activeFile, mediaViewer.currentIndex)

    const moveLeft = () => {
        const [media, index] = mediaViewer.prevActive()
        setImg(media, index)
    }
    const doRight = () => {
        const [media, index] = mediaViewer.nextActive()
        setImg(media, index)
    }
    const openImg = () => {
        window.open(mediaViewer.activeFile.path, '_blank')
    }
    if (assets.length === 1) {
        container.classList.add('media-container--fullscreen')
    } else {
        leftArrow.addEventListener('click', moveLeft)
        rightArrow.addEventListener('click', doRight)
    }
    imageEl.addEventListener('click', openImg)
}

module.exports = {
    setup,
}

},{}],7:[function(require,module,exports){
const { manager } = require('./datamanager.js')
const storageModule = require('./storage.js')

const genericSort = (list, key, ascending, customOrder) => {
    let sorted
    if (customOrder) {
        sorted = list.sort((a, b) => {
            const aValue = a.result.toLowerCase()
            const bValue = b.result.toLowerCase()

            const aIndex = customOrder.findIndex((item) => item.toLowerCase() === aValue)
            const bIndex = customOrder.findIndex((item) => item.toLowerCase() === bValue)

            // Compare the indices to determine the sort order
            return aIndex - bIndex
        })
    } else {
        sorted = list.sort((a, b) => a[key] === b[key] ? 0 : a[key] > b[key] ? 1 : -1)
    }

    if (ascending) {
        sorted.reverse()
    }
    return sorted
}

const durationSort = (list, ascending) => {
    const parseDuration = (duration) => {
        if (duration.includes(':')) {
            // If it's in the format "HH:mm:ss"
            const [hours, minutes, seconds] = duration.split(':').map(Number)
            return (hours * 3600 + minutes * 60 + seconds) * 1000
        } else {
            // If it's in the format "nnn ms"
            return parseInt(duration)
        }
    }
    const sorted = list.sort((a, b) => parseDuration(a['duration']) - parseDuration(b['duration']))
    if (ascending) {
        sorted.reverse()
    }
    return sorted
}

const doInitSort = () => {
    const type = storageModule.getSort(manager.initialSort)
    const ascending = storageModule.getSortDirection()
    const list = manager.testSubset
    const initialOrder = ['Error', 'Failed', 'Rerun', 'XFailed', 'XPassed', 'Skipped', 'Passed']

    storageModule.setSort(type)
    storageModule.setSortDirection(ascending)

    if (type?.toLowerCase() === 'original') {
        manager.setRender(list)
    } else {
        let sortedList
        switch (type) {
        case 'duration':
            sortedList = durationSort(list, ascending)
            break
        case 'result':
            sortedList = genericSort(list, type, ascending, initialOrder)
            break
        default:
            sortedList = genericSort(list, type, ascending)
            break
        }
        manager.setRender(sortedList)
    }
}

const doSort = (type, skipDirection) => {
    const newSortType = storageModule.getSort(manager.initialSort) !== type
    const currentAsc = storageModule.getSortDirection()
    let ascending
    if (skipDirection) {
        ascending = currentAsc
    } else {
        ascending = newSortType ? false : !currentAsc
    }
    storageModule.setSort(type)
    storageModule.setSortDirection(ascending)

    const list = manager.testSubset
    const sortedList = type === 'duration' ? durationSort(list, ascending) : genericSort(list, type, ascending)
    manager.setRender(sortedList)
}

module.exports = {
    doInitSort,
    doSort,
}

},{"./datamanager.js":1,"./storage.js":8}],8:[function(require,module,exports){
const possibleFilters = [
    'passed',
    'skipped',
    'failed',
    'error',
    'xfailed',
    'xpassed',
    'rerun',
]

const getVisible = () => {
    const url = new URL(window.location.href)
    const settings = new URLSearchParams(url.search).get('visible')
    const lower = (item) => {
        const lowerItem = item.toLowerCase()
        if (possibleFilters.includes(lowerItem)) {
            return lowerItem
        }
        return null
    }
    return settings === null ?
        possibleFilters :
        [...new Set(settings?.split(',').map(lower).filter((item) => item))]
}

const hideCategory = (categoryToHide) => {
    const url = new URL(window.location.href)
    const visibleParams = new URLSearchParams(url.search).get('visible')
    const currentVisible = visibleParams ? visibleParams.split(',') : [...possibleFilters]
    const settings = [...new Set(currentVisible)].filter((f) => f !== categoryToHide).join(',')

    url.searchParams.set('visible', settings)
    window.history.pushState({}, null, unescape(url.href))
}

const showCategory = (categoryToShow) => {
    if (typeof window === 'undefined') {
        return
    }
    const url = new URL(window.location.href)
    const currentVisible = new URLSearchParams(url.search).get('visible')?.split(',').filter(Boolean) ||
        [...possibleFilters]
    const settings = [...new Set([categoryToShow, ...currentVisible])]
    const noFilter = possibleFilters.length === settings.length || !settings.length

    noFilter ? url.searchParams.delete('visible') : url.searchParams.set('visible', settings.join(','))
    window.history.pushState({}, null, unescape(url.href))
}

const getSort = (initialSort) => {
    const url = new URL(window.location.href)
    let sort = new URLSearchParams(url.search).get('sort')
    if (!sort) {
        sort = initialSort || 'result'
    }
    return sort
}

const setSort = (type) => {
    const url = new URL(window.location.href)
    url.searchParams.set('sort', type)
    window.history.pushState({}, null, unescape(url.href))
}

const getCollapsedCategory = (renderCollapsed) => {
    let categories
    if (typeof window !== 'undefined') {
        const url = new URL(window.location.href)
        const collapsedItems = new URLSearchParams(url.search).get('collapsed')
        switch (true) {
        case !renderCollapsed && collapsedItems === null:
            categories = ['passed']
            break
        case collapsedItems?.length === 0 || /^["']{2}$/.test(collapsedItems):
            categories = []
            break
        case /^all$/.test(collapsedItems) || collapsedItems === null && /^all$/.test(renderCollapsed):
            categories = [...possibleFilters]
            break
        default:
            categories = collapsedItems?.split(',').map((item) => item.toLowerCase()) || renderCollapsed
            break
        }
    } else {
        categories = []
    }
    return categories
}

const getSortDirection = () => JSON.parse(sessionStorage.getItem('sortAsc')) || false
const setSortDirection = (ascending) => sessionStorage.setItem('sortAsc', ascending)

const getCollapsedIds = () => JSON.parse(sessionStorage.getItem('collapsedIds')) || []
const setCollapsedIds = (list) => sessionStorage.setItem('collapsedIds', JSON.stringify(list))

module.exports = {
    getVisible,
    hideCategory,
    showCategory,
    getCollapsedIds,
    setCollapsedIds,
    getSort,
    setSort,
    getSortDirection,
    setSortDirection,
    getCollapsedCategory,
    possibleFilters,
}

},{}]},{},[4]);
    </script>
  </footer>
</html>